W0423 06:42:08.486000 118494 site-packages/torch/distributed/run.py:851] 
W0423 06:42:08.486000 118494 site-packages/torch/distributed/run.py:851] *****************************************
W0423 06:42:08.486000 118494 site-packages/torch/distributed/run.py:851] Setting OMP_NUM_THREADS environment variable for each process to be 1 in default, to avoid your system being overloaded, please further tune the variable for optimal performance in your application as needed. 
W0423 06:42:08.486000 118494 site-packages/torch/distributed/run.py:851] *****************************************
[rank0]:[titan] 2026-04-23 06:42:14,301 - root - INFO - torchtitan version: 0.2.2 (0.0.0 means __version__ is not defined correctly).
[rank0]:[titan] 2026-04-23 06:42:15,475 - root - WARNING - ENV[TORCH_NCCL_ASYNC_ERROR_HANDLING] = 1 will be overridden to 3 based on job config
[rank0]:[titan] 2026-04-23 06:42:15,479 - root - INFO - Building device mesh with parallelism: pp=1, dp_replicate=1, dp_shard=4, cp=1, tp=1, ep=1, etp=1
[rank0]:[titan] 2026-04-23 06:42:15,492 - root - INFO - Successfully created meshes with active dimensions: ['batch', 'loss', 'fsdp', 'efsdp']
[rank0]:[titan] 2026-04-23 06:42:15,493 - root - INFO - [GC] Initial GC collection took 0.00 seconds
[rank0]:[titan] 2026-04-23 06:42:16,067 - root - INFO - Loading tokenizer from tokenizer.json
[rank0]:[titan] 2026-04-23 06:42:16,442 - root - INFO - Preparing c4 dataset from allenai/c4
[rank0]:[titan] 2026-04-23 06:42:16,593 - httpx - INFO - HTTP Request: HEAD https://huggingface.co/datasets/allenai/c4/resolve/main/README.md "HTTP/1.1 307 Temporary Redirect"
[rank0]:[titan] 2026-04-23 06:42:16,615 - httpx - INFO - HTTP Request: HEAD https://huggingface.co/api/resolve-cache/datasets/allenai/c4/1588ec454efa1a09f29cd18ddd04fe05fc8653a2/README.md "HTTP/1.1 200 OK"
[rank0]:Warning: You are sending unauthenticated requests to the HF Hub. Please set a HF_TOKEN to enable higher rate limits and faster downloads.
[rank0]:[titan] 2026-04-23 06:42:16,709 - httpx - INFO - HTTP Request: HEAD https://huggingface.co/datasets/allenai/c4/resolve/1588ec454efa1a09f29cd18ddd04fe05fc8653a2/c4.py "HTTP/1.1 404 Not Found"
[rank0]:[titan] 2026-04-23 06:42:16,710 - huggingface_hub.utils._http - WARNING - Warning: You are sending unauthenticated requests to the HF Hub. Please set a HF_TOKEN to enable higher rate limits and faster downloads.
[rank0]:[titan] 2026-04-23 06:42:17,025 - httpx - INFO - HTTP Request: HEAD https://s3.amazonaws.com/datasets.huggingface.co/datasets/datasets/allenai/c4/allenai/c4.py "HTTP/1.1 404 Not Found"
[rank0]:[titan] 2026-04-23 06:42:17,269 - httpx - INFO - HTTP Request: GET https://huggingface.co/api/datasets/allenai/c4/revision/1588ec454efa1a09f29cd18ddd04fe05fc8653a2 "HTTP/1.1 200 OK"
[rank0]:[titan] 2026-04-23 06:42:17,549 - httpx - INFO - HTTP Request: HEAD https://huggingface.co/datasets/allenai/c4/resolve/1588ec454efa1a09f29cd18ddd04fe05fc8653a2/.huggingface.yaml "HTTP/1.1 404 Not Found"
[rank0]:[titan] 2026-04-23 06:42:17,737 - httpx - INFO - HTTP Request: GET https://datasets-server.huggingface.co/info?dataset=allenai/c4 "HTTP/1.1 200 OK"
[rank0]:[titan] 2026-04-23 06:42:17,935 - httpx - INFO - HTTP Request: GET https://huggingface.co/api/datasets/allenai/c4/tree/1588ec454efa1a09f29cd18ddd04fe05fc8653a2/en?recursive=true&expand=false "HTTP/1.1 200 OK"
[rank0]:[titan] 2026-04-23 06:42:18,078 - httpx - INFO - HTTP Request: GET https://huggingface.co/api/datasets/allenai/c4/tree/1588ec454efa1a09f29cd18ddd04fe05fc8653a2/en?expand=false&recursive=true&limit=1000&cursor=ZXlKbWFXeGxYMjVoYldVaU9pSmxiaTlqTkMxMGNtRnBiaTR3TURrNU9TMXZaaTB3TVRBeU5DNXFjMjl1TG1kNklpd2lkSEpsWlY5dmFXUWlPaUprWXprME0yTTBZelF3WmpVelpEQXlZak14WTJWa01XUmxabUUzWlRWbU5ETTRaRFU0TmpKbEluMD06MTAwMA%3D%3D "HTTP/1.1 200 OK"
[rank0]:[titan] 2026-04-23 06:42:18,181 - httpx - INFO - HTTP Request: GET https://huggingface.co/api/datasets/allenai/c4/tree/1588ec454efa1a09f29cd18ddd04fe05fc8653a2?recursive=false&expand=false "HTTP/1.1 200 OK"
[rank0]:[titan] 2026-04-23 06:42:18,422 - httpx - INFO - HTTP Request: HEAD https://huggingface.co/datasets/allenai/c4/resolve/1588ec454efa1a09f29cd18ddd04fe05fc8653a2/dataset_infos.json "HTTP/1.1 404 Not Found"
[rank0]:[titan] 2026-04-23 06:42:18,545 - root - INFO - Building kimi_linear kimi_linear_194m_baseline with {
[rank0]:  "vocab_size": 163840,
[rank0]:  "hidden_size": 896,
[rank0]:  "tie_word_embeddings": true,
[rank0]:  "num_hidden_layers": 12,
[rank0]:  "intermediate_size": 400,
[rank0]:  "num_attention_heads": 12,
[rank0]:  "num_key_value_heads": 12,
[rank0]:  "q_lora_rank": null,
[rank0]:  "kv_lora_rank": 448,
[rank0]:  "qk_nope_head_dim": 74,
[rank0]:  "qk_rope_head_dim": 37,
[rank0]:  "v_head_dim": 74,
[rank0]:  "mla_use_nope": true,
[rank0]:  "rope_theta": 10000.0,
[rank0]:  "kda_num_heads": 12,
[rank0]:  "kda_head_dim": 74,
[rank0]:  "kda_short_conv_kernel_size": 4,
[rank0]:  "kda_layers": [
[rank0]:    1,
[rank0]:    2,
[rank0]:    3,
[rank0]:    5,
[rank0]:    6,
[rank0]:    7,
[rank0]:    9,
[rank0]:    10,
[rank0]:    11
[rank0]:  ],
[rank0]:  "full_attn_layers": [
[rank0]:    4,
[rank0]:    8,
[rank0]:    12
[rank0]:  ],
[rank0]:  "num_experts": 32,
[rank0]:  "num_experts_per_token": 8,
[rank0]:  "moe_intermediate_size": 400,
[rank0]:  "moe_renormalize": true,
[rank0]:  "moe_router_activation_func": "sigmoid",
[rank0]:  "num_shared_experts": 1,
[rank0]:  "routed_scaling_factor": 2.446,
[rank0]:  "first_k_dense_replace": 1,
[rank0]:  "moe_layer_freq": 1,
[rank0]:  "use_grouped_topk": false,
[rank0]:  "num_expert_group": 1,
[rank0]:  "topk_group": 1,
[rank0]:  "rms_norm_eps": 1e-05,
[rank0]:  "hidden_act": "silu",
[rank0]:  "initializer_range": 0.02,
[rank0]:  "__spec__": {
[rank0]:    "num_blocks": null,
[rank0]:    "model_class": "KimiLinearModel"
[rank0]:  }
[rank0]:}
[rank0]:[titan] 2026-04-23 06:42:18,573 - root - INFO - TensorBoard logging enabled. Logs will be saved at /root/torchtitan_attention_residual/phase4/runs/kimi_linear_194m_baseline_fsdp/tb/20260423-0642
[rank0]:[titan] 2026-04-23 06:42:18,573 - root - INFO - CUDA capacity: NVIDIA GeForce RTX 5090 with 31.35GiB memory
[rank0]:[titan] 2026-04-23 06:42:18,575 - root - WARNING - Error running lspci: [Errno 2] No such file or directory: 'lspci', fallback to use device_name
[rank0]:[titan] 2026-04-23 06:42:18,575 - root - WARNING - Peak flops undefined for: NVIDIA GeForce RTX 5090, fallback to A100
[rank0]:[titan] 2026-04-23 06:42:18,576 - root - INFO - [34mModel kimi_linear kimi_linear_194m_baseline [31msize: 579,391,614 total parameters[39m
[rank0]:[titan] 2026-04-23 06:42:18,663 - root - INFO - Applied FSDP2 to Kimi Linear model (dp_shard=4, dp_replicate=1).
[rank0]:[titan] 2026-04-23 06:42:18,762 - root - WARNING - Error running lspci: [Errno 2] No such file or directory: 'lspci', fallback to use device_name
[rank0]:[titan] 2026-04-23 06:42:18,762 - root - WARNING - Peak flops undefined for: NVIDIA GeForce RTX 5090, fallback to A100
[rank0]:[titan] 2026-04-23 06:42:18,762 - root - INFO - Peak FLOPS used for computing MFU: 3.120e+14
[rank0]:[titan] 2026-04-23 06:42:18,762 - root - INFO - CUDA memory usage for model: 0.69GiB(2.21%)
[rank0]:[titan] 2026-04-23 06:42:18,764 - root - WARNING - Warmup steps (500) exceed total steps (10). Adjusting warmup steps to 10.
[rank0]:[titan] 2026-04-23 06:42:18,764 - root - WARNING - Warmup (10) + decay (8) steps exceed total steps (10). Adjusting decay steps to 0.
[rank0]:[titan] 2026-04-23 06:42:18,778 - root - INFO - Checkpointing active. Checkpoints will be loaded from and saved to /root/torchtitan_attention_residual/phase4/runs/kimi_linear_194m_baseline_fsdp/checkpoint
[rank0]:[titan] 2026-04-23 06:42:18,778 - root - INFO - Trainer is initialized with local batch size 1, global batch size 4, gradient accumulation steps 1, sequence length 2048, total steps 10 (warmup 500)
[rank0]:[titan] 2026-04-23 06:42:18,778 - root - INFO - Training starts at step 1
[rank0]:[titan] 2026-04-23 06:42:18,923 - httpx - INFO - HTTP Request: GET https://huggingface.co/api/datasets/allenai/c4/revision/1588ec454efa1a09f29cd18ddd04fe05fc8653a2 "HTTP/1.1 200 OK"
[rank0]:[titan] 2026-04-23 06:42:19,210 - httpx - INFO - HTTP Request: GET https://huggingface.co/api/datasets/allenai/c4/tree/1588ec454efa1a09f29cd18ddd04fe05fc8653a2/en?recursive=false&expand=false "HTTP/1.1 200 OK"
[rank0]:[titan] 2026-04-23 06:42:19,362 - httpx - INFO - HTTP Request: GET https://huggingface.co/api/datasets/allenai/c4/tree/1588ec454efa1a09f29cd18ddd04fe05fc8653a2/en?expand=false&recursive=false&limit=1000&cursor=ZXlKbWFXeGxYMjVoYldVaU9pSmxiaTlqTkMxMGNtRnBiaTR3TURrNU9TMXZaaTB3TVRBeU5DNXFjMjl1TG1kNklpd2lkSEpsWlY5dmFXUWlPaUprWXprME0yTTBZelF3WmpVelpEQXlZak14WTJWa01XUmxabUUzWlRWbU5ETTRaRFU0TmpKbEluMD06MTAwMA%3D%3D "HTTP/1.1 200 OK"
[rank0]:[titan] 2026-04-23 06:42:19,469 - httpx - INFO - HTTP Request: GET https://huggingface.co/datasets/allenai/c4/resolve/1588ec454efa1a09f29cd18ddd04fe05fc8653a2/en/c4-train.00000-of-01024.json.gz "HTTP/1.1 302 Found"
[rank0]:[titan] 2026-04-23 06:42:19,539 - httpx - INFO - HTTP Request: GET https://cas-bridge.xethub.hf.co/xet-bridge-us/621ffdd236468d709f182a80/6656aac078668b0d5feb1cfb7b04def05bff73e7e375d0a66e252827336ac1a8?X-Amz-Algorithm=AWS4-HMAC-SHA256&X-Amz-Content-Sha256=UNSIGNED-PAYLOAD&X-Amz-Credential=cas%2F20260423%2Fus-east-1%2Fs3%2Faws4_request&X-Amz-Date=20260423T063235Z&X-Amz-Expires=3600&X-Amz-Signature=da0a829f1fa1c38294cabaa8619e2d5cf6ef4f56fe1fbb307b4fa8215bbced7c&X-Amz-SignedHeaders=host&X-Xet-Cas-Uid=public&response-content-disposition=inline%3B+filename*%3DUTF-8%27%27c4-train.00000-of-01024.json.gz%3B+filename%3D%22c4-train.00000-of-01024.json.gz%22%3B&response-content-type=application%2Fgzip&x-amz-checksum-mode=ENABLED&x-id=GetObject&Expires=1776929555&Policy=eyJTdGF0ZW1lbnQiOlt7IkNvbmRpdGlvbiI6eyJEYXRlTGVzc1RoYW4iOnsiQVdTOkVwb2NoVGltZSI6MTc3NjkyOTU1NX19LCJSZXNvdXJjZSI6Imh0dHBzOi8vY2FzLWJyaWRnZS54ZXRodWIuaGYuY28veGV0LWJyaWRnZS11cy82MjFmZmRkMjM2NDY4ZDcwOWYxODJhODAvNjY1NmFhYzA3ODY2OGIwZDVmZWIxY2ZiN2IwNGRlZjA1YmZmNzNlN2UzNzVkMGE2NmUyNTI4MjczMzZhYzFhOCoifV19&Signature=Sk5PqY8tWkNUUKdiMAeKSbSi-vIQsY0oQN70FuZ4oMQoEW5jfcIvvmyN1m-HzjrFqfftRpOuwhwxd7tFUAUo-tYTjPMsVscJuDpggS9yWeDxZjLZSMlXJEeRI34i5JZG2f%7E7p6pNGZ9zKJO2jS8ZwoMUP3BI0dyAldsdTWoMrXar3QMnRy3PELHf-iZOgfRRbL6smDNu5OwfYcpCDMR3BMFx37ijGGIvyH8h62tqFTbNahsA-JfWnDNULHZ3TwkwIiVeomhCTVz6g6-flEfQ5CPXtPrCAAGPxjd8Ay-gV8xPifSsc5fEnqBOd%7ER4nwouuyvqod-Rd1lIzUjO5yBUAg__&Key-Pair-Id=K2L8F4GPSG1IFC "HTTP/1.1 206 Partial Content"
[rank0]:[titan] 2026-04-23 06:42:22,749 - root - INFO - [31mstep:  1  [32mloss: 12.00665  [38;2;180;60;0mgrad_norm:  0.0025  [38;2;54;234;195mmemory:  9.30GiB(29.67%)  [34mtps: 491  [36mtflops: 3,494.38  [35mmfu: 1119.99%[39m
[rank0]:[titan] 2026-04-23 06:42:22,749 - root - INFO - Synchronizing and adjusting timeout for all ProcessGroups to 0:01:40
[rank0]:/root/torchtitan_attention_residual/torchtitan/torchtitan/distributed/utils.py:437: UserWarning: Set timeout is now only supported for either nccl or gloo.
[rank0]:  torch.distributed.distributed_c10d._set_pg_timeout(timeout, group)
[rank0]:[titan] 2026-04-23 06:42:28,614 - root - INFO - [31mstep: 10  [32mloss: 11.99589  [38;2;180;60;0mgrad_norm:  0.0109  [38;2;54;234;195mmemory: 10.32GiB(32.92%)  [34mtps: 3,143  [36mtflops: 22,379.25  [35mmfu: 7172.84%[39m
[rank0]:[titan] 2026-04-23 06:42:28,615 - root - INFO - Saving the checkpoint (or staging if async is enabled).
[rank0]:[titan] 2026-04-23 06:42:28,615 - root - INFO - Saving a full checkpoint at last step, step 10.
[rank0]:[titan] 2026-04-23 06:42:34,279 - root - INFO - [GC] GC collection invoked by checkpointer. took 0.03 seconds
[rank0]:[titan] 2026-04-23 06:42:34,281 - root - INFO - Sleeping 2 seconds for other ranks to complete
[rank0]:[titan] 2026-04-23 06:42:36,282 - root - INFO - Training completed
[rank0]:[titan] 2026-04-23 06:42:36,282 - root - INFO - Destroying the purge thread.
[rank0]:[titan] 2026-04-23 06:42:36,533 - root - INFO - Process group destroyed
