W0506 10:03:49.903000 2306095 site-packages/torch/distributed/run.py:851] 
W0506 10:03:49.903000 2306095 site-packages/torch/distributed/run.py:851] *****************************************
W0506 10:03:49.903000 2306095 site-packages/torch/distributed/run.py:851] Setting OMP_NUM_THREADS environment variable for each process to be 1 in default, to avoid your system being overloaded, please further tune the variable for optimal performance in your application as needed. 
W0506 10:03:49.903000 2306095 site-packages/torch/distributed/run.py:851] *****************************************
[infer] world=8 rank=0 device=cuda:0
[infer] mesh: FSDP=4 TP=2 EP=2 (PP=1, CP=1)
[rank4]:W0506 10:04:05.329000 2306168 site-packages/torch/distributed/tensor/_random.py:212] DTensor is synchronizing RNG states of every rank with the state from rank 0. This behavior is deprecated. Please call `torch.manual_seed()` on every rank that participates in SPMD DTensor Operations with the same seed. If using Pipeline Parallelism, each pipeling state would use a different seed, but all ranks belonging to one pipeline stage would use the same seed.
[rank6]:W0506 10:04:05.329000 2306170 site-packages/torch/distributed/tensor/_random.py:212] DTensor is synchronizing RNG states of every rank with the state from rank 0. This behavior is deprecated. Please call `torch.manual_seed()` on every rank that participates in SPMD DTensor Operations with the same seed. If using Pipeline Parallelism, each pipeling state would use a different seed, but all ranks belonging to one pipeline stage would use the same seed.
[rank7]:W0506 10:04:05.330000 2306171 site-packages/torch/distributed/tensor/_random.py:212] DTensor is synchronizing RNG states of every rank with the state from rank 0. This behavior is deprecated. Please call `torch.manual_seed()` on every rank that participates in SPMD DTensor Operations with the same seed. If using Pipeline Parallelism, each pipeling state would use a different seed, but all ranks belonging to one pipeline stage would use the same seed.
[rank2]:W0506 10:04:05.330000 2306166 site-packages/torch/distributed/tensor/_random.py:212] DTensor is synchronizing RNG states of every rank with the state from rank 0. This behavior is deprecated. Please call `torch.manual_seed()` on every rank that participates in SPMD DTensor Operations with the same seed. If using Pipeline Parallelism, each pipeling state would use a different seed, but all ranks belonging to one pipeline stage would use the same seed.
[rank3]:W0506 10:04:05.330000 2306167 site-packages/torch/distributed/tensor/_random.py:212] DTensor is synchronizing RNG states of every rank with the state from rank 0. This behavior is deprecated. Please call `torch.manual_seed()` on every rank that participates in SPMD DTensor Operations with the same seed. If using Pipeline Parallelism, each pipeling state would use a different seed, but all ranks belonging to one pipeline stage would use the same seed.
[rank1]:W0506 10:04:05.331000 2306165 site-packages/torch/distributed/tensor/_random.py:212] DTensor is synchronizing RNG states of every rank with the state from rank 0. This behavior is deprecated. Please call `torch.manual_seed()` on every rank that participates in SPMD DTensor Operations with the same seed. If using Pipeline Parallelism, each pipeling state would use a different seed, but all ranks belonging to one pipeline stage would use the same seed.
[rank5]:W0506 10:04:05.332000 2306169 site-packages/torch/distributed/tensor/_random.py:212] DTensor is synchronizing RNG states of every rank with the state from rank 0. This behavior is deprecated. Please call `torch.manual_seed()` on every rank that participates in SPMD DTensor Operations with the same seed. If using Pipeline Parallelism, each pipeling state would use a different seed, but all ranks belonging to one pipeline stage would use the same seed.
[infer] loading DCP from /root/torchtitan_attention_residual/phase4/runs/kimi_436m_block_attn_res_fsdp/checkpoint/step-8000 (state_dict keys: 424)
[infer] loading DCP from /root/torchtitan_attention_residual/phase4/runs/kimi_436m_block_attn_res_fsdp/checkpoint/step-8000 (state_dict keys: 424)
[infer] loading DCP from /root/torchtitan_attention_residual/phase4/runs/kimi_436m_block_attn_res_fsdp/checkpoint/step-8000 (state_dict keys: 424)
[infer] loading DCP from /root/torchtitan_attention_residual/phase4/runs/kimi_436m_block_attn_res_fsdp/checkpoint/step-8000 (state_dict keys: 424)
[infer] loading DCP from /root/torchtitan_attention_residual/phase4/runs/kimi_436m_block_attn_res_fsdp/checkpoint/step-8000 (state_dict keys: 424)
[infer] loading DCP from /root/torchtitan_attention_residual/phase4/runs/kimi_436m_block_attn_res_fsdp/checkpoint/step-8000 (state_dict keys: 424)
[infer] loading DCP from /root/torchtitan_attention_residual/phase4/runs/kimi_436m_block_attn_res_fsdp/checkpoint/step-8000 (state_dict keys: 424)
[infer] loading DCP from /root/torchtitan_attention_residual/phase4/runs/kimi_436m_block_attn_res_fsdp/checkpoint/step-8000 (state_dict keys: 424)
[infer] model params: 1,393,005,756
[infer] starting 200 forward batches (micro_bs=4, seq_len=1024)
[infer] step=  5/200 logits_max=18.12 t=3.1s
[infer] step= 10/200 logits_max=19.62 t=4.5s
[infer] step= 15/200 logits_max=18.25 t=6.0s
[infer] step= 20/200 logits_max=19.62 t=7.4s
[infer] step= 25/200 logits_max=19.25 t=8.8s
[infer] step= 30/200 logits_max=20.38 t=10.2s
[infer] step= 35/200 logits_max=18.50 t=11.5s
[infer] step= 40/200 logits_max=19.25 t=12.9s
[infer] step= 45/200 logits_max=19.50 t=14.2s
[infer] step= 50/200 logits_max=19.38 t=15.6s
[infer] step= 55/200 logits_max=20.12 t=16.9s
[infer] step= 60/200 logits_max=18.62 t=18.3s
[infer] step= 65/200 logits_max=20.25 t=19.6s
[infer] step= 70/200 logits_max=18.62 t=20.9s
[infer] step= 75/200 logits_max=18.12 t=22.3s
[infer] step= 80/200 logits_max=20.38 t=23.6s
[infer] step= 85/200 logits_max=18.50 t=25.0s
[infer] step= 90/200 logits_max=19.38 t=26.3s
[infer] step= 95/200 logits_max=19.00 t=27.7s
[infer] step=100/200 logits_max=19.38 t=29.0s
[infer] step=105/200 logits_max=18.62 t=30.4s
[infer] step=110/200 logits_max=20.75 t=31.7s
[infer] step=115/200 logits_max=19.38 t=33.0s
[infer] step=120/200 logits_max=18.75 t=34.4s
[infer] step=125/200 logits_max=20.25 t=35.7s
[infer] step=130/200 logits_max=19.25 t=37.1s
[infer] step=135/200 logits_max=17.38 t=38.4s
[infer] step=140/200 logits_max=20.00 t=39.8s
[infer] step=145/200 logits_max=19.12 t=41.1s
[infer] step=150/200 logits_max=21.38 t=42.4s
[infer] step=155/200 logits_max=24.00 t=43.8s
[infer] step=160/200 logits_max=19.00 t=45.1s
[infer] step=165/200 logits_max=19.00 t=46.5s
[infer] step=170/200 logits_max=20.00 t=47.8s
[infer] step=175/200 logits_max=23.25 t=49.1s
[infer] step=180/200 logits_max=19.12 t=50.5s
[infer] step=185/200 logits_max=19.38 t=51.8s
[infer] step=190/200 logits_max=18.25 t=53.2s
[infer] step=195/200 logits_max=19.38 t=54.5s
[infer] step=200/200 logits_max=17.75 t=55.9s
[infer] DONE 200 steps in 55.9s
/venv/main/lib/python3.14/site-packages/torch/distributed/c10d_logger.py:83: UserWarning: barrier(): using the device under current context. You can specify `device_id` in `init_process_group` to mute this warning.
  return func(*args, **kwargs)
