[Sat May  9 12:06:17 AM UTC 2026] orchestrator START
[Sat May  9 12:11:17 AM UTC 2026] pretrain at step 146 / 2500 ...
[Sat May  9 12:16:17 AM UTC 2026] pretrain at step 271 / 2500 ...
[Sat May  9 12:21:17 AM UTC 2026] pretrain at step 404 / 2500 ...
[Sat May  9 12:26:17 AM UTC 2026] pretrain at step 529 / 2500 ...
[Sat May  9 12:31:17 AM UTC 2026] pretrain at step 662 / 2500 ...
[Sat May  9 12:36:17 AM UTC 2026] pretrain at step 772 / 2500 ...
[Sat May  9 12:41:17 AM UTC 2026] pretrain at step 905 / 2500 ...
[Sat May  9 12:46:17 AM UTC 2026] pretrain at step 1028 / 2500 ...
[Sat May  9 12:51:17 AM UTC 2026] pretrain at step 1161 / 2500 ...
[Sat May  9 12:56:17 AM UTC 2026] pretrain at step 1271 / 2500 ...
[Sat May  9 01:01:17 AM UTC 2026] pretrain at step 1306 / 2500 ...
[Sat May  9 01:06:17 AM UTC 2026] pretrain at step 1438 / 2500 ...
[Sat May  9 01:11:17 AM UTC 2026] pretrain at step 1559 / 2500 ...
[Sat May  9 01:16:17 AM UTC 2026] pretrain at step 1692 / 2500 ...
[Sat May  9 01:21:18 AM UTC 2026] pretrain at step 1802 / 2500 ...
[Sat May  9 01:26:18 AM UTC 2026] pretrain at step 1935 / 2500 ...
[Sat May  9 01:31:18 AM UTC 2026] pretrain at step 2049 / 2500 ...
[Sat May  9 01:36:18 AM UTC 2026] pretrain at step 2181 / 2500 ...
[Sat May  9 01:41:18 AM UTC 2026] pretrain at step 2293 / 2500 ...
[Sat May  9 01:46:18 AM UTC 2026] pretrain at step 2425 / 2500 ...
[Sat May  9 01:46:18 AM UTC 2026] pretrain reached step 2500 → proceeding
[Sat May  9 01:46:18 AM UTC 2026] using pretrain ckpt: /root/torchtitan_attention_residual/phase5/runs/v_fsdp8_447m_aligned_continue_from_step12500/checkpoint/step-2500
[Sat May  9 02:00:21 AM UTC 2026] SFT done rc=1
[Sat May  9 02:00:21 AM UTC 2026] orchestrator END
