W0506 09:58:54.377000 2304212 site-packages/torch/distributed/run.py:851] 
W0506 09:58:54.377000 2304212 site-packages/torch/distributed/run.py:851] *****************************************
W0506 09:58:54.377000 2304212 site-packages/torch/distributed/run.py:851] Setting OMP_NUM_THREADS environment variable for each process to be 1 in default, to avoid your system being overloaded, please further tune the variable for optimal performance in your application as needed. 
W0506 09:58:54.377000 2304212 site-packages/torch/distributed/run.py:851] *****************************************
[two_phase_real] world=8 rank=0
[rank4]:W0506 09:59:11.017000 2304285 site-packages/torch/distributed/tensor/_random.py:212] DTensor is synchronizing RNG states of every rank with the state from rank 0. This behavior is deprecated. Please call `torch.manual_seed()` on every rank that participates in SPMD DTensor Operations with the same seed. If using Pipeline Parallelism, each pipeling state would use a different seed, but all ranks belonging to one pipeline stage would use the same seed.
[rank7]:W0506 09:59:11.017000 2304288 site-packages/torch/distributed/tensor/_random.py:212] DTensor is synchronizing RNG states of every rank with the state from rank 0. This behavior is deprecated. Please call `torch.manual_seed()` on every rank that participates in SPMD DTensor Operations with the same seed. If using Pipeline Parallelism, each pipeling state would use a different seed, but all ranks belonging to one pipeline stage would use the same seed.
[rank6]:W0506 09:59:11.020000 2304287 site-packages/torch/distributed/tensor/_random.py:212] DTensor is synchronizing RNG states of every rank with the state from rank 0. This behavior is deprecated. Please call `torch.manual_seed()` on every rank that participates in SPMD DTensor Operations with the same seed. If using Pipeline Parallelism, each pipeling state would use a different seed, but all ranks belonging to one pipeline stage would use the same seed.
[rank5]:W0506 09:59:11.021000 2304286 site-packages/torch/distributed/tensor/_random.py:212] DTensor is synchronizing RNG states of every rank with the state from rank 0. This behavior is deprecated. Please call `torch.manual_seed()` on every rank that participates in SPMD DTensor Operations with the same seed. If using Pipeline Parallelism, each pipeling state would use a different seed, but all ranks belonging to one pipeline stage would use the same seed.
[rank3]:W0506 09:59:11.021000 2304284 site-packages/torch/distributed/tensor/_random.py:212] DTensor is synchronizing RNG states of every rank with the state from rank 0. This behavior is deprecated. Please call `torch.manual_seed()` on every rank that participates in SPMD DTensor Operations with the same seed. If using Pipeline Parallelism, each pipeling state would use a different seed, but all ranks belonging to one pipeline stage would use the same seed.
[rank1]:W0506 09:59:11.024000 2304282 site-packages/torch/distributed/tensor/_random.py:212] DTensor is synchronizing RNG states of every rank with the state from rank 0. This behavior is deprecated. Please call `torch.manual_seed()` on every rank that participates in SPMD DTensor Operations with the same seed. If using Pipeline Parallelism, each pipeling state would use a different seed, but all ranks belonging to one pipeline stage would use the same seed.
[rank2]:W0506 09:59:11.028000 2304283 site-packages/torch/distributed/tensor/_random.py:212] DTensor is synchronizing RNG states of every rank with the state from rank 0. This behavior is deprecated. Please call `torch.manual_seed()` on every rank that participates in SPMD DTensor Operations with the same seed. If using Pipeline Parallelism, each pipeling state would use a different seed, but all ranks belonging to one pipeline stage would use the same seed.
[infer] loading DCP from /root/torchtitan_attention_residual/phase4/runs/kimi_436m_block_attn_res_fsdp/checkpoint/step-8000 (state_dict keys: 424)
[infer] loading DCP from /root/torchtitan_attention_residual/phase4/runs/kimi_436m_block_attn_res_fsdp/checkpoint/step-8000 (state_dict keys: 424)
[infer] loading DCP from /root/torchtitan_attention_residual/phase4/runs/kimi_436m_block_attn_res_fsdp/checkpoint/step-8000 (state_dict keys: 424)
[infer] loading DCP from /root/torchtitan_attention_residual/phase4/runs/kimi_436m_block_attn_res_fsdp/checkpoint/step-8000 (state_dict keys: 424)
[infer] loading DCP from /root/torchtitan_attention_residual/phase4/runs/kimi_436m_block_attn_res_fsdp/checkpoint/step-8000 (state_dict keys: 424)
[infer] loading DCP from /root/torchtitan_attention_residual/phase4/runs/kimi_436m_block_attn_res_fsdp/checkpoint/step-8000 (state_dict keys: 424)
[infer] loading DCP from /root/torchtitan_attention_residual/phase4/runs/kimi_436m_block_attn_res_fsdp/checkpoint/step-8000 (state_dict keys: 424)
[infer] loading DCP from /root/torchtitan_attention_residual/phase4/runs/kimi_436m_block_attn_res_fsdp/checkpoint/step-8000 (state_dict keys: 424)
[two_phase_real] tp_world=2 attn_shape=(4, 512, 1168) layers=16
[two_phase_real] step= 10/50 t=3.8s
[two_phase_real] step= 20/50 t=6.2s
[two_phase_real] step= 30/50 t=8.8s
[two_phase_real] step= 40/50 t=10.8s
[two_phase_real] step= 50/50 t=12.9s
[two_phase_real] DONE 50 steps in 12.9s
/venv/main/lib/python3.14/site-packages/torch/distributed/c10d_logger.py:83: UserWarning: barrier(): using the device under current context. You can specify `device_id` in `init_process_group` to mute this warning.
  return func(*args, **kwargs)
