rope_scaling missing 'factor', defaulting to 1.0. Check model accuracy.
[Gloo] Rank 0 is connected to 7 peer ranks. Expected number of connected peer ranks is : 7
[Gloo] Rank 1 is connected to 7 peer ranks. Expected number of connected peer ranks is : 7
[Gloo] Rank 2 is connected to 7 peer ranks. Expected number of connected peer ranks is : 7
[Gloo] Rank 3 is connected to 7 peer ranks. Expected number of connected peer ranks is : 7
[Gloo] Rank 4 is connected to 7 peer ranks. Expected number of connected peer ranks is : 7
[Gloo] Rank [Gloo] Rank [Gloo] Rank 675 is connected to  is connected to  is connected to 777 peer ranks.  peer ranks.  peer ranks. Expected number of connected peer ranks is : Expected number of connected peer ranks is : Expected number of connected peer ranks is : 777


[Gloo] Rank 0 is connected to 7 peer ranks. Expected number of connected peer ranks is : 7
[Gloo] Rank 4 is connected to 7 peer ranks. Expected number of connected peer ranks is : 7
[Gloo] Rank [Gloo] Rank [Gloo] Rank 31[Gloo] Rank 2 is connected to  is connected to 6 is connected to 77 is connected to [Gloo] Rank 7 peer ranks.  peer ranks. 7[Gloo] Rank 5 peer ranks. Expected number of connected peer ranks is : Expected number of connected peer ranks is :  peer ranks. 7 is connected to Expected number of connected peer ranks is : 77Expected number of connected peer ranks is :  is connected to 77

77 peer ranks. 

 peer ranks. Expected number of connected peer ranks is : Expected number of connected peer ranks is : 77

[Gloo] Rank [Gloo] Rank [Gloo] Rank [Gloo] Rank [Gloo] Rank 000[Gloo] Rank 0[Gloo] Rank 0 is connected to  is connected to  is connected to [Gloo] Rank 0 is connected to 0 is connected to 0000 is connected to 0 is connected to 0 peer ranks.  peer ranks.  peer ranks.  is connected to 0 peer ranks. 0 peer ranks. Expected number of connected peer ranks is : Expected number of connected peer ranks is : Expected number of connected peer ranks is : 0 peer ranks. Expected number of connected peer ranks is :  peer ranks. Expected number of connected peer ranks is : 000 peer ranks. Expected number of connected peer ranks is : 0Expected number of connected peer ranks is : 0


Expected number of connected peer ranks is : 0
0
0


[Gloo] Rank [Gloo] Rank 00 is connected to  is connected to 00 peer ranks.  peer ranks. Expected number of connected peer ranks is : Expected number of connected peer ranks is : 0[Gloo] Rank 0
[Gloo] Rank 0
[Gloo] Rank [Gloo] Rank 0 is connected to [Gloo] Rank 00 is connected to 00[Gloo] Rank  is connected to  is connected to 0 peer ranks.  is connected to 000 peer ranks. Expected number of connected peer ranks is : 0 is connected to  peer ranks.  peer ranks. Expected number of connected peer ranks is : 0 peer ranks. 0Expected number of connected peer ranks is : Expected number of connected peer ranks is : 0
Expected number of connected peer ranks is :  peer ranks. 00
0Expected number of connected peer ranks is : 


0
[Gloo] Rank [Gloo] Rank 0[Gloo] Rank 0 is connected to [Gloo] Rank 0 is connected to 0[Gloo] Rank 0 is connected to [Gloo] Rank 0 peer ranks. 0 is connected to 00 peer ranks. Expected number of connected peer ranks is : [Gloo] Rank  is connected to 0 peer ranks. [Gloo] Rank  is connected to Expected number of connected peer ranks is : 000 peer ranks. Expected number of connected peer ranks is : 000
 is connected to  peer ranks. Expected number of connected peer ranks is : 0 is connected to  peer ranks. 
0Expected number of connected peer ranks is : 0
0Expected number of connected peer ranks is :  peer ranks. 0
 peer ranks. 0Expected number of connected peer ranks is : 
Expected number of connected peer ranks is : 
00

[Gloo] Rank [Gloo] Rank [Gloo] Rank 00[Gloo] Rank 0 is connected to [Gloo] Rank  is connected to [Gloo] Rank 0 is connected to 0000 is connected to 0[Gloo] Rank  peer ranks.  is connected to  peer ranks. [Gloo] Rank  is connected to 0 peer ranks. 0Expected number of connected peer ranks is : 0Expected number of connected peer ranks is : 00 peer ranks. Expected number of connected peer ranks is :  is connected to 0 peer ranks. 0 is connected to  peer ranks. Expected number of connected peer ranks is : 00
Expected number of connected peer ranks is : 
0Expected number of connected peer ranks is : 0
 peer ranks. 0 peer ranks. 0
Expected number of connected peer ranks is : 
Expected number of connected peer ranks is : 
00

Multi-thread loading shards:   0% Completed | 0/1 [00:00<?, ?it/s]Multi-thread loading shards: 100% Completed | 1/1 [00:00<00:00,  2.82it/s]Multi-thread loading shards: 100% Completed | 1/1 [00:00<00:00,  2.81it/s]
BOOT_OK
2026-05-08 08:32:24,054 - CUTE_DSL - WARNING - [handle_import_error] - Unexpected error during package walk: cutlass.cute.experimental
[2026-05-08 08:32:24 TP0] Unexpected error during package walk: cutlass.cute.experimental
2026-05-08 08:32:24,093 - CUTE_DSL - WARNING - [handle_import_error] - Unexpected error during package walk: cutlass.cute.experimental
2026-05-08 08:32:24,093 - CUTE_DSL - WARNING - [handle_import_error] - Unexpected error during package walk: cutlass.cute.experimental
[2026-05-08 08:32:24 TP7] Unexpected error during package walk: cutlass.cute.experimental
[2026-05-08 08:32:24 TP4] Unexpected error during package walk: cutlass.cute.experimental
2026-05-08 08:32:24,098 - CUTE_DSL - WARNING - [handle_import_error] - Unexpected error during package walk: cutlass.cute.experimental
[2026-05-08 08:32:24 TP3] Unexpected error during package walk: cutlass.cute.experimental
2026-05-08 08:32:24,101 - CUTE_DSL - WARNING - [handle_import_error] - Unexpected error during package walk: cutlass.cute.experimental
[2026-05-08 08:32:24 TP5] Unexpected error during package walk: cutlass.cute.experimental
2026-05-08 08:32:24,101 - CUTE_DSL - WARNING - [handle_import_error] - Unexpected error during package walk: cutlass.cute.experimental
[2026-05-08 08:32:24 TP6] Unexpected error during package walk: cutlass.cute.experimental
2026-05-08 08:32:24,102 - CUTE_DSL - WARNING - [handle_import_error] - Unexpected error during package walk: cutlass.cute.experimental
[2026-05-08 08:32:24 TP2] Unexpected error during package walk: cutlass.cute.experimental
2026-05-08 08:32:24,125 - CUTE_DSL - WARNING - [handle_import_error] - Unexpected error during package walk: cutlass.cute.experimental
[2026-05-08 08:32:24 TP1] Unexpected error during package walk: cutlass.cute.experimental
gen 0: [0, 0, 0, 0, 0, 0, 0, 0]
gen 1: [0, 0, 0, 0, 0, 0, 0, 0]
gen 2: [0, 0, 0, 0, 0, 0, 0, 0]
gen 3: [0, 0, 0, 0, 0, 0, 0, 0]
gen 4: [0, 0, 0, 0, 0, 0, 0, 0]
