W0514 08:47:21.975000 448652 torch/distributed/run.py:851] 
W0514 08:47:21.975000 448652 torch/distributed/run.py:851] *****************************************
W0514 08:47:21.975000 448652 torch/distributed/run.py:851] Setting OMP_NUM_THREADS environment variable for each process to be 1 in default, to avoid your system being overloaded, please further tune the variable for optimal performance in your application as needed. 
W0514 08:47:21.975000 448652 torch/distributed/run.py:851] *****************************************
[rank0]:[titan] 2026-05-14 08:47:30,142 - root - INFO - torchtitan version: 0.0.0+unknown (0.0.0 means __version__ is not defined correctly).
[rank0]:[titan] 2026-05-14 08:47:32,484 - root - WARNING - ENV[TORCH_NCCL_ASYNC_ERROR_HANDLING] = 1 will be overridden to 3 based on job config
[rank0]:[titan] 2026-05-14 08:47:32,486 - root - INFO - Building device mesh with parallelism: pp=1, dp_replicate=1, dp_shard=4, cp=1, tp=2, ep=1, etp=1
[rank0]:[titan] 2026-05-14 08:47:32,499 - root - INFO - Successfully created meshes with active dimensions: ['batch', 'loss', 'fsdp', 'tp', 'efsdp']
[rank0]:[titan] 2026-05-14 08:47:32,499 - root - INFO - [GC] Initial GC collection took 0.00 seconds
[rank0]:[titan] 2026-05-14 08:47:33,042 - root - INFO - Loading tokenizer from tokenizer.json
[rank0]:[titan] 2026-05-14 08:47:33,320 - root - INFO - Preparing c4 dataset from allenai/c4
[rank0]:[titan] 2026-05-14 08:47:33,602 - httpx - INFO - HTTP Request: HEAD https://huggingface.co/datasets/allenai/c4/resolve/main/README.md "HTTP/1.1 307 Temporary Redirect"
[rank0]:[titan] 2026-05-14 08:47:33,634 - httpx - INFO - HTTP Request: HEAD https://huggingface.co/api/resolve-cache/datasets/allenai/c4/1588ec454efa1a09f29cd18ddd04fe05fc8653a2/README.md "HTTP/1.1 200 OK"
[rank0]:[titan] 2026-05-14 08:47:33,784 - httpx - INFO - HTTP Request: HEAD https://huggingface.co/datasets/allenai/c4/resolve/1588ec454efa1a09f29cd18ddd04fe05fc8653a2/c4.py "HTTP/1.1 404 Not Found"
[rank0]:[titan] 2026-05-14 08:47:34,216 - httpx - INFO - HTTP Request: HEAD https://s3.amazonaws.com/datasets.huggingface.co/datasets/datasets/allenai/c4/allenai/c4.py "HTTP/1.1 404 Not Found"
[rank0]:[titan] 2026-05-14 08:47:34,483 - httpx - INFO - HTTP Request: GET https://huggingface.co/api/datasets/allenai/c4/revision/1588ec454efa1a09f29cd18ddd04fe05fc8653a2 "HTTP/1.1 200 OK"
[rank0]:[titan] 2026-05-14 08:47:34,892 - httpx - INFO - HTTP Request: HEAD https://huggingface.co/datasets/allenai/c4/resolve/1588ec454efa1a09f29cd18ddd04fe05fc8653a2/.huggingface.yaml "HTTP/1.1 404 Not Found"
[rank0]:[titan] 2026-05-14 08:47:34,892 - huggingface_hub.utils._http - WARNING - Warning: You are sending unauthenticated requests to the HF Hub. Please set a HF_TOKEN to enable higher rate limits and faster downloads.
[rank0]:Warning: You are sending unauthenticated requests to the HF Hub. Please set a HF_TOKEN to enable higher rate limits and faster downloads.
[rank0]:[titan] 2026-05-14 08:47:35,197 - httpx - INFO - HTTP Request: GET https://datasets-server.huggingface.co/info?dataset=allenai/c4 "HTTP/1.1 200 OK"
[rank0]:[titan] 2026-05-14 08:47:35,394 - httpx - INFO - HTTP Request: GET https://huggingface.co/api/datasets/allenai/c4/tree/1588ec454efa1a09f29cd18ddd04fe05fc8653a2/en?recursive=true&expand=false "HTTP/1.1 200 OK"
[rank0]:[titan] 2026-05-14 08:47:35,589 - httpx - INFO - HTTP Request: GET https://huggingface.co/api/datasets/allenai/c4/tree/1588ec454efa1a09f29cd18ddd04fe05fc8653a2/en?expand=false&recursive=true&limit=1000&cursor=ZXlKbWFXeGxYMjVoYldVaU9pSmxiaTlqTkMxMGNtRnBiaTR3TURrNU9TMXZaaTB3TVRBeU5DNXFjMjl1TG1kNklpd2lkSEpsWlY5dmFXUWlPaUprWXprME0yTTBZelF3WmpVelpEQXlZak14WTJWa01XUmxabUUzWlRWbU5ETTRaRFU0TmpKbEluMD06MTAwMA%3D%3D "HTTP/1.1 200 OK"
[rank0]:[titan] 2026-05-14 08:47:35,746 - httpx - INFO - HTTP Request: GET https://huggingface.co/api/datasets/allenai/c4/tree/1588ec454efa1a09f29cd18ddd04fe05fc8653a2?recursive=false&expand=false "HTTP/1.1 200 OK"
[rank0]:[titan] 2026-05-14 08:47:36,014 - httpx - INFO - HTTP Request: HEAD https://huggingface.co/datasets/allenai/c4/resolve/1588ec454efa1a09f29cd18ddd04fe05fc8653a2/dataset_infos.json "HTTP/1.1 404 Not Found"
[rank0]:[titan] 2026-05-14 08:47:36,169 - root - INFO - Building kimi_linear kimi_linear_436m_block_attn_res_n4 with {
[rank0]:  "vocab_size": 163840,
[rank0]:  "hidden_size": 1168,
[rank0]:  "tie_word_embeddings": true,
[rank0]:  "num_hidden_layers": 16,
[rank0]:  "intermediate_size": 528,
[rank0]:  "num_attention_heads": 16,
[rank0]:  "num_key_value_heads": 16,
[rank0]:  "q_lora_rank": null,
[rank0]:  "kv_lora_rank": 584,
[rank0]:  "qk_nope_head_dim": 73,
[rank0]:  "qk_rope_head_dim": 36,
[rank0]:  "v_head_dim": 73,
[rank0]:  "mla_use_nope": true,
[rank0]:  "rope_theta": 10000.0,
[rank0]:  "kda_num_heads": 16,
[rank0]:  "kda_head_dim": 73,
[rank0]:  "kda_short_conv_kernel_size": 4,
[rank0]:  "kda_layers": [
[rank0]:    1,
[rank0]:    2,
[rank0]:    3,
[rank0]:    5,
[rank0]:    6,
[rank0]:    7,
[rank0]:    9,
[rank0]:    10,
[rank0]:    11,
[rank0]:    13,
[rank0]:    14,
[rank0]:    15
[rank0]:  ],
[rank0]:  "full_attn_layers": [
[rank0]:    4,
[rank0]:    8,
[rank0]:    12,
[rank0]:    16
[rank0]:  ],
[rank0]:  "num_experts": 32,
[rank0]:  "num_experts_per_token": 8,
[rank0]:  "moe_intermediate_size": 528,
[rank0]:  "moe_renormalize": true,
[rank0]:  "moe_router_activation_func": "sigmoid",
[rank0]:  "num_shared_experts": 1,
[rank0]:  "routed_scaling_factor": 2.446,
[rank0]:  "first_k_dense_replace": 1,
[rank0]:  "moe_layer_freq": 1,
[rank0]:  "use_grouped_topk": false,
[rank0]:  "num_expert_group": 1,
[rank0]:  "topk_group": 1,
[rank0]:  "rms_norm_eps": 1e-05,
[rank0]:  "hidden_act": "silu",
[rank0]:  "initializer_range": 0.02,
[rank0]:  "__spec__": {
[rank0]:    "num_blocks": 4,
[rank0]:    "model_class": "KimiLinearAttnResModel"
[rank0]:  }
[rank0]:}
[rank0]:[titan] 2026-05-14 08:47:36,197 - root - INFO - TensorBoard logging enabled. Logs will be saved at /workspace/torchtitan_attention_residual/phase11/fix_verify_4dmesh/tb/20260514-0847
[rank0]:[titan] 2026-05-14 08:47:36,198 - root - INFO - CUDA capacity: NVIDIA GeForce RTX 5090 with 31.36GiB memory
[rank0]:[titan] 2026-05-14 08:47:36,199 - root - WARNING - Error running lspci: [Errno 2] No such file or directory: 'lspci', fallback to use device_name
[rank0]:[titan] 2026-05-14 08:47:36,199 - root - WARNING - Peak flops undefined for: NVIDIA GeForce RTX 5090, fallback to A100
[rank0]:[titan] 2026-05-14 08:47:36,200 - root - INFO - [34mModel kimi_linear kimi_linear_436m_block_attn_res_n4 [31msize: 1,201,640,636 total parameters[39m
[rank0]:[titan] 2026-05-14 08:47:36,259 - root - INFO - Applied DSv3-style TP plan tp_degree=2.
[rank0]:[titan] 2026-05-14 08:47:36,403 - root - INFO - Applied FSDP2 to Kimi Linear model (dp_shard=4, dp_replicate=1).
[rank0]:[titan] 2026-05-14 08:47:36,545 - root - WARNING - Error running lspci: [Errno 2] No such file or directory: 'lspci', fallback to use device_name
[rank0]:[titan] 2026-05-14 08:47:36,545 - root - WARNING - Peak flops undefined for: NVIDIA GeForce RTX 5090, fallback to A100
[rank0]:[titan] 2026-05-14 08:47:36,545 - root - INFO - Peak FLOPS used for computing MFU: 3.120e+14
[rank0]:[titan] 2026-05-14 08:47:36,546 - root - INFO - CUDA memory usage for model: 1.12GiB(3.57%)
[rank0]:[titan] 2026-05-14 08:47:36,547 - root - WARNING - Warmup steps (500) exceed total steps (20). Adjusting warmup steps to 20.
[rank0]:[titan] 2026-05-14 08:47:36,547 - root - WARNING - Warmup (20) + decay (16) steps exceed total steps (20). Adjusting decay steps to 0.
[rank0]:[titan] 2026-05-14 08:47:36,563 - root - INFO - Trainer is initialized with local batch size 2, global batch size 8, gradient accumulation steps 1, sequence length 512, total steps 20 (warmup 500)
[rank0]:[titan] 2026-05-14 08:47:36,563 - root - INFO - Training starts at step 1
[rank0]:[titan] 2026-05-14 08:47:36,981 - httpx - INFO - HTTP Request: GET https://huggingface.co/api/datasets/allenai/c4/revision/1588ec454efa1a09f29cd18ddd04fe05fc8653a2 "HTTP/1.1 200 OK"
[rank0]:[titan] 2026-05-14 08:47:37,431 - httpx - INFO - HTTP Request: GET https://huggingface.co/api/datasets/allenai/c4/tree/1588ec454efa1a09f29cd18ddd04fe05fc8653a2/en?recursive=false&expand=false "HTTP/1.1 200 OK"
[rank0]:[titan] 2026-05-14 08:47:37,713 - httpx - INFO - HTTP Request: GET https://huggingface.co/api/datasets/allenai/c4/tree/1588ec454efa1a09f29cd18ddd04fe05fc8653a2/en?expand=false&recursive=false&limit=1000&cursor=ZXlKbWFXeGxYMjVoYldVaU9pSmxiaTlqTkMxMGNtRnBiaTR3TURrNU9TMXZaaTB3TVRBeU5DNXFjMjl1TG1kNklpd2lkSEpsWlY5dmFXUWlPaUprWXprME0yTTBZelF3WmpVelpEQXlZak14WTJWa01XUmxabUUzWlRWbU5ETTRaRFU0TmpKbEluMD06MTAwMA%3D%3D "HTTP/1.1 200 OK"
[rank0]:[titan] 2026-05-14 08:47:37,874 - httpx - INFO - HTTP Request: GET https://huggingface.co/datasets/allenai/c4/resolve/1588ec454efa1a09f29cd18ddd04fe05fc8653a2/en/c4-train.00000-of-01024.json.gz "HTTP/1.1 302 Found"
[rank0]:[titan] 2026-05-14 08:47:37,998 - httpx - INFO - HTTP Request: GET https://cas-bridge.xethub.hf.co/xet-bridge-us/621ffdd236468d709f182a80/6656aac078668b0d5feb1cfb7b04def05bff73e7e375d0a66e252827336ac1a8?X-Amz-Algorithm=AWS4-HMAC-SHA256&X-Amz-Content-Sha256=UNSIGNED-PAYLOAD&X-Amz-Credential=cas%2F20260514%2Fus-east-1%2Fs3%2Faws4_request&X-Amz-Date=20260514T084737Z&X-Amz-Expires=3600&X-Amz-Signature=23d832f7ecba2647c66e042faebfe06ecd1755a989e909cf847cab3447c6048e&X-Amz-SignedHeaders=host&X-Xet-Cas-Uid=public&response-content-disposition=inline%3B+filename*%3DUTF-8%27%27c4-train.00000-of-01024.json.gz%3B+filename%3D%22c4-train.00000-of-01024.json.gz%22%3B&response-content-type=application%2Fgzip&x-amz-checksum-mode=ENABLED&x-id=GetObject&Expires=1778752057&Policy=eyJTdGF0ZW1lbnQiOlt7IkNvbmRpdGlvbiI6eyJEYXRlTGVzc1RoYW4iOnsiQVdTOkVwb2NoVGltZSI6MTc3ODc1MjA1N319LCJSZXNvdXJjZSI6Imh0dHBzOi8vY2FzLWJyaWRnZS54ZXRodWIuaGYuY28veGV0LWJyaWRnZS11cy82MjFmZmRkMjM2NDY4ZDcwOWYxODJhODAvNjY1NmFhYzA3ODY2OGIwZDVmZWIxY2ZiN2IwNGRlZjA1YmZmNzNlN2UzNzVkMGE2NmUyNTI4MjczMzZhYzFhOCoifV19&Signature=vyx3vCrr6yAv%7EDIo3mbXvOlkNUOa0EGZtj%7E0S5oRc1E%7EWereQRWMz%7EyPJ2cAn-F%7ESP1kCdoZaTjwOE38W5pwLIe7dVtduOQ98iKW-VpqLqsvvjNtqGHC1Xp%7EXpcyV69GUTFokFLN0ZE75GrRR2IKipwZjBawFVdO5XV1Ic4vfqr5KaF4jdg0oL1NLhWHhsBdXImyn5i-I54Qu8K6uXC4RwdRc6oE2uM4IDh-j%7EJNpw5f9moOajDkAE4SCHZiuvrLVJD1tr5l54fCClqt6AVA0Cg8fkpn93-IIedoYFiTfFW0fkFYMTL0IXu4f%7E5PfJv7hxZfSS8eT0aPzx0xvHjRkw__&Key-Pair-Id=K2L8F4GPSG1IFC "HTTP/1.1 206 Partial Content"
[rank0]:[rank0]:W0514 08:50:09.698000 448739 torch/distributed/fsdp/_fully_shard/_fsdp_state.py:350] 1 of the 2 modules passed to fully_shard did not run forward before backward, which is error-prone since FSDP post-forward/pre-backward logic will not run for these modules. We recommend passing only modules that run forward together. Modules that did not run forward: [FSDPAttnResProjection(in_features=1168, out_features=1, bias=False)]
[rank0]:[rank0]:W0514 08:50:09.844000 448739 torch/distributed/tensor/_redistribute.py:347] While redistributing from (_NormPartial(2.0), _NormPartial(2.0)) to (Replicate(), Replicate()), 2 sequential all_reduce operations will be performed. This is suboptimal: multiple collective operations have higher latency (separate kernel launches and synchronization points) and may give inconsistent results between ranks due to different reduction orders. To optimize, flatten mesh dimensions ["fsdp", "tp"] so DTensor can use a single operation instead.
[rank0]:[titan] 2026-05-14 08:50:10,381 - root - INFO - [31mstep:  1  [32mloss: 12.24745  [38;2;180;60;0mgrad_norm: 44.3205  [38;2;54;234;195mmemory:  7.95GiB(25.34%)  [34mtps: 3  [36mtflops: 0.02  [35mmfu: 0.01%[39m
[rank0]:/workspace/torchtitan_attention_residual/torchtitan/torchtitan/distributed/utils.py:442: UserWarning: Set timeout is now only supported for either nccl or gloo.
[rank0]:[titan] 2026-05-14 08:50:10,382 - root - INFO - Synchronizing and adjusting timeout for all ProcessGroups to 0:01:40
[rank0]:  torch.distributed.distributed_c10d._set_pg_timeout(timeout, group)
[rank0]:[titan] 2026-05-14 08:50:29,491 - root - INFO - [31mstep: 10  [32mloss:  8.60747  [38;2;180;60;0mgrad_norm:  2.6802  [38;2;54;234;195mmemory: 10.10GiB(32.20%)  [34mtps: 241  [36mtflops: 1.47  [35mmfu: 0.47%[39m
[rank0]:[titan] 2026-05-14 08:50:50,498 - root - INFO - [31mstep: 20  [32mloss:  8.32532  [38;2;180;60;0mgrad_norm:  0.5704  [38;2;54;234;195mmemory: 10.10GiB(32.20%)  [34mtps: 244  [36mtflops: 1.49  [35mmfu: 0.48%[39m
[rank0]:[titan] 2026-05-14 08:50:50,499 - root - INFO - Sleeping 2 seconds for other ranks to complete
[rank0]:[titan] 2026-05-14 08:50:52,499 - root - INFO - Training completed
[rank0]:[titan] 2026-05-14 08:50:54,246 - root - INFO - Process group destroyed
