W0506 10:06:34.578000 2307124 site-packages/torch/distributed/run.py:851] 
W0506 10:06:34.578000 2307124 site-packages/torch/distributed/run.py:851] *****************************************
W0506 10:06:34.578000 2307124 site-packages/torch/distributed/run.py:851] Setting OMP_NUM_THREADS environment variable for each process to be 1 in default, to avoid your system being overloaded, please further tune the variable for optimal performance in your application as needed. 
W0506 10:06:34.578000 2307124 site-packages/torch/distributed/run.py:851] *****************************************
[infer] world=8 rank=0 device=cuda:0
[infer] mesh: FSDP=4 TP=2 EP=2 (PP=1, CP=1)
[rank5]:W0506 10:06:50.345000 2307198 site-packages/torch/distributed/tensor/_random.py:212] DTensor is synchronizing RNG states of every rank with the state from rank 0. This behavior is deprecated. Please call `torch.manual_seed()` on every rank that participates in SPMD DTensor Operations with the same seed. If using Pipeline Parallelism, each pipeling state would use a different seed, but all ranks belonging to one pipeline stage would use the same seed.
[rank4]:W0506 10:06:50.346000 2307197 site-packages/torch/distributed/tensor/_random.py:212] DTensor is synchronizing RNG states of every rank with the state from rank 0. This behavior is deprecated. Please call `torch.manual_seed()` on every rank that participates in SPMD DTensor Operations with the same seed. If using Pipeline Parallelism, each pipeling state would use a different seed, but all ranks belonging to one pipeline stage would use the same seed.
[rank6]:W0506 10:06:50.347000 2307199 site-packages/torch/distributed/tensor/_random.py:212] DTensor is synchronizing RNG states of every rank with the state from rank 0. This behavior is deprecated. Please call `torch.manual_seed()` on every rank that participates in SPMD DTensor Operations with the same seed. If using Pipeline Parallelism, each pipeling state would use a different seed, but all ranks belonging to one pipeline stage would use the same seed.
[rank1]:W0506 10:06:50.347000 2307194 site-packages/torch/distributed/tensor/_random.py:212] DTensor is synchronizing RNG states of every rank with the state from rank 0. This behavior is deprecated. Please call `torch.manual_seed()` on every rank that participates in SPMD DTensor Operations with the same seed. If using Pipeline Parallelism, each pipeling state would use a different seed, but all ranks belonging to one pipeline stage would use the same seed.
[rank2]:W0506 10:06:50.347000 2307195 site-packages/torch/distributed/tensor/_random.py:212] DTensor is synchronizing RNG states of every rank with the state from rank 0. This behavior is deprecated. Please call `torch.manual_seed()` on every rank that participates in SPMD DTensor Operations with the same seed. If using Pipeline Parallelism, each pipeling state would use a different seed, but all ranks belonging to one pipeline stage would use the same seed.
[rank3]:W0506 10:06:50.353000 2307196 site-packages/torch/distributed/tensor/_random.py:212] DTensor is synchronizing RNG states of every rank with the state from rank 0. This behavior is deprecated. Please call `torch.manual_seed()` on every rank that participates in SPMD DTensor Operations with the same seed. If using Pipeline Parallelism, each pipeling state would use a different seed, but all ranks belonging to one pipeline stage would use the same seed.
[rank7]:W0506 10:06:50.357000 2307200 site-packages/torch/distributed/tensor/_random.py:212] DTensor is synchronizing RNG states of every rank with the state from rank 0. This behavior is deprecated. Please call `torch.manual_seed()` on every rank that participates in SPMD DTensor Operations with the same seed. If using Pipeline Parallelism, each pipeling state would use a different seed, but all ranks belonging to one pipeline stage would use the same seed.
[infer] loading DCP from /root/torchtitan_attention_residual/phase4/runs/kimi_436m_block_attn_res_fsdp/checkpoint/step-8000 (state_dict keys: 424)
[infer] loading DCP from /root/torchtitan_attention_residual/phase4/runs/kimi_436m_block_attn_res_fsdp/checkpoint/step-8000 (state_dict keys: 424)
[infer] loading DCP from /root/torchtitan_attention_residual/phase4/runs/kimi_436m_block_attn_res_fsdp/checkpoint/step-8000 (state_dict keys: 424)
[infer] loading DCP from /root/torchtitan_attention_residual/phase4/runs/kimi_436m_block_attn_res_fsdp/checkpoint/step-8000 (state_dict keys: 424)
[infer] loading DCP from /root/torchtitan_attention_residual/phase4/runs/kimi_436m_block_attn_res_fsdp/checkpoint/step-8000 (state_dict keys: 424)
[infer] loading DCP from /root/torchtitan_attention_residual/phase4/runs/kimi_436m_block_attn_res_fsdp/checkpoint/step-8000 (state_dict keys: 424)
[infer] loading DCP from /root/torchtitan_attention_residual/phase4/runs/kimi_436m_block_attn_res_fsdp/checkpoint/step-8000 (state_dict keys: 424)
[infer] loading DCP from /root/torchtitan_attention_residual/phase4/runs/kimi_436m_block_attn_res_fsdp/checkpoint/step-8000 (state_dict keys: 424)
[infer] model params: 1,393,005,756
[infer] starting 100 forward batches (micro_bs=8, seq_len=2048)
[infer] step=  5/100 logits_max=19.62 t=23.1s
[infer] step= 10/100 logits_max=23.75 t=27.4s
[infer] step= 15/100 logits_max=23.62 t=31.5s
[infer] step= 20/100 logits_max=19.50 t=35.7s
[infer] step= 25/100 logits_max=20.12 t=39.9s
[infer] step= 30/100 logits_max=18.88 t=44.1s
[infer] step= 35/100 logits_max=19.75 t=48.3s
[infer] step= 40/100 logits_max=21.00 t=52.5s
[infer] step= 45/100 logits_max=20.62 t=56.6s
[infer] step= 50/100 logits_max=19.50 t=60.8s
[infer] step= 55/100 logits_max=23.75 t=65.0s
[infer] step= 60/100 logits_max=21.50 t=69.2s
[infer] step= 65/100 logits_max=20.88 t=73.4s
[infer] step= 70/100 logits_max=20.12 t=77.6s
[infer] step= 75/100 logits_max=20.12 t=81.7s
[infer] step= 80/100 logits_max=20.00 t=85.9s
[infer] step= 85/100 logits_max=19.38 t=90.1s
[infer] step= 90/100 logits_max=20.62 t=94.3s
[infer] step= 95/100 logits_max=20.62 t=98.5s
[infer] step=100/100 logits_max=20.62 t=102.7s
[infer] DONE 100 steps in 102.7s
/venv/main/lib/python3.14/site-packages/torch/distributed/c10d_logger.py:83: UserWarning: barrier(): using the device under current context. You can specify `device_id` in `init_process_group` to mute this warning.
  return func(*args, **kwargs)
