W0506 09:27:08.815000 2296745 site-packages/torch/distributed/run.py:851] 
W0506 09:27:08.815000 2296745 site-packages/torch/distributed/run.py:851] *****************************************
W0506 09:27:08.815000 2296745 site-packages/torch/distributed/run.py:851] Setting OMP_NUM_THREADS environment variable for each process to be 1 in default, to avoid your system being overloaded, please further tune the variable for optimal performance in your application as needed. 
W0506 09:27:08.815000 2296745 site-packages/torch/distributed/run.py:851] *****************************************
[infer] world=8 rank=0 device=cuda:0
[infer] mesh: FSDP=4 TP=2 EP=2 (PP=1, CP=1)
[rank7]:W0506 09:27:24.580000 2296826 site-packages/torch/distributed/tensor/_random.py:212] DTensor is synchronizing RNG states of every rank with the state from rank 0. This behavior is deprecated. Please call `torch.manual_seed()` on every rank that participates in SPMD DTensor Operations with the same seed. If using Pipeline Parallelism, each pipeling state would use a different seed, but all ranks belonging to one pipeline stage would use the same seed.
[rank5]:W0506 09:27:24.582000 2296824 site-packages/torch/distributed/tensor/_random.py:212] DTensor is synchronizing RNG states of every rank with the state from rank 0. This behavior is deprecated. Please call `torch.manual_seed()` on every rank that participates in SPMD DTensor Operations with the same seed. If using Pipeline Parallelism, each pipeling state would use a different seed, but all ranks belonging to one pipeline stage would use the same seed.
[rank4]:W0506 09:27:24.583000 2296823 site-packages/torch/distributed/tensor/_random.py:212] DTensor is synchronizing RNG states of every rank with the state from rank 0. This behavior is deprecated. Please call `torch.manual_seed()` on every rank that participates in SPMD DTensor Operations with the same seed. If using Pipeline Parallelism, each pipeling state would use a different seed, but all ranks belonging to one pipeline stage would use the same seed.
[rank6]:W0506 09:27:24.585000 2296825 site-packages/torch/distributed/tensor/_random.py:212] DTensor is synchronizing RNG states of every rank with the state from rank 0. This behavior is deprecated. Please call `torch.manual_seed()` on every rank that participates in SPMD DTensor Operations with the same seed. If using Pipeline Parallelism, each pipeling state would use a different seed, but all ranks belonging to one pipeline stage would use the same seed.
[rank1]:W0506 09:27:24.585000 2296820 site-packages/torch/distributed/tensor/_random.py:212] DTensor is synchronizing RNG states of every rank with the state from rank 0. This behavior is deprecated. Please call `torch.manual_seed()` on every rank that participates in SPMD DTensor Operations with the same seed. If using Pipeline Parallelism, each pipeling state would use a different seed, but all ranks belonging to one pipeline stage would use the same seed.
[rank3]:W0506 09:27:24.587000 2296822 site-packages/torch/distributed/tensor/_random.py:212] DTensor is synchronizing RNG states of every rank with the state from rank 0. This behavior is deprecated. Please call `torch.manual_seed()` on every rank that participates in SPMD DTensor Operations with the same seed. If using Pipeline Parallelism, each pipeling state would use a different seed, but all ranks belonging to one pipeline stage would use the same seed.
[rank2]:W0506 09:27:24.592000 2296821 site-packages/torch/distributed/tensor/_random.py:212] DTensor is synchronizing RNG states of every rank with the state from rank 0. This behavior is deprecated. Please call `torch.manual_seed()` on every rank that participates in SPMD DTensor Operations with the same seed. If using Pipeline Parallelism, each pipeling state would use a different seed, but all ranks belonging to one pipeline stage would use the same seed.
[infer] loading DCP from /root/torchtitan_attention_residual/phase4/runs/kimi_436m_block_attn_res_fsdp/checkpoint/step-8000 (state_dict keys: 424)
[infer] loading DCP from /root/torchtitan_attention_residual/phase4/runs/kimi_436m_block_attn_res_fsdp/checkpoint/step-8000 (state_dict keys: 424)
[infer] loading DCP from /root/torchtitan_attention_residual/phase4/runs/kimi_436m_block_attn_res_fsdp/checkpoint/step-8000 (state_dict keys: 424)
[infer] loading DCP from /root/torchtitan_attention_residual/phase4/runs/kimi_436m_block_attn_res_fsdp/checkpoint/step-8000 (state_dict keys: 424)
[infer] loading DCP from /root/torchtitan_attention_residual/phase4/runs/kimi_436m_block_attn_res_fsdp/checkpoint/step-8000 (state_dict keys: 424)
[infer] loading DCP from /root/torchtitan_attention_residual/phase4/runs/kimi_436m_block_attn_res_fsdp/checkpoint/step-8000 (state_dict keys: 424)
[infer] loading DCP from /root/torchtitan_attention_residual/phase4/runs/kimi_436m_block_attn_res_fsdp/checkpoint/step-8000 (state_dict keys: 424)
[infer] loading DCP from /root/torchtitan_attention_residual/phase4/runs/kimi_436m_block_attn_res_fsdp/checkpoint/step-8000 (state_dict keys: 424)
[infer] model params: 1,393,005,756
[infer] starting 50 forward batches (micro_bs=4, seq_len=512)
[infer] step=  5/50 logits_max=18.50 t=2.6s
[infer] step= 10/50 logits_max=20.00 t=3.7s
[infer] step= 15/50 logits_max=19.75 t=4.8s
[infer] step= 20/50 logits_max=17.75 t=5.9s
[infer] step= 25/50 logits_max=16.88 t=7.2s
[infer] step= 30/50 logits_max=18.62 t=8.2s
[infer] step= 35/50 logits_max=19.75 t=9.2s
[infer] step= 40/50 logits_max=23.62 t=10.2s
[infer] step= 45/50 logits_max=19.25 t=11.2s
[infer] step= 50/50 logits_max=20.88 t=12.2s
[infer] DONE 50 steps in 12.2s
/venv/main/lib/python3.14/site-packages/torch/distributed/c10d_logger.py:83: UserWarning: barrier(): using the device under current context. You can specify `device_id` in `init_process_group` to mute this warning.
  return func(*args, **kwargs)
