W0506 09:31:40.965000 2298329 site-packages/torch/distributed/run.py:851] 
W0506 09:31:40.965000 2298329 site-packages/torch/distributed/run.py:851] *****************************************
W0506 09:31:40.965000 2298329 site-packages/torch/distributed/run.py:851] Setting OMP_NUM_THREADS environment variable for each process to be 1 in default, to avoid your system being overloaded, please further tune the variable for optimal performance in your application as needed. 
W0506 09:31:40.965000 2298329 site-packages/torch/distributed/run.py:851] *****************************************
[ppo] world=8 rank=0 device=cuda:0
[ppo] mesh: FSDP=4 TP=2 EP=2 (PP=1, CP=1)
[ppo] building actor model...
[rank5]:W0506 09:31:56.370000 2298403 site-packages/torch/distributed/tensor/_random.py:212] DTensor is synchronizing RNG states of every rank with the state from rank 0. This behavior is deprecated. Please call `torch.manual_seed()` on every rank that participates in SPMD DTensor Operations with the same seed. If using Pipeline Parallelism, each pipeling state would use a different seed, but all ranks belonging to one pipeline stage would use the same seed.
[rank6]:W0506 09:31:56.372000 2298404 site-packages/torch/distributed/tensor/_random.py:212] DTensor is synchronizing RNG states of every rank with the state from rank 0. This behavior is deprecated. Please call `torch.manual_seed()` on every rank that participates in SPMD DTensor Operations with the same seed. If using Pipeline Parallelism, each pipeling state would use a different seed, but all ranks belonging to one pipeline stage would use the same seed.
[rank7]:W0506 09:31:56.373000 2298405 site-packages/torch/distributed/tensor/_random.py:212] DTensor is synchronizing RNG states of every rank with the state from rank 0. This behavior is deprecated. Please call `torch.manual_seed()` on every rank that participates in SPMD DTensor Operations with the same seed. If using Pipeline Parallelism, each pipeling state would use a different seed, but all ranks belonging to one pipeline stage would use the same seed.
[rank3]:W0506 09:31:56.374000 2298401 site-packages/torch/distributed/tensor/_random.py:212] DTensor is synchronizing RNG states of every rank with the state from rank 0. This behavior is deprecated. Please call `torch.manual_seed()` on every rank that participates in SPMD DTensor Operations with the same seed. If using Pipeline Parallelism, each pipeling state would use a different seed, but all ranks belonging to one pipeline stage would use the same seed.
[rank2]:W0506 09:31:56.376000 2298400 site-packages/torch/distributed/tensor/_random.py:212] DTensor is synchronizing RNG states of every rank with the state from rank 0. This behavior is deprecated. Please call `torch.manual_seed()` on every rank that participates in SPMD DTensor Operations with the same seed. If using Pipeline Parallelism, each pipeling state would use a different seed, but all ranks belonging to one pipeline stage would use the same seed.
[rank1]:W0506 09:31:56.377000 2298399 site-packages/torch/distributed/tensor/_random.py:212] DTensor is synchronizing RNG states of every rank with the state from rank 0. This behavior is deprecated. Please call `torch.manual_seed()` on every rank that participates in SPMD DTensor Operations with the same seed. If using Pipeline Parallelism, each pipeling state would use a different seed, but all ranks belonging to one pipeline stage would use the same seed.
[rank4]:W0506 09:31:56.383000 2298402 site-packages/torch/distributed/tensor/_random.py:212] DTensor is synchronizing RNG states of every rank with the state from rank 0. This behavior is deprecated. Please call `torch.manual_seed()` on every rank that participates in SPMD DTensor Operations with the same seed. If using Pipeline Parallelism, each pipeling state would use a different seed, but all ranks belonging to one pipeline stage would use the same seed.
[ppo] loading DCP into actor from /root/torchtitan_attention_residual/phase5/runs/sft_v11_llava_instruct_150k_4d/checkpoint/step-490
[ppo] building ref model...
[ppo] loading DCP into ref from /root/torchtitan_attention_residual/phase5/runs/sft_v11_llava_instruct_150k_4d/checkpoint/step-490
[ppo] actor trainable params: 1,393,005,756
[ppo] ref params (frozen): 1,393,005,756
[ppo] starting 50 PPO steps (micro_bs=2, seq_len=256, lr=1e-06, kl_coef=0.05)
[rank1]:W0506 09:32:09.725000 2298399 site-packages/torch/distributed/fsdp/_fully_shard/_fsdp_state.py:350] 1 of the 2 modules passed to fully_shard did not run forward before backward, which is error-prone since FSDP post-forward/pre-backward logic will not run for these modules. We recommend passing only modules that run forward together. Modules that did not run forward: [FSDPAttnResProjection(in_features=1168, out_features=1, bias=False)]
[rank4]:W0506 09:32:09.729000 2298402 site-packages/torch/distributed/fsdp/_fully_shard/_fsdp_state.py:350] 1 of the 2 modules passed to fully_shard did not run forward before backward, which is error-prone since FSDP post-forward/pre-backward logic will not run for these modules. We recommend passing only modules that run forward together. Modules that did not run forward: [FSDPAttnResProjection(in_features=1168, out_features=1, bias=False)]
[rank7]:W0506 09:32:09.729000 2298405 site-packages/torch/distributed/fsdp/_fully_shard/_fsdp_state.py:350] 1 of the 2 modules passed to fully_shard did not run forward before backward, which is error-prone since FSDP post-forward/pre-backward logic will not run for these modules. We recommend passing only modules that run forward together. Modules that did not run forward: [FSDPAttnResProjection(in_features=1168, out_features=1, bias=False)]
[rank6]:W0506 09:32:09.729000 2298404 site-packages/torch/distributed/fsdp/_fully_shard/_fsdp_state.py:350] 1 of the 2 modules passed to fully_shard did not run forward before backward, which is error-prone since FSDP post-forward/pre-backward logic will not run for these modules. We recommend passing only modules that run forward together. Modules that did not run forward: [FSDPAttnResProjection(in_features=1168, out_features=1, bias=False)]
[rank5]:W0506 09:32:09.730000 2298403 site-packages/torch/distributed/fsdp/_fully_shard/_fsdp_state.py:350] 1 of the 2 modules passed to fully_shard did not run forward before backward, which is error-prone since FSDP post-forward/pre-backward logic will not run for these modules. We recommend passing only modules that run forward together. Modules that did not run forward: [FSDPAttnResProjection(in_features=1168, out_features=1, bias=False)]
[rank0]:W0506 09:32:09.730000 2298398 site-packages/torch/distributed/fsdp/_fully_shard/_fsdp_state.py:350] 1 of the 2 modules passed to fully_shard did not run forward before backward, which is error-prone since FSDP post-forward/pre-backward logic will not run for these modules. We recommend passing only modules that run forward together. Modules that did not run forward: [FSDPAttnResProjection(in_features=1168, out_features=1, bias=False)]
[rank3]:W0506 09:32:09.730000 2298401 site-packages/torch/distributed/fsdp/_fully_shard/_fsdp_state.py:350] 1 of the 2 modules passed to fully_shard did not run forward before backward, which is error-prone since FSDP post-forward/pre-backward logic will not run for these modules. We recommend passing only modules that run forward together. Modules that did not run forward: [FSDPAttnResProjection(in_features=1168, out_features=1, bias=False)]
[rank2]:W0506 09:32:09.730000 2298400 site-packages/torch/distributed/fsdp/_fully_shard/_fsdp_state.py:350] 1 of the 2 modules passed to fully_shard did not run forward before backward, which is error-prone since FSDP post-forward/pre-backward logic will not run for these modules. We recommend passing only modules that run forward together. Modules that did not run forward: [FSDPAttnResProjection(in_features=1168, out_features=1, bias=False)]
[ppo] step=  1/50 loss=0.0000 kl=0.0000 actor_lp=-13.0330 ref_lp=-13.0330 t=5.6s
[ppo] step=  5/50 loss=0.0034 kl=0.0472 actor_lp=-13.0697 ref_lp=-13.0770 t=8.8s
[ppo] step= 10/50 loss=0.0057 kl=0.0459 actor_lp=-13.0248 ref_lp=-13.0299 t=12.8s
[ppo] step= 15/50 loss=0.0012 kl=0.0443 actor_lp=-13.1257 ref_lp=-13.1253 t=16.7s
[ppo] step= 20/50 loss=0.0022 kl=0.0585 actor_lp=-12.8906 ref_lp=-12.8926 t=20.8s
[ppo] step= 25/50 loss=0.0050 kl=0.0571 actor_lp=-13.0635 ref_lp=-13.0677 t=24.7s
[ppo] step= 30/50 loss=0.0063 kl=0.0541 actor_lp=-13.2626 ref_lp=-13.2523 t=28.8s
[ppo] step= 35/50 loss=0.0019 kl=0.0412 actor_lp=-13.0854 ref_lp=-13.0890 t=33.0s
[ppo] step= 40/50 loss=0.0050 kl=0.0511 actor_lp=-13.1031 ref_lp=-13.1070 t=37.0s
[ppo] step= 45/50 loss=-0.0054 kl=0.0527 actor_lp=-12.9170 ref_lp=-12.9177 t=41.3s
[ppo] step= 50/50 loss=0.0027 kl=0.0495 actor_lp=-13.0338 ref_lp=-13.0318 t=45.4s
[ppo] DONE 50 steps in 45.4s
/venv/main/lib/python3.14/site-packages/torch/distributed/c10d_logger.py:83: UserWarning: barrier(): using the device under current context. You can specify `device_id` in `init_process_group` to mute this warning.
  return func(*args, **kwargs)
