===============================================================
[Tue May 12 07:49:36 AM UTC 2026] L=32 N=8 widen-dim smoke START
===============================================================

===============================================================
[Tue May 12 07:49:36 AM UTC 2026] attn_res_L32_n8_d1024_pp8_vp4_naive STEPS=30 LBS=32 GBS=32
===============================================================
[Tue May 12 07:51:29 AM UTC 2026] attn_res_L32_n8_d1024_pp8_vp4_naive done rc=0 step=? loss=11.76178

===============================================================
[Tue May 12 07:51:29 AM UTC 2026] attn_res_L32_n8_d1280_pp8_vp4_naive STEPS=30 LBS=32 GBS=32
===============================================================
[Tue May 12 07:53:24 AM UTC 2026] attn_res_L32_n8_d1280_pp8_vp4_naive done rc=0 step=? loss=11.76178

===============================================================
[Tue May 12 07:53:24 AM UTC 2026] attn_res_L32_n8_d1536_pp8_vp4_naive STEPS=30 LBS=32 GBS=32
===============================================================
[Tue May 12 07:55:23 AM UTC 2026] attn_res_L32_n8_d1536_pp8_vp4_naive done rc=0 step=? loss=11.76178

===============================================================
[Tue May 12 07:55:23 AM UTC 2026] attn_res_L32_n8_d2048_pp8_vp4_naive STEPS=30 LBS=32 GBS=32
===============================================================
[Tue May 12 07:57:37 AM UTC 2026] attn_res_L32_n8_d2048_pp8_vp4_naive done rc=0 step=? loss=11.76178

PRESSURE TEST DONE. Summary at /workspace/torchtitan_attention_residual/phase3/runs/l32n8_widen_smoke_20260512-074936/SUMMARY.md
# PP Pressure Test — 20260512-0749

steps=30 ngpu=8

| config | PP | VP | LBS | GBS | mode | avg step time (s) | final loss | out dir |
|---|---|---|---|---|---|---|---|---|
| attn_res_L32_n8_d1024 | 8 | 4 | 32 | 32 | naive | ? | 11.76178 | attn_res_L32_n8_d1024_pp8_vp4_naive |
| attn_res_L32_n8_d1280 | 8 | 4 | 32 | 32 | naive | ? | 11.76178 | attn_res_L32_n8_d1280_pp8_vp4_naive |
| attn_res_L32_n8_d1536 | 8 | 4 | 32 | 32 | naive | ? | 11.76178 | attn_res_L32_n8_d1536_pp8_vp4_naive |
| attn_res_L32_n8_d2048 | 8 | 4 | 32 | 32 | naive | ? | 11.76178 | attn_res_L32_n8_d2048_pp8_vp4_naive |

===============================================================
[Tue May 12 07:57:37 AM UTC 2026] L=32 N=8 widen-dim smoke DONE
===============================================================
