===============================================================
[Tue May 12 09:47:36 AM UTC 2026] OVERNIGHT CHAIN START
===============================================================
[Tue May 12 09:47:36 AM UTC 2026] DISK GUARD (start): free=284 GiB
[Tue May 12 09:47:36 AM UTC 2026] Waiting for L=32 e16 adapter run to finish...
[Tue May 12 09:49:36 AM UTC 2026] L=32 e16 adapter run finished (or errored).
 create mode 100755 phase3/run_l24_adapter_sweep.sh
 create mode 100755 phase3/run_overnight_pp_naive_then_grpo.sh
 create mode 100755 phase4/run_kimi48b_downscale_sweep.sh
To github.com:QIU023/torchtitan_attention_residual.git
   98634e4..fea0071  main -> main

===============================================================
[Tue May 12 09:49:46 AM UTC 2026] Step 1/4: naive L=24 N=8 d1280 e32 PP=8 × VP=3 START
===============================================================
[rank7]:[titan] 2026-05-12 09:50:03,691 - httpx - INFO - HTTP Request: GET https://huggingface.co/api/datasets/allenai/c4/tree/1588ec454efa1a09f29cd18ddd04fe05fc8653a2/en?recursive=false&expand=false "HTTP/1.1 200 OK"
[rank7]:[titan] 2026-05-12 09:50:04,014 - httpx - INFO - HTTP Request: GET https://huggingface.co/api/datasets/allenai/c4/tree/1588ec454efa1a09f29cd18ddd04fe05fc8653a2/en?expand=false&recursive=false&limit=1000&cursor=ZXlKbWFXeGxYMjVoYldVaU9pSmxiaTlqTkMxMGNtRnBiaTR3TURrNU9TMXZaaTB3TVRBeU5DNXFjMjl1TG1kNklpd2lkSEpsWlY5dmFXUWlPaUprWXprME0yTTBZelF3WmpVelpEQXlZak14WTJWa01XUmxabUUzWlRWbU5ETTRaRFU0TmpKbEluMD06MTAwMA%3D%3D "HTTP/1.1 200 OK"
[rank7]:[titan] 2026-05-12 09:50:04,202 - httpx - INFO - HTTP Request: GET https://huggingface.co/datasets/allenai/c4/resolve/1588ec454efa1a09f29cd18ddd04fe05fc8653a2/en/c4-train.00000-of-01024.json.gz "HTTP/1.1 302 Found"
[rank7]:[titan] 2026-05-12 09:50:04,451 - httpx - INFO - HTTP Request: GET https://cas-bridge.xethub.hf.co/xet-bridge-us/621ffdd236468d709f182a80/6656aac078668b0d5feb1cfb7b04def05bff73e7e375d0a66e252827336ac1a8?X-Amz-Algorithm=AWS4-HMAC-SHA256&X-Amz-Content-Sha256=UNSIGNED-PAYLOAD&X-Amz-Credential=cas%2F20260512%2Fus-east-1%2Fs3%2Faws4_request&X-Amz-Date=20260512T095004Z&X-Amz-Expires=3600&X-Amz-Signature=122cd13ca161387c91cf045729c2868929b8f36484889bee1b9b2527c86f6fd3&X-Amz-SignedHeaders=host&X-Xet-Cas-Uid=public&response-content-disposition=inline%3B+filename*%3DUTF-8%27%27c4-train.00000-of-01024.json.gz%3B+filename%3D%22c4-train.00000-of-01024.json.gz%22%3B&response-content-type=application%2Fgzip&x-amz-checksum-mode=ENABLED&x-id=GetObject&Expires=1778583004&Policy=eyJTdGF0ZW1lbnQiOlt7IkNvbmRpdGlvbiI6eyJEYXRlTGVzc1RoYW4iOnsiQVdTOkVwb2NoVGltZSI6MTc3ODU4MzAwNH19LCJSZXNvdXJjZSI6Imh0dHBzOi8vY2FzLWJyaWRnZS54ZXRodWIuaGYuY28veGV0LWJyaWRnZS11cy82MjFmZmRkMjM2NDY4ZDcwOWYxODJhODAvNjY1NmFhYzA3ODY2OGIwZDVmZWIxY2ZiN2IwNGRlZjA1YmZmNzNlN2UzNzVkMGE2NmUyNTI4MjczMzZhYzFhOCoifV19&Signature=rWNI6KmLqwRbJHknaNj45ZmJ4VNmSJgEYq3BTWBJoNm7jBRWq9mCa9iuMTR6bDc5ovWCh9S4lR0%7E9n-OUDXJIbJrLDNff-VW5hQ5GT8vC5eZXtP1KwxRw2nz7%7EoVojO2WfIFaXlqC%7EfOIBXjsi7ueNlAI5Dhf-26tlBtW4BkkDAWfb4ykqNRmo-1W-LEuUYe3km0qEbTL8t0vGpAw5B1DFQ1dV3xUcFlAVqL4VKGkrNONMnAGQ2UDKvhX8qu6oKaSg4PGBeP4FeAPu9zgn8O1LSXfZrxiWsbHX%7EmqHio%7EeNPR3oA%7EP1HpBQ32B5GhxqO5l06A%7EpAh1o7xwqhZOmKzQ__&Key-Pair-Id=K2L8F4GPSG1IFC "HTTP/1.1 206 Partial Content"
[rank7]:[titan] 2026-05-12 09:50:16,023 - root - INFO - [31mstep:  1  [32mloss: 12.25661  [38;2;180;60;0mgrad_norm: 145286.2969  [38;2;54;234;195mmemory: 20.66GiB(65.88%)  [34mtps: 233  [36mtflops: 4.70  [35mmfu: 1.51%[39m
[rank7]:[titan] 2026-05-12 09:50:16,024 - root - INFO - Synchronizing and adjusting timeout for all ProcessGroups to 0:01:40
[rank7]:[titan] 2026-05-12 09:50:39,205 - root - INFO - [31mstep: 10  [32mloss: 12.15807  [38;2;180;60;0mgrad_norm: 146140.4219  [38;2;54;234;195mmemory: 25.27GiB(80.58%)  [34mtps: 1,193  [36mtflops: 24.06  [35mmfu: 7.71%[39m
[rank7]:[titan] 2026-05-12 09:51:05,059 - root - INFO - [31mstep: 20  [32mloss: 10.42762  [38;2;180;60;0mgrad_norm: 110076.3125  [38;2;54;234;195mmemory: 25.29GiB(80.64%)  [34mtps: 1,188  [36mtflops: 23.97  [35mmfu: 7.68%[39m
[rank7]:[titan] 2026-05-12 09:51:30,115 - root - INFO - [31mstep: 30  [32mloss:  9.26301  [38;2;180;60;0mgrad_norm: 35304.3633  [38;2;54;234;195mmemory: 25.29GiB(80.64%)  [34mtps: 1,226  [36mtflops: 24.73  [35mmfu: 7.93%[39m
[rank7]:[titan] 2026-05-12 09:51:54,309 - root - INFO - [31mstep: 40  [32mloss:  8.12513  [38;2;180;60;0mgrad_norm: 22977.1074  [38;2;54;234;195mmemory: 25.29GiB(80.64%)  [34mtps: 1,270  [36mtflops: 25.61  [35mmfu: 8.21%[39m
[rank7]:[titan] 2026-05-12 09:52:15,928 - root - INFO - [GC] Performing periodic GC collection took 0.04 seconds
[rank7]:[titan] 2026-05-12 09:52:18,386 - root - INFO - [31mstep: 50  [32mloss:  7.81604  [38;2;180;60;0mgrad_norm: 15404.7529  [38;2;54;234;195mmemory: 25.29GiB(80.64%)  [34mtps: 1,276  [36mtflops: 25.74  [35mmfu: 8.25%[39m
[rank7]:[titan] 2026-05-12 09:52:42,090 - root - INFO - [31mstep: 60  [32mloss:  7.88901  [38;2;180;60;0mgrad_norm: 17301.9219  [38;2;54;234;195mmemory: 25.29GiB(80.64%)  [34mtps: 1,296  [36mtflops: 26.14  [35mmfu: 8.38%[39m
[rank7]:[titan] 2026-05-12 09:53:05,958 - root - INFO - [31mstep: 70  [32mloss:  7.70997  [38;2;180;60;0mgrad_norm: 23080.2344  [38;2;54;234;195mmemory: 25.29GiB(80.64%)  [34mtps: 1,287  [36mtflops: 25.96  [35mmfu: 8.32%[39m
[rank7]:[titan] 2026-05-12 09:53:30,446 - root - INFO - [31mstep: 80  [32mloss:  7.86118  [38;2;180;60;0mgrad_norm: 18943.4395  [38;2;54;234;195mmemory: 25.33GiB(80.77%)  [34mtps: 1,255  [36mtflops: 25.30  [35mmfu: 8.11%[39m
[rank7]:[titan] 2026-05-12 09:53:43,020 - httpx - INFO - HTTP Request: GET https://huggingface.co/datasets/allenai/c4/resolve/1588ec454efa1a09f29cd18ddd04fe05fc8653a2/en/c4-train.00000-of-01024.json.gz "HTTP/1.1 302 Found"
[rank7]:[titan] 2026-05-12 09:53:43,268 - httpx - INFO - HTTP Request: GET https://cas-bridge.xethub.hf.co/xet-bridge-us/621ffdd236468d709f182a80/6656aac078668b0d5feb1cfb7b04def05bff73e7e375d0a66e252827336ac1a8?X-Amz-Algorithm=AWS4-HMAC-SHA256&X-Amz-Content-Sha256=UNSIGNED-PAYLOAD&X-Amz-Credential=cas%2F20260512%2Fus-east-1%2Fs3%2Faws4_request&X-Amz-Date=20260512T094818Z&X-Amz-Expires=3600&X-Amz-Signature=7c25cbb0ce833dcef7b331fde1a759444aeb3a8d7c187a82e806a2386aac3fb2&X-Amz-SignedHeaders=host&X-Xet-Cas-Uid=public&response-content-disposition=inline%3B+filename*%3DUTF-8%27%27c4-train.00000-of-01024.json.gz%3B+filename%3D%22c4-train.00000-of-01024.json.gz%22%3B&response-content-type=application%2Fgzip&x-amz-checksum-mode=ENABLED&x-id=GetObject&Expires=1778582898&Policy=eyJTdGF0ZW1lbnQiOlt7IkNvbmRpdGlvbiI6eyJEYXRlTGVzc1RoYW4iOnsiQVdTOkVwb2NoVGltZSI6MTc3ODU4Mjg5OH19LCJSZXNvdXJjZSI6Imh0dHBzOi8vY2FzLWJyaWRnZS54ZXRodWIuaGYuY28veGV0LWJyaWRnZS11cy82MjFmZmRkMjM2NDY4ZDcwOWYxODJhODAvNjY1NmFhYzA3ODY2OGIwZDVmZWIxY2ZiN2IwNGRlZjA1YmZmNzNlN2UzNzVkMGE2NmUyNTI4MjczMzZhYzFhOCoifV19&Signature=XxD6-MGMXYClXHi-saiZvnIwmgph8rGgF-BYlUuKSUosGL3YOBrVoW1fxUrDfPgW9sjn-bbfaIx24yZLZp62KOkTRLuPAPpGm5TbVFDULVZ1pbzwMoV8JX4OCBaMJMUUxqIlAbGkc6XXGFxDChnZM4fWH7HUe-bmlm2OJbmLD%7ECg-KJo2g-G2EKIFsiDr3xZdf8XVDT9z-ldtqvJ1UL-q65gsg3vViqvwbUzuxi9YPg%7EnbfIPWdjR7SYDnOlNfe0WIRmsBgx7Gir2F4HoXmBOub8itqkj1B2LeKt4zdzWUl5JVoQnin6gBFZ-OdLa9KlS9U5tPDRHruqsZjcxhTloA__&Key-Pair-Id=K2L8F4GPSG1IFC "HTTP/1.1 206 Partial Content"
[rank7]:[titan] 2026-05-12 09:54:03,164 - root - INFO - [31mstep: 90  [32mloss:  7.95661  [38;2;180;60;0mgrad_norm: 20390.0352  [38;2;54;234;195mmemory: 25.33GiB(80.77%)  [34mtps: 939  [36mtflops: 18.94  [35mmfu: 6.07%[39m
[rank7]:[titan] 2026-05-12 09:54:24,636 - root - INFO - [GC] Performing periodic GC collection took 0.01 seconds
[rank7]:[titan] 2026-05-12 09:54:27,202 - root - INFO - [31mstep: 100  [32mloss:  7.93917  [38;2;180;60;0mgrad_norm: 27448.5234  [38;2;54;234;195mmemory: 25.33GiB(80.77%)  [34mtps: 1,278  [36mtflops: 25.78  [35mmfu: 8.26%[39m
[rank7]:[titan] 2026-05-12 09:54:52,206 - root - INFO - [31mstep: 110  [32mloss:  7.67798  [38;2;180;60;0mgrad_norm: 18516.4277  [38;2;54;234;195mmemory: 25.33GiB(80.77%)  [34mtps: 1,229  [36mtflops: 24.78  [35mmfu: 7.94%[39m
[rank7]:[titan] 2026-05-12 09:55:17,036 - root - INFO - [31mstep: 120  [32mloss:  7.30198  [38;2;180;60;0mgrad_norm: 20041.0840  [38;2;54;234;195mmemory: 25.33GiB(80.77%)  [34mtps: 1,237  [36mtflops: 24.95  [35mmfu: 8.00%[39m
[rank7]:[titan] 2026-05-12 09:55:42,672 - root - INFO - [31mstep: 130  [32mloss:  7.06636  [38;2;180;60;0mgrad_norm: 21369.0449  [38;2;54;234;195mmemory: 25.33GiB(80.77%)  [34mtps: 1,198  [36mtflops: 24.17  [35mmfu: 7.75%[39m
[rank7]:[titan] 2026-05-12 09:56:08,281 - root - INFO - [31mstep: 140  [32mloss:  6.97084  [38;2;180;60;0mgrad_norm: 20149.1855  [38;2;54;234;195mmemory: 25.33GiB(80.77%)  [34mtps: 1,200  [36mtflops: 24.20  [35mmfu: 7.76%[39m
[rank7]:[titan] 2026-05-12 09:56:31,065 - root - INFO - [GC] Performing periodic GC collection took 0.01 seconds
[rank7]:[titan] 2026-05-12 09:56:33,732 - root - INFO - [31mstep: 150  [32mloss:  6.75447  [38;2;180;60;0mgrad_norm: 14754.5889  [38;2;54;234;195mmemory: 25.33GiB(80.77%)  [34mtps: 1,207  [36mtflops: 24.34  [35mmfu: 7.80%[39m
[rank7]:[titan] 2026-05-12 09:56:59,098 - root - INFO - [31mstep: 160  [32mloss:  6.83855  [38;2;180;60;0mgrad_norm: 17839.2773  [38;2;54;234;195mmemory: 25.33GiB(80.77%)  [34mtps: 1,211  [36mtflops: 24.43  [35mmfu: 7.83%[39m
[rank7]:[titan] 2026-05-12 09:57:23,750 - root - INFO - [31mstep: 170  [32mloss:  6.57407  [38;2;180;60;0mgrad_norm: 21414.0996  [38;2;54;234;195mmemory: 25.33GiB(80.77%)  [34mtps: 1,246  [36mtflops: 25.14  [35mmfu: 8.06%[39m
[rank7]:[titan] 2026-05-12 09:57:24,208 - httpx - INFO - HTTP Request: GET https://huggingface.co/datasets/allenai/c4/resolve/1588ec454efa1a09f29cd18ddd04fe05fc8653a2/en/c4-train.00000-of-01024.json.gz "HTTP/1.1 302 Found"
[rank7]:[titan] 2026-05-12 09:57:24,454 - httpx - INFO - HTTP Request: GET https://cas-bridge.xethub.hf.co/xet-bridge-us/621ffdd236468d709f182a80/6656aac078668b0d5feb1cfb7b04def05bff73e7e375d0a66e252827336ac1a8?X-Amz-Algorithm=AWS4-HMAC-SHA256&X-Amz-Content-Sha256=UNSIGNED-PAYLOAD&X-Amz-Credential=cas%2F20260512%2Fus-east-1%2Fs3%2Faws4_request&X-Amz-Date=20260512T095724Z&X-Amz-Expires=3600&X-Amz-Signature=d3e0deea9076388d8df4a0c6042da516618be5f3fa8f9d7b7c23f425dc2b96c9&X-Amz-SignedHeaders=host&X-Xet-Cas-Uid=public&response-content-disposition=inline%3B+filename*%3DUTF-8%27%27c4-train.00000-of-01024.json.gz%3B+filename%3D%22c4-train.00000-of-01024.json.gz%22%3B&response-content-type=application%2Fgzip&x-amz-checksum-mode=ENABLED&x-id=GetObject&Expires=1778583444&Policy=eyJTdGF0ZW1lbnQiOlt7IkNvbmRpdGlvbiI6eyJEYXRlTGVzc1RoYW4iOnsiQVdTOkVwb2NoVGltZSI6MTc3ODU4MzQ0NH19LCJSZXNvdXJjZSI6Imh0dHBzOi8vY2FzLWJyaWRnZS54ZXRodWIuaGYuY28veGV0LWJyaWRnZS11cy82MjFmZmRkMjM2NDY4ZDcwOWYxODJhODAvNjY1NmFhYzA3ODY2OGIwZDVmZWIxY2ZiN2IwNGRlZjA1YmZmNzNlN2UzNzVkMGE2NmUyNTI4MjczMzZhYzFhOCoifV19&Signature=oHuGhDESEuKFdDjzq0Unibc%7EmhmpxjNA0G6Ww6tnqQ4Po%7Eipu4OZp5847kFUit%7ER0DQVmZu5JB6AkLpufMD%7EVUA8weLWCh1WgPRl4HPfANL4VPtaVkD0Oob5k%7E8C8l1P4G6DrwfW8MDdK3aZXzqIAFGU7cvwWiLYlrn95YTCCApgCKn0I%7EngcflUV5x10kV-%7EPcVqgp%7Eqa3xaxjjFEY9HMBX%7E6xmizY0tB0TH0y1KPMtvjfM661zkSKn06COcO1sOu2wUzEFEpsrb0rIzV-WPxLChYZielI-grh3YIp%7ElN1TOhBhez0%7EEQ5cpgx7vC4%7EjCScMOy8MX2Pj352bu-qmg__&Key-Pair-Id=K2L8F4GPSG1IFC "HTTP/1.1 206 Partial Content"
[rank7]:[titan] 2026-05-12 09:57:54,437 - root - INFO - [31mstep: 180  [32mloss:  6.50642  [38;2;180;60;0mgrad_norm: 15138.5977  [38;2;54;234;195mmemory: 25.33GiB(80.77%)  [34mtps: 1,001  [36mtflops: 20.19  [35mmfu: 6.47%[39m
[rank7]:[titan] 2026-05-12 09:58:20,248 - root - INFO - [31mstep: 190  [32mloss:  6.51856  [38;2;180;60;0mgrad_norm: 24632.3125  [38;2;54;234;195mmemory: 25.33GiB(80.77%)  [34mtps: 1,190  [36mtflops: 24.01  [35mmfu: 7.69%[39m
[rank7]:[titan] 2026-05-12 09:58:43,201 - root - INFO - [GC] Performing periodic GC collection took 0.01 seconds
[rank7]:[titan] 2026-05-12 09:58:45,907 - root - INFO - [31mstep: 200  [32mloss:  6.24277  [38;2;180;60;0mgrad_norm: 15329.9307  [38;2;54;234;195mmemory: 25.33GiB(80.77%)  [34mtps: 1,197  [36mtflops: 24.15  [35mmfu: 7.74%[39m
[rank7]:[titan] 2026-05-12 09:59:11,605 - root - INFO - [31mstep: 210  [32mloss:  6.40980  [38;2;180;60;0mgrad_norm: 18580.4609  [38;2;54;234;195mmemory: 25.33GiB(80.77%)  [34mtps: 1,196  [36mtflops: 24.11  [35mmfu: 7.73%[39m
[rank7]:[titan] 2026-05-12 09:59:37,426 - root - INFO - [31mstep: 220  [32mloss:  6.40548  [38;2;180;60;0mgrad_norm: 18620.2969  [38;2;54;234;195mmemory: 25.33GiB(80.77%)  [34mtps: 1,190  [36mtflops: 24.00  [35mmfu: 7.69%[39m
[rank7]:[titan] 2026-05-12 10:00:03,150 - root - INFO - [31mstep: 230  [32mloss:  6.48138  [38;2;180;60;0mgrad_norm: 22790.8809  [38;2;54;234;195mmemory: 25.33GiB(80.77%)  [34mtps: 1,194  [36mtflops: 24.09  [35mmfu: 7.72%[39m
[rank7]:[titan] 2026-05-12 10:00:28,910 - root - INFO - [31mstep: 240  [32mloss:  6.37055  [38;2;180;60;0mgrad_norm: 17329.3711  [38;2;54;234;195mmemory: 25.33GiB(80.77%)  [34mtps: 1,193  [36mtflops: 24.05  [35mmfu: 7.71%[39m
[rank7]:[titan] 2026-05-12 10:00:51,949 - root - INFO - [GC] Performing periodic GC collection took 0.00 seconds
[rank7]:[titan] 2026-05-12 10:00:54,685 - root - INFO - [31mstep: 250  [32mloss:  6.30115  [38;2;180;60;0mgrad_norm: 14873.9033  [38;2;54;234;195mmemory: 25.33GiB(80.77%)  [34mtps: 1,192  [36mtflops: 24.04  [35mmfu: 7.70%[39m
[rank7]:[titan] 2026-05-12 10:01:10,452 - httpx - INFO - HTTP Request: GET https://huggingface.co/datasets/allenai/c4/resolve/1588ec454efa1a09f29cd18ddd04fe05fc8653a2/en/c4-train.00000-of-01024.json.gz "HTTP/1.1 302 Found"
[rank7]:[titan] 2026-05-12 10:01:10,662 - httpx - INFO - HTTP Request: GET https://cas-bridge.xethub.hf.co/xet-bridge-us/621ffdd236468d709f182a80/6656aac078668b0d5feb1cfb7b04def05bff73e7e375d0a66e252827336ac1a8?X-Amz-Algorithm=AWS4-HMAC-SHA256&X-Amz-Content-Sha256=UNSIGNED-PAYLOAD&X-Amz-Credential=cas%2F20260512%2Fus-east-1%2Fs3%2Faws4_request&X-Amz-Date=20260512T100110Z&X-Amz-Expires=3600&X-Amz-Signature=86eaeecc524ae4a20bdea7fec50959325e4aad1508559fe6e90b56cd74dbae3c&X-Amz-SignedHeaders=host&X-Xet-Cas-Uid=public&response-content-disposition=inline%3B+filename*%3DUTF-8%27%27c4-train.00000-of-01024.json.gz%3B+filename%3D%22c4-train.00000-of-01024.json.gz%22%3B&response-content-type=application%2Fgzip&x-amz-checksum-mode=ENABLED&x-id=GetObject&Expires=1778583670&Policy=eyJTdGF0ZW1lbnQiOlt7IkNvbmRpdGlvbiI6eyJEYXRlTGVzc1RoYW4iOnsiQVdTOkVwb2NoVGltZSI6MTc3ODU4MzY3MH19LCJSZXNvdXJjZSI6Imh0dHBzOi8vY2FzLWJyaWRnZS54ZXRodWIuaGYuY28veGV0LWJyaWRnZS11cy82MjFmZmRkMjM2NDY4ZDcwOWYxODJhODAvNjY1NmFhYzA3ODY2OGIwZDVmZWIxY2ZiN2IwNGRlZjA1YmZmNzNlN2UzNzVkMGE2NmUyNTI4MjczMzZhYzFhOCoifV19&Signature=Arkgw8BC239PJO5SiPotaJ8fbQtAZoD1lsYXVpr-WTbjsqc54Hv6D-7qvmGE3pQQXKNUOG8kddCYgta70G-FmiYftoQOaB8aImklb91FoVObThAshzP4gkjXwJjFnwq66TXs86uBkRdDfDRW3CrbacYJsmleqBHCRla3YEjw2Rv3oH8-G39fgnGpn3O3Hc1gp9vGccwzlrXRcxrAHNK1x6cuRlBjx5ri3iECg748guWCIAApZRohRhV0C6AvOS-rUJHR8LC9juMIUMqX1sO%7E5h1Ogirp3uajmeqeAxBskGHcCXAR%7E1Nu70694poo4aYLrRRmVQp40ajxEU6VICK6VQ__&Key-Pair-Id=K2L8F4GPSG1IFC "HTTP/1.1 206 Partial Content"
[rank7]:[titan] 2026-05-12 10:01:21,716 - root - INFO - [31mstep: 260  [32mloss:  6.16347  [38;2;180;60;0mgrad_norm: 21374.8438  [38;2;54;234;195mmemory: 25.33GiB(80.77%)  [34mtps: 1,137  [36mtflops: 22.92  [35mmfu: 7.35%[39m
[rank7]:[titan] 2026-05-12 10:01:47,383 - root - INFO - [31mstep: 270  [32mloss:  6.14441  [38;2;180;60;0mgrad_norm: 15594.1523  [38;2;54;234;195mmemory: 25.33GiB(80.77%)  [34mtps: 1,197  [36mtflops: 24.14  [35mmfu: 7.74%[39m
[rank7]:[titan] 2026-05-12 10:02:13,124 - root - INFO - [31mstep: 280  [32mloss:  6.29577  [38;2;180;60;0mgrad_norm: 20712.1152  [38;2;54;234;195mmemory: 25.33GiB(80.77%)  [34mtps: 1,193  [36mtflops: 24.07  [35mmfu: 7.71%[39m
[rank7]:[titan] 2026-05-12 10:02:38,905 - root - INFO - [31mstep: 290  [32mloss:  6.16607  [38;2;180;60;0mgrad_norm: 15188.1387  [38;2;54;234;195mmemory: 25.33GiB(80.77%)  [34mtps: 1,192  [36mtflops: 24.03  [35mmfu: 7.70%[39m
[rank7]:[titan] 2026-05-12 10:03:01,979 - root - INFO - [GC] Performing periodic GC collection took 0.01 seconds
[rank7]:[titan] 2026-05-12 10:03:04,680 - root - INFO - [31mstep: 300  [32mloss:  6.18739  [38;2;180;60;0mgrad_norm: 17452.4395  [38;2;54;234;195mmemory: 25.33GiB(80.77%)  [34mtps: 1,192  [36mtflops: 24.04  [35mmfu: 7.70%[39m
[rank7]:[titan] 2026-05-12 10:03:04,680 - root - INFO - Training completed
[rank7]:[titan] 2026-05-12 10:03:06,755 - root - INFO - Process group destroyed
[Tue May 12 10:03:09 AM UTC 2026] Step 1/4 DONE — out: /workspace/torchtitan_attention_residual/phase3/runs/kimi48b_d1280_e32_L24N8_pp8vp3_naive_20260512-094946
[Tue May 12 10:03:09 AM UTC 2026] DISK GUARD (after-naive-L24): free=284 GiB
[Tue May 12 10:03:09 AM UTC 2026] commit_push (naive L=24 N=8 d1280 e32 PP=8 VP=3 done): nothing to commit

===============================================================
[Tue May 12 10:03:09 AM UTC 2026] Step 2/4: naive L=32 N=8 d1280 e16 PP=8 × VP=4 START
===============================================================
[rank7]:[titan] 2026-05-12 10:03:22,829 - httpx - INFO - HTTP Request: GET https://huggingface.co/api/datasets/allenai/c4/tree/1588ec454efa1a09f29cd18ddd04fe05fc8653a2/en?recursive=false&expand=false "HTTP/1.1 200 OK"
[rank7]:[titan] 2026-05-12 10:03:23,173 - httpx - INFO - HTTP Request: GET https://huggingface.co/api/datasets/allenai/c4/tree/1588ec454efa1a09f29cd18ddd04fe05fc8653a2/en?expand=false&recursive=false&limit=1000&cursor=ZXlKbWFXeGxYMjVoYldVaU9pSmxiaTlqTkMxMGNtRnBiaTR3TURrNU9TMXZaaTB3TVRBeU5DNXFjMjl1TG1kNklpd2lkSEpsWlY5dmFXUWlPaUprWXprME0yTTBZelF3WmpVelpEQXlZak14WTJWa01XUmxabUUzWlRWbU5ETTRaRFU0TmpKbEluMD06MTAwMA%3D%3D "HTTP/1.1 200 OK"
[rank7]:[titan] 2026-05-12 10:03:23,351 - httpx - INFO - HTTP Request: GET https://huggingface.co/datasets/allenai/c4/resolve/1588ec454efa1a09f29cd18ddd04fe05fc8653a2/en/c4-train.00000-of-01024.json.gz "HTTP/1.1 302 Found"
[rank7]:[titan] 2026-05-12 10:03:23,591 - httpx - INFO - HTTP Request: GET https://cas-bridge.xethub.hf.co/xet-bridge-us/621ffdd236468d709f182a80/6656aac078668b0d5feb1cfb7b04def05bff73e7e375d0a66e252827336ac1a8?X-Amz-Algorithm=AWS4-HMAC-SHA256&X-Amz-Content-Sha256=UNSIGNED-PAYLOAD&X-Amz-Credential=cas%2F20260512%2Fus-east-1%2Fs3%2Faws4_request&X-Amz-Date=20260512T100323Z&X-Amz-Expires=3600&X-Amz-Signature=20c9c91f42be5a1a7d143aab026f289c1066f356d74e4824f5e144c61ee368d1&X-Amz-SignedHeaders=host&X-Xet-Cas-Uid=public&response-content-disposition=inline%3B+filename*%3DUTF-8%27%27c4-train.00000-of-01024.json.gz%3B+filename%3D%22c4-train.00000-of-01024.json.gz%22%3B&response-content-type=application%2Fgzip&x-amz-checksum-mode=ENABLED&x-id=GetObject&Expires=1778583803&Policy=eyJTdGF0ZW1lbnQiOlt7IkNvbmRpdGlvbiI6eyJEYXRlTGVzc1RoYW4iOnsiQVdTOkVwb2NoVGltZSI6MTc3ODU4MzgwM319LCJSZXNvdXJjZSI6Imh0dHBzOi8vY2FzLWJyaWRnZS54ZXRodWIuaGYuY28veGV0LWJyaWRnZS11cy82MjFmZmRkMjM2NDY4ZDcwOWYxODJhODAvNjY1NmFhYzA3ODY2OGIwZDVmZWIxY2ZiN2IwNGRlZjA1YmZmNzNlN2UzNzVkMGE2NmUyNTI4MjczMzZhYzFhOCoifV19&Signature=mgRdjK4tlfU6pZOdiNboTIX-nEolLF1e%7Epg9meuxnUb5y1%7EWffTtAsMMTNMdjRhSgrfRs9KbLkQCH2W4VVMs0ENb391PWiX%7EPfcQh97%7EhHaHlUtCOYGZWhfy1DB--xGEEphOWpnPa0UkFtZbpMPd3XFKdIWGCfPilsvTCnDVowQ8To085vCP9WO9OWAOW3PCNizlGrk7e03lhOsbwBrNHuQ6d2VWvGVDffrKvk1eIxeAg4EzP6oXNXleJTDBJgnoqHfCwkzJyHxIIXednanAFXyELzUjKoeSBoyJXUSJfUrNqzbE4Cx1VNg9abnnAMHx0DDbiXfBwxXglKvW6mNVJw__&Key-Pair-Id=K2L8F4GPSG1IFC "HTTP/1.1 206 Partial Content"
[rank7]:[titan] 2026-05-12 10:03:36,189 - root - INFO - [31mstep:  1  [32mloss: 12.26216  [38;2;180;60;0mgrad_norm: 212311.3125  [38;2;54;234;195mmemory: 23.98GiB(76.48%)  [34mtps: 286  [36mtflops: 4.28  [35mmfu: 1.37%[39m
[rank7]:[titan] 2026-05-12 10:03:36,190 - root - INFO - Synchronizing and adjusting timeout for all ProcessGroups to 0:01:40
[rank7]:[titan] 2026-05-12 10:04:10,184 - root - INFO - [31mstep: 10  [32mloss: 12.14108  [38;2;180;60;0mgrad_norm: 214881.4688  [38;2;54;234;195mmemory: 27.83GiB(88.75%)  [34mtps: 1,084  [36mtflops: 16.25  [35mmfu: 5.21%[39m
[rank7]:[titan] 2026-05-12 10:04:48,865 - root - INFO - [31mstep: 20  [32mloss: 10.23792  [38;2;180;60;0mgrad_norm: 89676.4531  [38;2;54;234;195mmemory: 27.89GiB(88.94%)  [34mtps: 1,059  [36mtflops: 15.87  [35mmfu: 5.09%[39m
[rank7]:[titan] 2026-05-12 10:05:26,933 - root - INFO - [31mstep: 30  [32mloss:  9.05090  [38;2;180;60;0mgrad_norm: 50770.8477  [38;2;54;234;195mmemory: 27.89GiB(88.94%)  [34mtps: 1,076  [36mtflops: 16.13  [35mmfu: 5.17%[39m
[rank7]:[titan] 2026-05-12 10:06:04,818 - root - INFO - [31mstep: 40  [32mloss:  8.15290  [38;2;180;60;0mgrad_norm: 32005.7207  [38;2;54;234;195mmemory: 27.89GiB(88.94%)  [34mtps: 1,081  [36mtflops: 16.20  [35mmfu: 5.19%[39m
[rank7]:[titan] 2026-05-12 10:06:38,347 - root - INFO - [GC] Performing periodic GC collection took 0.03 seconds
[rank7]:[titan] 2026-05-12 10:06:42,163 - root - INFO - [31mstep: 50  [32mloss:  7.78778  [38;2;180;60;0mgrad_norm: 20092.9434  [38;2;54;234;195mmemory: 27.89GiB(88.94%)  [34mtps: 1,097  [36mtflops: 16.44  [35mmfu: 5.27%[39m
[rank7]:[titan] 2026-05-12 10:07:19,241 - root - INFO - [31mstep: 60  [32mloss:  7.91166  [38;2;180;60;0mgrad_norm: 19335.7227  [38;2;54;234;195mmemory: 27.91GiB(89.00%)  [34mtps: 1,105  [36mtflops: 16.56  [35mmfu: 5.31%[39m
[rank7]:[titan] 2026-05-12 10:07:30,901 - httpx - INFO - HTTP Request: GET https://huggingface.co/datasets/allenai/c4/resolve/1588ec454efa1a09f29cd18ddd04fe05fc8653a2/en/c4-train.00000-of-01024.json.gz "HTTP/1.1 302 Found"
[rank7]:[titan] 2026-05-12 10:07:31,147 - httpx - INFO - HTTP Request: GET https://cas-bridge.xethub.hf.co/xet-bridge-us/621ffdd236468d709f182a80/6656aac078668b0d5feb1cfb7b04def05bff73e7e375d0a66e252827336ac1a8?X-Amz-Algorithm=AWS4-HMAC-SHA256&X-Amz-Content-Sha256=UNSIGNED-PAYLOAD&X-Amz-Credential=cas%2F20260512%2Fus-east-1%2Fs3%2Faws4_request&X-Amz-Date=20260512T100730Z&X-Amz-Expires=3600&X-Amz-Signature=b9560e28f675ce3f7efae777d7188b2d1a3123f35ebad8ed2f1312513982fb56&X-Amz-SignedHeaders=host&X-Xet-Cas-Uid=public&response-content-disposition=inline%3B+filename*%3DUTF-8%27%27c4-train.00000-of-01024.json.gz%3B+filename%3D%22c4-train.00000-of-01024.json.gz%22%3B&response-content-type=application%2Fgzip&x-amz-checksum-mode=ENABLED&x-id=GetObject&Expires=1778584050&Policy=eyJTdGF0ZW1lbnQiOlt7IkNvbmRpdGlvbiI6eyJEYXRlTGVzc1RoYW4iOnsiQVdTOkVwb2NoVGltZSI6MTc3ODU4NDA1MH19LCJSZXNvdXJjZSI6Imh0dHBzOi8vY2FzLWJyaWRnZS54ZXRodWIuaGYuY28veGV0LWJyaWRnZS11cy82MjFmZmRkMjM2NDY4ZDcwOWYxODJhODAvNjY1NmFhYzA3ODY2OGIwZDVmZWIxY2ZiN2IwNGRlZjA1YmZmNzNlN2UzNzVkMGE2NmUyNTI4MjczMzZhYzFhOCoifV19&Signature=M7sxIOlSTusNtQ7jixI25D%7E03BTfszRJO4ynH-n9ApEdxvyv4F8XKiDDLwFShdoL6K59AQVVLpEkM-oh8w-j-9Dksz6YHH4iegf3yGBolWpqQOHfU8dj484wpxRQQ16jgj89RciweUjdYl7PmOFYjl53cVOR7oDAEdoMcpPut9%7EdEDLBSeyFrGSMvMegdSslh86FMz1soT0lj6pOnLLk9KMMCTxa7DJxKe2eVgvwtJuIuPfKROXzKVqMqE4zQAfhkYtAJbLBF0Ql9R-PPF9k8C9X50vJUNR8PPGWu7wz6Jmbw658A5QgzPOURaDbh0W8e%7ENkzMoPny9jxUuZUZPuJw__&Key-Pair-Id=K2L8F4GPSG1IFC "HTTP/1.1 206 Partial Content"
[rank7]:[titan] 2026-05-12 10:07:58,183 - root - INFO - [31mstep: 70  [32mloss:  7.80521  [38;2;180;60;0mgrad_norm: 20487.6328  [38;2;54;234;195mmemory: 27.91GiB(89.00%)  [34mtps: 1,052  [36mtflops: 15.76  [35mmfu: 5.05%[39m
[rank7]:[titan] 2026-05-12 10:08:35,459 - root - INFO - [31mstep: 80  [32mloss:  8.04349  [38;2;180;60;0mgrad_norm: 40353.2734  [38;2;54;234;195mmemory: 27.93GiB(89.06%)  [34mtps: 1,099  [36mtflops: 16.47  [35mmfu: 5.28%[39m
[rank7]:[titan] 2026-05-12 10:09:12,777 - root - INFO - [31mstep: 90  [32mloss:  7.84359  [38;2;180;60;0mgrad_norm: 27253.9902  [38;2;54;234;195mmemory: 27.93GiB(89.06%)  [34mtps: 1,098  [36mtflops: 16.45  [35mmfu: 5.27%[39m
[rank7]:[titan] 2026-05-12 10:09:46,611 - root - INFO - [GC] Performing periodic GC collection took 0.01 seconds
[rank7]:[titan] 2026-05-12 10:09:50,511 - root - INFO - [31mstep: 100  [32mloss:  7.58758  [38;2;180;60;0mgrad_norm: 71067.5000  [38;2;54;234;195mmemory: 27.93GiB(89.06%)  [34mtps: 1,086  [36mtflops: 16.27  [35mmfu: 5.21%[39m
[rank7]:[titan] 2026-05-12 10:10:28,340 - root - INFO - [31mstep: 110  [32mloss:  7.52221  [38;2;180;60;0mgrad_norm: 59393.5586  [38;2;54;234;195mmemory: 27.93GiB(89.06%)  [34mtps: 1,083  [36mtflops: 16.23  [35mmfu: 5.20%[39m
[rank7]:[titan] 2026-05-12 10:11:06,215 - root - INFO - [31mstep: 120  [32mloss:  7.27429  [38;2;180;60;0mgrad_norm: 27722.2266  [38;2;54;234;195mmemory: 27.93GiB(89.06%)  [34mtps: 1,082  [36mtflops: 16.21  [35mmfu: 5.19%[39m
[rank7]:[titan] 2026-05-12 10:11:33,167 - httpx - INFO - HTTP Request: GET https://huggingface.co/datasets/allenai/c4/resolve/1588ec454efa1a09f29cd18ddd04fe05fc8653a2/en/c4-train.00000-of-01024.json.gz "HTTP/1.1 302 Found"
[rank7]:[titan] 2026-05-12 10:11:33,381 - httpx - INFO - HTTP Request: GET https://cas-bridge.xethub.hf.co/xet-bridge-us/621ffdd236468d709f182a80/6656aac078668b0d5feb1cfb7b04def05bff73e7e375d0a66e252827336ac1a8?X-Amz-Algorithm=AWS4-HMAC-SHA256&X-Amz-Content-Sha256=UNSIGNED-PAYLOAD&X-Amz-Credential=cas%2F20260512%2Fus-east-1%2Fs3%2Faws4_request&X-Amz-Date=20260512T101133Z&X-Amz-Expires=3600&X-Amz-Signature=569f1c871588069963d6a69eacb2c6fc1e20cc42e02176e62a44c6f0859593fb&X-Amz-SignedHeaders=host&X-Xet-Cas-Uid=public&response-content-disposition=inline%3B+filename*%3DUTF-8%27%27c4-train.00000-of-01024.json.gz%3B+filename%3D%22c4-train.00000-of-01024.json.gz%22%3B&response-content-type=application%2Fgzip&x-amz-checksum-mode=ENABLED&x-id=GetObject&Expires=1778584293&Policy=eyJTdGF0ZW1lbnQiOlt7IkNvbmRpdGlvbiI6eyJEYXRlTGVzc1RoYW4iOnsiQVdTOkVwb2NoVGltZSI6MTc3ODU4NDI5M319LCJSZXNvdXJjZSI6Imh0dHBzOi8vY2FzLWJyaWRnZS54ZXRodWIuaGYuY28veGV0LWJyaWRnZS11cy82MjFmZmRkMjM2NDY4ZDcwOWYxODJhODAvNjY1NmFhYzA3ODY2OGIwZDVmZWIxY2ZiN2IwNGRlZjA1YmZmNzNlN2UzNzVkMGE2NmUyNTI4MjczMzZhYzFhOCoifV19&Signature=mDsr1I%7EnFuzspBxKeBQ94gTLjAbiE%7EQJTBPbkgOuo3QwtZpU4Q%7E6DIr7oINTpjdAH-J5ad8Za-lTLhOSjsHIBOKq77TtEdGK9SUjWfVezzFBIR3x8VFwQr-M01BcDm-UepS-6Ti7NfhAKYnic381DMQp76mlgCS4BN1Aph5I4inL9QrlX1glKdOJnt6sN3vRtFEibJcktSUhqdvP-ZPfBIOt8kVuxVspYcmW9xvIOe%7Eh8scaRS7XCVI017pfDe1qcxf-F9%7E5OGn3GfZwmSDxI1-jkox%7EISxWP9RpIllgIF1K5r4vr8b-TinmwrfCfwfy0AQHjK-m-Nwdt4PcUct84w__&Key-Pair-Id=K2L8F4GPSG1IFC "HTTP/1.1 206 Partial Content"
[rank7]:[titan] 2026-05-12 10:11:45,516 - root - INFO - [31mstep: 130  [32mloss:  6.97751  [38;2;180;60;0mgrad_norm: 74805.3047  [38;2;54;234;195mmemory: 27.93GiB(89.06%)  [34mtps: 1,042  [36mtflops: 15.62  [35mmfu: 5.01%[39m
[rank7]:[titan] 2026-05-12 10:12:22,870 - root - INFO - [31mstep: 140  [32mloss:  6.90792  [38;2;180;60;0mgrad_norm: 36494.9180  [38;2;54;234;195mmemory: 27.93GiB(89.06%)  [34mtps: 1,097  [36mtflops: 16.43  [35mmfu: 5.27%[39m
[rank7]:[titan] 2026-05-12 10:12:56,839 - root - INFO - [GC] Performing periodic GC collection took 0.01 seconds
[rank7]:[titan] 2026-05-12 10:13:00,723 - root - INFO - [31mstep: 150  [32mloss:  6.59204  [38;2;180;60;0mgrad_norm: 44400.3320  [38;2;54;234;195mmemory: 27.93GiB(89.06%)  [34mtps: 1,082  [36mtflops: 16.22  [35mmfu: 5.20%[39m
[rank7]:[titan] 2026-05-12 10:13:38,739 - root - INFO - [31mstep: 160  [32mloss:  6.60209  [38;2;180;60;0mgrad_norm: 32388.5156  [38;2;54;234;195mmemory: 27.93GiB(89.06%)  [34mtps: 1,077  [36mtflops: 16.15  [35mmfu: 5.18%[39m
[rank7]:[titan] 2026-05-12 10:14:16,719 - root - INFO - [31mstep: 170  [32mloss:  6.62838  [38;2;180;60;0mgrad_norm: 25559.0527  [38;2;54;234;195mmemory: 27.93GiB(89.06%)  [34mtps: 1,079  [36mtflops: 16.16  [35mmfu: 5.18%[39m
[rank7]:[titan] 2026-05-12 10:14:54,883 - root - INFO - [31mstep: 180  [32mloss:  6.56041  [38;2;180;60;0mgrad_norm: 37062.8008  [38;2;54;234;195mmemory: 27.93GiB(89.06%)  [34mtps: 1,073  [36mtflops: 16.08  [35mmfu: 5.16%[39m
[rank7]:[titan] 2026-05-12 10:15:32,893 - root - INFO - [31mstep: 190  [32mloss:  6.60188  [38;2;180;60;0mgrad_norm: 36290.4414  [38;2;54;234;195mmemory: 27.93GiB(89.06%)  [34mtps: 1,078  [36mtflops: 16.15  [35mmfu: 5.18%[39m
[rank7]:[titan] 2026-05-12 10:15:40,766 - httpx - INFO - HTTP Request: GET https://huggingface.co/datasets/allenai/c4/resolve/1588ec454efa1a09f29cd18ddd04fe05fc8653a2/en/c4-train.00000-of-01024.json.gz "HTTP/1.1 302 Found"
[rank7]:[titan] 2026-05-12 10:15:41,013 - httpx - INFO - HTTP Request: GET https://cas-bridge.xethub.hf.co/xet-bridge-us/621ffdd236468d709f182a80/6656aac078668b0d5feb1cfb7b04def05bff73e7e375d0a66e252827336ac1a8?X-Amz-Algorithm=AWS4-HMAC-SHA256&X-Amz-Content-Sha256=UNSIGNED-PAYLOAD&X-Amz-Credential=cas%2F20260512%2Fus-east-1%2Fs3%2Faws4_request&X-Amz-Date=20260512T101540Z&X-Amz-Expires=3600&X-Amz-Signature=b3df5e04be9502ceec437d7b4df78cac787016dd9dc4eb24daaeb7e616897c24&X-Amz-SignedHeaders=host&X-Xet-Cas-Uid=public&response-content-disposition=inline%3B+filename*%3DUTF-8%27%27c4-train.00000-of-01024.json.gz%3B+filename%3D%22c4-train.00000-of-01024.json.gz%22%3B&response-content-type=application%2Fgzip&x-amz-checksum-mode=ENABLED&x-id=GetObject&Expires=1778584540&Policy=eyJTdGF0ZW1lbnQiOlt7IkNvbmRpdGlvbiI6eyJEYXRlTGVzc1RoYW4iOnsiQVdTOkVwb2NoVGltZSI6MTc3ODU4NDU0MH19LCJSZXNvdXJjZSI6Imh0dHBzOi8vY2FzLWJyaWRnZS54ZXRodWIuaGYuY28veGV0LWJyaWRnZS11cy82MjFmZmRkMjM2NDY4ZDcwOWYxODJhODAvNjY1NmFhYzA3ODY2OGIwZDVmZWIxY2ZiN2IwNGRlZjA1YmZmNzNlN2UzNzVkMGE2NmUyNTI4MjczMzZhYzFhOCoifV19&Signature=vOZFjiydR93QMPTXaSAlDFwaN1EZGlmEi91U%7E3mG9GnFtYLDFEepdrC0RAe8slsOHa88z6Lxb4iRwOy0DsQmHSgPUj%7EpcUhftb8iOkF6ZoG0bmfrOtiHPVevKniYnmZex8LFquJQLp-gg1mVK4tC9hE77myaF3z90ti2P7I9EHtKrwDWvmjZNh%7EauvITgk6QQQ95aSl62lwq6LbL0nXtDnwXHVfGz97Lx-XBEL-qdcBn7CyPWT34ULfmAQ-t6ylNZWQfg6cqIpBQIID6e-xXQn9TB4n0u1IrMUXd4dQMgwnNGO0UJt2MJH5b%7E-4QDYYJPyip4jYcqmlptukgBbfkQQ__&Key-Pair-Id=K2L8F4GPSG1IFC "HTTP/1.1 206 Partial Content"
[rank7]:[titan] 2026-05-12 10:16:08,610 - root - INFO - [GC] Performing periodic GC collection took 0.01 seconds
[rank7]:[titan] 2026-05-12 10:16:12,518 - root - INFO - [31mstep: 200  [32mloss:  6.49921  [38;2;180;60;0mgrad_norm: 33846.4648  [38;2;54;234;195mmemory: 27.93GiB(89.06%)  [34mtps: 1,034  [36mtflops: 15.49  [35mmfu: 4.97%[39m
[rank7]:[titan] 2026-05-12 10:16:50,467 - root - INFO - [31mstep: 210  [32mloss:  6.54268  [38;2;180;60;0mgrad_norm: 36844.1758  [38;2;54;234;195mmemory: 27.93GiB(89.06%)  [34mtps: 1,079  [36mtflops: 16.18  [35mmfu: 5.18%[39m
[rank7]:[titan] 2026-05-12 10:17:28,437 - root - INFO - [31mstep: 220  [32mloss:  6.36792  [38;2;180;60;0mgrad_norm: 30280.1289  [38;2;54;234;195mmemory: 27.93GiB(89.06%)  [34mtps: 1,079  [36mtflops: 16.17  [35mmfu: 5.18%[39m
[rank7]:[titan] 2026-05-12 10:18:06,470 - root - INFO - [31mstep: 230  [32mloss:  6.32205  [38;2;180;60;0mgrad_norm: 23852.1309  [38;2;54;234;195mmemory: 27.93GiB(89.06%)  [34mtps: 1,077  [36mtflops: 16.14  [35mmfu: 5.17%[39m
[rank7]:[titan] 2026-05-12 10:18:44,677 - root - INFO - [31mstep: 240  [32mloss:  6.48852  [38;2;180;60;0mgrad_norm: 34771.8164  [38;2;54;234;195mmemory: 27.93GiB(89.06%)  [34mtps: 1,072  [36mtflops: 16.07  [35mmfu: 5.15%[39m
[rank7]:[titan] 2026-05-12 10:19:18,945 - root - INFO - [GC] Performing periodic GC collection took 0.01 seconds
[rank7]:[titan] 2026-05-12 10:19:22,878 - root - INFO - [31mstep: 250  [32mloss:  6.40499  [38;2;180;60;0mgrad_norm: 21715.5938  [38;2;54;234;195mmemory: 27.93GiB(89.06%)  [34mtps: 1,072  [36mtflops: 16.07  [35mmfu: 5.15%[39m
[rank7]:[titan] 2026-05-12 10:20:01,053 - root - INFO - [31mstep: 260  [32mloss:  6.38129  [38;2;180;60;0mgrad_norm: 54285.1641  [38;2;54;234;195mmemory: 27.93GiB(89.06%)  [34mtps: 1,073  [36mtflops: 16.08  [35mmfu: 5.15%[39m
[rank7]:[titan] 2026-05-12 10:20:38,341 - root - INFO - [31mstep: 270  [32mloss:  6.15109  [38;2;180;60;0mgrad_norm: 28049.7441  [38;2;54;234;195mmemory: 27.93GiB(89.06%)  [34mtps: 1,099  [36mtflops: 16.46  [35mmfu: 5.28%[39m
[rank7]:[titan] 2026-05-12 10:21:16,420 - root - INFO - [31mstep: 280  [32mloss:  6.11500  [38;2;180;60;0mgrad_norm: 27077.6230  [38;2;54;234;195mmemory: 27.93GiB(89.06%)  [34mtps: 1,076  [36mtflops: 16.12  [35mmfu: 5.17%[39m
[rank7]:[titan] 2026-05-12 10:21:54,454 - root - INFO - [31mstep: 290  [32mloss:  6.00124  [38;2;180;60;0mgrad_norm: 23976.4922  [38;2;54;234;195mmemory: 27.93GiB(89.06%)  [34mtps: 1,077  [36mtflops: 16.14  [35mmfu: 5.17%[39m
[rank7]:[titan] 2026-05-12 10:22:29,052 - root - INFO - [GC] Performing periodic GC collection took 0.01 seconds
[rank7]:[titan] 2026-05-12 10:22:33,043 - root - INFO - [31mstep: 300  [32mloss:  5.95915  [38;2;180;60;0mgrad_norm: 45567.4375  [38;2;54;234;195mmemory: 27.93GiB(89.06%)  [34mtps: 1,062  [36mtflops: 15.91  [35mmfu: 5.10%[39m
[rank7]:[titan] 2026-05-12 10:22:33,044 - root - INFO - Training completed
[rank7]:[titan] 2026-05-12 10:22:35,083 - root - INFO - Process group destroyed
[Tue May 12 10:22:37 AM UTC 2026] Step 2/4 DONE — out: /workspace/torchtitan_attention_residual/phase3/runs/kimi48b_d1280_e16_L32N8_pp8vp4_naive_20260512-100309
[Tue May 12 10:22:37 AM UTC 2026] DISK GUARD (after-naive-L32): free=284 GiB
[main de1036e] phase3 overnight progress: naive L=32 N=8 d1280 e16 PP=8 VP=4 done
 1 file changed, 27 insertions(+)
To github.com:QIU023/torchtitan_attention_residual.git
   fea0071..de1036e  main -> main

===============================================================
[Tue May 12 10:22:47 AM UTC 2026] Step 3/4: regenerate phase3 report + commit + push
===============================================================
Updated /workspace/torchtitan_attention_residual/phase3/PRESSURE_TEST_REPORT_2026-05-12.md with 7 runs.
[main ca3c5b1] phase3+phase4: kimi 48B-layout PP=8 × VP={3,4} adapter+naive results
 1 file changed, 1 insertion(+), 1 deletion(-)
To github.com:QIU023/torchtitan_attention_residual.git
   de1036e..ca3c5b1  main -> main
[Tue May 12 10:22:57 AM UTC 2026] Step 3/4 done

===============================================================
[Tue May 12 10:22:57 AM UTC 2026] Step 4/4: GRPO overnight with stability fixes
===============================================================
S3_DCP=/root/torchtitan_attention_residual/phase5/runs/vlm_447m_sft_3ep/checkpoint/
S3_HF=/workspace/torchtitan_attention_residual/phase11/hf/vlm_sft_3ep
S3_OUT=/workspace/torchtitan_attention_residual/phase11/rlhf/outputs/grpo_overnight_20260512-102257
[Tue May 12 10:22:58 AM UTC 2026] Step 4/4 GRPO done — out: /workspace/torchtitan_attention_residual/phase11/rlhf/outputs/grpo_overnight_20260512-102257
[Tue May 12 10:22:58 AM UTC 2026] DISK GUARD (after-GRPO): free=284 GiB
[Tue May 12 10:22:58 AM UTC 2026] commit_push (GRPO overnight from vlm_sft_3ep ckpt done): nothing to commit

===============================================================
[Tue May 12 10:22:58 AM UTC 2026] OVERNIGHT CHAIN ALL DONE
===============================================================
