===============================================================
[Tue May 12 09:27:19 AM UTC 2026] kimi 48B-layout d1280 e32 L32 N8 PP=8 VP=4 adapter START
===============================================================
[rank7]:[titan] 2026-05-12 09:27:36,985 - httpx - INFO - HTTP Request: GET https://huggingface.co/api/datasets/allenai/c4/revision/1588ec454efa1a09f29cd18ddd04fe05fc8653a2 "HTTP/1.1 200 OK"
[rank7]:[titan] 2026-05-12 09:27:37,573 - httpx - INFO - HTTP Request: GET https://huggingface.co/api/datasets/allenai/c4/tree/1588ec454efa1a09f29cd18ddd04fe05fc8653a2/en?recursive=false&expand=false "HTTP/1.1 200 OK"
[rank7]:[titan] 2026-05-12 09:27:38,055 - httpx - INFO - HTTP Request: GET https://huggingface.co/api/datasets/allenai/c4/tree/1588ec454efa1a09f29cd18ddd04fe05fc8653a2/en?expand=false&recursive=false&limit=1000&cursor=ZXlKbWFXeGxYMjVoYldVaU9pSmxiaTlqTkMxMGNtRnBiaTR3TURrNU9TMXZaaTB3TVRBeU5DNXFjMjl1TG1kNklpd2lkSEpsWlY5dmFXUWlPaUprWXprME0yTTBZelF3WmpVelpEQXlZak14WTJWa01XUmxabUUzWlRWbU5ETTRaRFU0TmpKbEluMD06MTAwMA%3D%3D "HTTP/1.1 200 OK"
[rank7]:[titan] 2026-05-12 09:27:38,232 - httpx - INFO - HTTP Request: GET https://huggingface.co/datasets/allenai/c4/resolve/1588ec454efa1a09f29cd18ddd04fe05fc8653a2/en/c4-train.00000-of-01024.json.gz "HTTP/1.1 302 Found"
[rank7]:[titan] 2026-05-12 09:27:38,445 - httpx - INFO - HTTP Request: GET https://cas-bridge.xethub.hf.co/xet-bridge-us/621ffdd236468d709f182a80/6656aac078668b0d5feb1cfb7b04def05bff73e7e375d0a66e252827336ac1a8?X-Amz-Algorithm=AWS4-HMAC-SHA256&X-Amz-Content-Sha256=UNSIGNED-PAYLOAD&X-Amz-Credential=cas%2F20260512%2Fus-east-1%2Fs3%2Faws4_request&X-Amz-Date=20260512T092738Z&X-Amz-Expires=3600&X-Amz-Signature=058a979b248d49291250da3a4780a76845c733d09b4806286445f821f5a59324&X-Amz-SignedHeaders=host&X-Xet-Cas-Uid=public&response-content-disposition=inline%3B+filename*%3DUTF-8%27%27c4-train.00000-of-01024.json.gz%3B+filename%3D%22c4-train.00000-of-01024.json.gz%22%3B&response-content-type=application%2Fgzip&x-amz-checksum-mode=ENABLED&x-id=GetObject&Expires=1778581658&Policy=eyJTdGF0ZW1lbnQiOlt7IkNvbmRpdGlvbiI6eyJEYXRlTGVzc1RoYW4iOnsiQVdTOkVwb2NoVGltZSI6MTc3ODU4MTY1OH19LCJSZXNvdXJjZSI6Imh0dHBzOi8vY2FzLWJyaWRnZS54ZXRodWIuaGYuY28veGV0LWJyaWRnZS11cy82MjFmZmRkMjM2NDY4ZDcwOWYxODJhODAvNjY1NmFhYzA3ODY2OGIwZDVmZWIxY2ZiN2IwNGRlZjA1YmZmNzNlN2UzNzVkMGE2NmUyNTI4MjczMzZhYzFhOCoifV19&Signature=CfQ708NOBAAMTIM3PqXiZf5LJCaSsz4ku6OUJrXA72breu6uu8X7hPgoKQcWhp0T0fi7WbWMxnDGXVz6b-CYBzktjJJFXZG3O-NEzeqNbMMLR2PMoPmPBPH8syM1q1ihIjaSPfESQttl64hHNMWH0bI0oPaQsV6a4HwJP7gd6burjF74-YGk1i1uda1nz6wjqB12zljYqDBIewWDzCCnSUDV6t14CTzTcxjcRIWAVpuhP3oRCVWWiwvkqObU0TXz-om8aWpT7PPFtQilitX3CMteZtiGS5fYzUoskN5GFrnUR0qn6N7EPpXXn3V0xcW3KlCcvAEWVVjjD4OOC9WUUA__&Key-Pair-Id=K2L8F4GPSG1IFC "HTTP/1.1 206 Partial Content"
[rank7]:[titan] 2026-05-12 09:27:51,436 - root - INFO - [31mstep:  1  [32mloss: 12.25663  [38;2;180;60;0mgrad_norm: 213126.2812  [38;2;54;234;195mmemory: 26.15GiB(83.40%)  [34mtps: 275  [36mtflops: 7.35  [35mmfu: 2.36%[39m
[rank7]:[titan] 2026-05-12 09:27:51,437 - root - INFO - Synchronizing and adjusting timeout for all ProcessGroups to 0:01:40
W0512 09:27:54.151000 41493 torch/distributed/elastic/multiprocessing/api.py:1012] Sending process 41562 closing signal SIGTERM
W0512 09:27:54.152000 41493 torch/distributed/elastic/multiprocessing/api.py:1012] Sending process 41564 closing signal SIGTERM
W0512 09:27:54.153000 41493 torch/distributed/elastic/multiprocessing/api.py:1012] Sending process 41565 closing signal SIGTERM
W0512 09:27:54.154000 41493 torch/distributed/elastic/multiprocessing/api.py:1012] Sending process 41566 closing signal SIGTERM
W0512 09:27:54.155000 41493 torch/distributed/elastic/multiprocessing/api.py:1012] Sending process 41567 closing signal SIGTERM
W0512 09:27:54.156000 41493 torch/distributed/elastic/multiprocessing/api.py:1012] Sending process 41568 closing signal SIGTERM
W0512 09:27:54.157000 41493 torch/distributed/elastic/multiprocessing/api.py:1012] Sending process 41569 closing signal SIGTERM
E0512 09:27:56.020000 41493 torch/distributed/elastic/multiprocessing/api.py:986] failed (exitcode: 1) local_rank: 1 (pid: 41563) of binary: /usr/bin/python3
E0512 09:27:56.029000 41493 torch/distributed/elastic/multiprocessing/errors/error_handler.py:145] no error file defined for parent, to copy child error file (/tmp/torchelastic_c9meunw0/none_ee2_jkdl/attempt_0/1/error.json)
Traceback (most recent call last):
  File "/usr/local/bin/torchrun", line 6, in <module>
    sys.exit(main())
             ^^^^^^
  File "/usr/local/lib/python3.12/dist-packages/torch/distributed/elastic/multiprocessing/errors/__init__.py", line 362, in wrapper
    return f(*args, **kwargs)
           ^^^^^^^^^^^^^^^^^^
  File "/usr/local/lib/python3.12/dist-packages/torch/distributed/run.py", line 990, in main
    run(args)
  File "/usr/local/lib/python3.12/dist-packages/torch/distributed/run.py", line 981, in run
    elastic_launch(
  File "/usr/local/lib/python3.12/dist-packages/torch/distributed/launcher/api.py", line 170, in __call__
    return launch_agent(self._config, self._entrypoint, list(args))
           ^^^^^^^^^^^^^^^^^^^^^^^^^^^^^^^^^^^^^^^^^^^^^^^^^^^^^^^^
  File "/usr/local/lib/python3.12/dist-packages/torch/distributed/launcher/api.py", line 317, in launch_agent
    raise ChildFailedError(
torch.distributed.elastic.multiprocessing.errors.ChildFailedError: 
============================================================
torchtitan.train FAILED
------------------------------------------------------------
Failures:
[1]:
  time      : 2026-05-12_09:27:56
  host      : f59652d27037
  rank      : 0 (local_rank: 0)
  exitcode  : -15 (pid: 41562)
  error_file: <N/A>
  traceback : Signal 15 (SIGTERM) received by PID 41562
[2]:
  time      : 2026-05-12_09:27:56
  host      : f59652d27037
  rank      : 2 (local_rank: 2)
  exitcode  : -15 (pid: 41564)
  error_file: <N/A>
  traceback : Signal 15 (SIGTERM) received by PID 41564
[3]:
  time      : 2026-05-12_09:27:56
  host      : f59652d27037
  rank      : 3 (local_rank: 3)
  exitcode  : -15 (pid: 41565)
  error_file: <N/A>
  traceback : Signal 15 (SIGTERM) received by PID 41565
[4]:
  time      : 2026-05-12_09:27:56
  host      : f59652d27037
  rank      : 4 (local_rank: 4)
  exitcode  : -15 (pid: 41566)
  error_file: <N/A>
  traceback : Signal 15 (SIGTERM) received by PID 41566
[5]:
  time      : 2026-05-12_09:27:56
  host      : f59652d27037
  rank      : 5 (local_rank: 5)
  exitcode  : -15 (pid: 41567)
  error_file: <N/A>
  traceback : Signal 15 (SIGTERM) received by PID 41567
[6]:
  time      : 2026-05-12_09:27:56
  host      : f59652d27037
  rank      : 6 (local_rank: 6)
  exitcode  : -15 (pid: 41568)
  error_file: <N/A>
  traceback : Signal 15 (SIGTERM) received by PID 41568
[7]:
  time      : 2026-05-12_09:27:56
  host      : f59652d27037
  rank      : 7 (local_rank: 7)
  exitcode  : -15 (pid: 41569)
  error_file: <N/A>
  traceback : Signal 15 (SIGTERM) received by PID 41569
------------------------------------------------------------
Root Cause (first observed failure):
[0]:
  time      : 2026-05-12_09:27:52
  host      : f59652d27037
  rank      : 1 (local_rank: 1)
  exitcode  : 1 (pid: 41563)
  error_file: /tmp/torchelastic_c9meunw0/none_ee2_jkdl/attempt_0/1/error.json
  traceback : Traceback (most recent call last):
    File "/usr/local/lib/python3.12/dist-packages/torch/distributed/pipelining/stage.py", line 699, in forward_one_chunk
      output = self.forward_maybe_with_nosync(*composite_args, **composite_kwargs)
               ^^^^^^^^^^^^^^^^^^^^^^^^^^^^^^^^^^^^^^^^^^^^^^^^^^^^^^^^^^^^^^^^^^^
    File "/usr/local/lib/python3.12/dist-packages/torch/distributed/pipelining/stage.py", line 574, in forward_maybe_with_nosync
      out_val = self.submod(*args, **kwargs)
                ^^^^^^^^^^^^^^^^^^^^^^^^^^^^
    File "/usr/local/lib/python3.12/dist-packages/torch/nn/modules/module.py", line 1779, in _wrapped_call_impl
      return self._call_impl(*args, **kwargs)
             ^^^^^^^^^^^^^^^^^^^^^^^^^^^^^^^^
    File "/usr/local/lib/python3.12/dist-packages/torch/nn/modules/module.py", line 1790, in _call_impl
      return forward_call(*args, **kwargs)
             ^^^^^^^^^^^^^^^^^^^^^^^^^^^^^
    File "/workspace/torchtitan_attention_residual/torchtitan/torchtitan/experiments/attn_res/pipeline_adapter.py", line 576, in forward
      return self._forward_delta(*args, **kwargs)
             ^^^^^^^^^^^^^^^^^^^^^^^^^^^^^^^^^^^^
    File "/workspace/torchtitan_attention_residual/torchtitan/torchtitan/experiments/attn_res/pipeline_adapter.py", line 693, in _forward_delta
      wrapped_ret = self.wrapped(partial, *rest, blocks=blocks_tensor, **kwargs)
                    ^^^^^^^^^^^^^^^^^^^^^^^^^^^^^^^^^^^^^^^^^^^^^^^^^^^^^^^^^^^^
    File "/usr/local/lib/python3.12/dist-packages/torch/nn/modules/module.py", line 1779, in _wrapped_call_impl
      return self._call_impl(*args, **kwargs)
             ^^^^^^^^^^^^^^^^^^^^^^^^^^^^^^^^
    File "/usr/local/lib/python3.12/dist-packages/torch/nn/modules/module.py", line 1790, in _call_impl
      return forward_call(*args, **kwargs)
             ^^^^^^^^^^^^^^^^^^^^^^^^^^^^^
    File "/workspace/torchtitan_attention_residual/torchtitan/torchtitan/experiments/kimi_linear/attn_res_model.py", line 337, in forward
      block_list, partial_block = layer(
                                  ^^^^^^
    File "/usr/local/lib/python3.12/dist-packages/torch/nn/modules/module.py", line 1779, in _wrapped_call_impl
      return self._call_impl(*args, **kwargs)
             ^^^^^^^^^^^^^^^^^^^^^^^^^^^^^^^^
    File "/usr/local/lib/python3.12/dist-packages/torch/nn/modules/module.py", line 1790, in _call_impl
      return forward_call(*args, **kwargs)
             ^^^^^^^^^^^^^^^^^^^^^^^^^^^^^
    File "/workspace/torchtitan_attention_residual/torchtitan/torchtitan/experiments/kimi_linear/attn_res_model.py", line 137, in forward
      ffn_out = self.ffn(self.post_attention_layernorm(h))
                ^^^^^^^^^^^^^^^^^^^^^^^^^^^^^^^^^^^^^^^^^^
    File "/usr/local/lib/python3.12/dist-packages/torch/nn/modules/module.py", line 1779, in _wrapped_call_impl
      return self._call_impl(*args, **kwargs)
             ^^^^^^^^^^^^^^^^^^^^^^^^^^^^^^^^
    File "/usr/local/lib/python3.12/dist-packages/torch/nn/modules/module.py", line 1790, in _call_impl
      return forward_call(*args, **kwargs)
             ^^^^^^^^^^^^^^^^^^^^^^^^^^^^^
    File "/workspace/torchtitan_attention_residual/torchtitan/torchtitan/experiments/kimi_linear/model.py", line 683, in forward
      return self._moe(x)
             ^^^^^^^^^^^^
    File "/usr/local/lib/python3.12/dist-packages/torch/nn/modules/module.py", line 1779, in _wrapped_call_impl
      return self._call_impl(*args, **kwargs)
             ^^^^^^^^^^^^^^^^^^^^^^^^^^^^^^^^
    File "/usr/local/lib/python3.12/dist-packages/torch/nn/modules/module.py", line 1790, in _call_impl
      return forward_call(*args, **kwargs)
             ^^^^^^^^^^^^^^^^^^^^^^^^^^^^^
    File "/workspace/torchtitan_attention_residual/torchtitan/torchtitan/models/common/moe.py", line 454, in forward
      routed_output = self.experts(routed_input, num_tokens_per_expert)
                      ^^^^^^^^^^^^^^^^^^^^^^^^^^^^^^^^^^^^^^^^^^^^^^^^^
    File "/usr/local/lib/python3.12/dist-packages/torch/nn/modules/module.py", line 1779, in _wrapped_call_impl
      return self._call_impl(*args, **kwargs)
             ^^^^^^^^^^^^^^^^^^^^^^^^^^^^^^^^
    File "/usr/local/lib/python3.12/dist-packages/torch/nn/modules/module.py", line 1790, in _call_impl
      return forward_call(*args, **kwargs)
             ^^^^^^^^^^^^^^^^^^^^^^^^^^^^^
    File "/workspace/torchtitan_attention_residual/torchtitan/torchtitan/models/common/moe.py", line 114, in forward
      return _run_experts_grouped_mm(w1, w2, w3, x, num_tokens_per_expert)
             ^^^^^^^^^^^^^^^^^^^^^^^^^^^^^^^^^^^^^^^^^^^^^^^^^^^^^^^^^^^^^
    File "/workspace/torchtitan_attention_residual/torchtitan/torchtitan/models/common/moe.py", line 68, in _run_experts_grouped_mm
      out = torch._grouped_mm(h, w2.bfloat16().transpose(-2, -1), offs=offsets).type_as(x)
            ^^^^^^^^^^^^^^^^^^^^^^^^^^^^^^^^^^^^^^^^^^^^^^^^^^^^^^^^^^^^^^^^^^^^^^^^^^^^^^
  torch.OutOfMemoryError: CUDA out of memory. Tried to allocate 40.00 MiB. GPU 1 has a total capacity of 31.36 GiB of which 8.94 MiB is free. Including non-PyTorch memory, this process has 31.34 GiB memory in use. Of the allocated memory 30.36 GiB is allocated by PyTorch, and 170.87 MiB is reserved by PyTorch but unallocated. If reserved but unallocated memory is large try setting PYTORCH_CUDA_ALLOC_CONF=expandable_segments:True to avoid fragmentation.  See documentation for Memory Management  (https://docs.pytorch.org/docs/stable/notes/cuda.html#optimizing-memory-usage-with-pytorch-cuda-alloc-conf)
  
  The above exception was the direct cause of the following exception:
  
  Traceback (most recent call last):
    File "/usr/local/lib/python3.12/dist-packages/torch/distributed/elastic/multiprocessing/errors/__init__.py", line 362, in wrapper
      return f(*args, **kwargs)
             ^^^^^^^^^^^^^^^^^^
    File "/workspace/torchtitan_attention_residual/torchtitan/torchtitan/trainer.py", line 843, in train
      self.train_step(data_iterator)
    File "/workspace/torchtitan_attention_residual/torchtitan/torchtitan/trainer.py", line 753, in train_step
      loss = self.forward_backward_step(
             ^^^^^^^^^^^^^^^^^^^^^^^^^^^
    File "/workspace/torchtitan_attention_residual/torchtitan/torchtitan/trainer.py", line 679, in forward_backward_step
      self.pp_schedule.step(
    File "/workspace/torchtitan_attention_residual/torchtitan/torchtitan/experiments/attn_res/pipeline_adapter.py", line 976, in patched_step
      return orig_step(*args, **kwargs)
             ^^^^^^^^^^^^^^^^^^^^^^^^^^
    File "/usr/local/lib/python3.12/dist-packages/torch/distributed/pipelining/schedules.py", line 1634, in step
      self._step_microbatches(
    File "/usr/local/lib/python3.12/dist-packages/torch/distributed/pipelining/schedules.py", line 2269, in _step_microbatches
      raise e
    File "/usr/local/lib/python3.12/dist-packages/torch/distributed/pipelining/schedules.py", line 2256, in _step_microbatches
      _perform_action(action)
    File "/usr/local/lib/python3.12/dist-packages/torch/distributed/pipelining/schedules.py", line 2150, in _perform_action
      output = stage.forward_one_chunk(
               ^^^^^^^^^^^^^^^^^^^^^^^^
    File "/workspace/torchtitan_attention_residual/torchtitan/torchtitan/experiments/attn_res/pipeline_adapter.py", line 922, in patched_fwd
      return orig_fwd(
             ^^^^^^^^^
    File "/usr/local/lib/python3.12/dist-packages/torch/distributed/pipelining/stage.py", line 707, in forward_one_chunk
      raise RuntimeError(exc_msg) from e
  RuntimeError: 
              [Stage 1] failed to run forward:
              args: ('Tensor(torch.Size([1, 1024, 1280]), grad=True, dtype=torch.float32)', 'Tensor(torch.Size([1, 1, 1024, 1280]), grad=True, dtype=torch.float32)')
              kwargs: {}
              
  
============================================================

===============================================================
[Tue May 12 09:27:56 AM UTC 2026] DONE — out dir: /workspace/torchtitan_attention_residual/phase3/runs/kimi48b_d1280_e32_L32N8_pp8vp4_adapter_20260512-092719
===============================================================
