===============================================================
[Mon May 11 12:20:36 PM UTC 2026] L16 multi-shape sweep START
===============================================================

===============================================================
[Mon May 11 12:20:36 PM UTC 2026] 175m_attn_res_L16_n8_pp8_vp2_naive STEPS=1000 LBS=16 GBS=16
===============================================================
[Mon May 11 12:31:09 PM UTC 2026] 175m_attn_res_L16_n8_pp8_vp2_naive done rc=0 step=5.98 loss=5.19746

===============================================================
[Mon May 11 12:31:09 PM UTC 2026] 175m_attn_res_L16_n8_pp8_vp2_adapter STEPS=1000 LBS=16 GBS=16
===============================================================
[Mon May 11 12:42:32 PM UTC 2026] 175m_attn_res_L16_n8_pp8_vp2_adapter done rc=0 step=6.52 loss=5.18857

===============================================================
[Mon May 11 12:42:32 PM UTC 2026] 175m_attn_res_L16_n8_pp4_vp2_naive STEPS=1000 LBS=8 GBS=16
===============================================================
[Mon May 11 12:49:30 PM UTC 2026] 175m_attn_res_L16_n8_pp4_vp2_naive done rc=0 step=3.84 loss=5.31943

===============================================================
[Mon May 11 12:49:30 PM UTC 2026] 175m_attn_res_L16_n8_pp4_vp2_adapter STEPS=1000 LBS=8 GBS=16
===============================================================
[Mon May 11 12:58:17 PM UTC 2026] 175m_attn_res_L16_n8_pp4_vp2_adapter done rc=1 step=4.95 loss=5.32476

===============================================================
[Mon May 11 12:58:17 PM UTC 2026] 175m_attn_res_L16_n8_pp4_vp4_naive STEPS=1000 LBS=16 GBS=32
===============================================================
[Mon May 11 01:11:46 PM UTC 2026] 175m_attn_res_L16_n8_pp4_vp4_naive done rc=1 step=7.76 loss=4.97807
mkdir: cannot create directory ‘/root/torchtitan_attention_residual/phase3/runs/pressure_test_20260511-1220/175m_attn_res_L16_n8_pp4_vp4_adapter’: No space left on device
/root/torchtitan_attention_residual/phase3/run_pp_pressure_test.sh: line 88: /root/torchtitan_attention_residual/phase3/runs/pressure_test_20260511-1220/175m_attn_res_L16_n8_pp4_vp4_adapter/GIT_SHA: No such file or directory

===============================================================
[Mon May 11 01:11:46 PM UTC 2026] 175m_attn_res_L16_n8_pp4_vp4_adapter STEPS=1000 LBS=16 GBS=32
===============================================================
/root/torchtitan_attention_residual/phase3/run_pp_pressure_test.sh: line 110: /root/torchtitan_attention_residual/phase3/runs/pressure_test_20260511-1220/175m_attn_res_L16_n8_pp4_vp4_adapter/train.log: No such file or directory
[Mon May 11 01:11:46 PM UTC 2026] 175m_attn_res_L16_n8_pp4_vp4_adapter done rc=1 step=? loss=?

PRESSURE TEST DONE. Summary at /root/torchtitan_attention_residual/phase3/runs/pressure_test_20260511-1220/SUMMARY.md
# PP Pressure Test — 20260511-1220

steps=1000 ngpu=8

| config | PP | VP | LBS | GBS | mode | avg step time (s) | final loss | out dir |
|---|---|---|---|---|---|---|---|---|
| 175m_attn_res_L16_n8 | 8 | 2 | 16 | 16 | naive | 5.98 | 5.19746 | 175m_attn_res_L16_n8_pp8_vp2_naive |
| 175m_attn_res_L16_n8 | 8 | 2 | 16 | 16 | adapter | 6.52 | 5.18857 | 175m_attn_res_L16_n8_pp8_vp2_adapter |
| 175m_attn_res_L16_n8 | 4 | 2 | 8 | 16 | naive | 3.84 | 5.31943 | 175m_attn_res_L16_n8_pp4_vp2_naive |
| 175m_attn_res_L16_n8 | 4 | 2 | 8 | 16 | adapter | 4.95 | 5.32476 | 175m_attn_res_L16_n8_pp4_vp2_adapter |
| 175m_attn_res_L16_n8 | 4 | 4 | 16 | 32 | naive | 7.76 | 4.97807 | 175m_attn_res_L16_n8_pp4_vp4_naive |
| 175m_attn_res_L16_n8 | 4 | 4 | 16 | 32 | adapter | ? | ? | 175m_attn_res_L16_n8_pp4_vp4_adapter |
[Mon May 11 01:11:46 PM UTC 2026] L16 multi-shape sweep DONE
