===============================================================
[Tue May 12 03:47:48 AM UTC 2026] ALL PP PRESSURE TESTS START
===============================================================

--- Step 1/2: L16 pp4_vp4 adapter fill-in ---

===============================================================
[Tue May 12 03:47:48 AM UTC 2026] 175m_attn_res_L16_n8_pp4_vp4_adapter STEPS=1000 LBS=16 GBS=32
===============================================================
[Tue May 12 04:17:16 AM UTC 2026] 175m_attn_res_L16_n8_pp4_vp4_adapter done rc=0 step=17.24 loss=4.98674

PRESSURE TEST DONE. Summary at /workspace/torchtitan_attention_residual/phase3/runs/pressure_test_20260512-034748_L16fill/SUMMARY.md
# PP Pressure Test — 20260512-0347

steps=1000 ngpu=8

| config | PP | VP | LBS | GBS | mode | avg step time (s) | final loss | out dir |
|---|---|---|---|---|---|---|---|---|
| 175m_attn_res_L16_n8 | 4 | 4 | 16 | 32 | adapter | 17.24 | 4.98674 | 175m_attn_res_L16_n8_pp4_vp4_adapter |

--- Step 2/2: L48 sweep (post-GRPO config) ---

===============================================================
[Tue May 12 04:17:16 AM UTC 2026] 175m_attn_res_L48_n8_pp8_vp2_naive STEPS=300 LBS=16 GBS=16
===============================================================
[Tue May 12 04:26:49 AM UTC 2026] 175m_attn_res_L48_n8_pp8_vp2_naive done rc=0 step=? loss=11.76178

===============================================================
[Tue May 12 04:26:49 AM UTC 2026] 175m_attn_res_L48_n8_pp8_vp2_adapter STEPS=300 LBS=16 GBS=16
===============================================================
