rope_scaling missing 'factor', defaulting to 1.0. Check model accuracy.
[Gloo] Rank 0 is connected to 7 peer ranks. Expected number of connected peer ranks is : 7
[Gloo] Rank 2 is connected to 7 peer ranks. Expected number of connected peer ranks is : 7
[Gloo] Rank [Gloo] Rank 16 is connected to  is connected to 7[Gloo] Rank 7 peer ranks. 7 peer ranks. Expected number of connected peer ranks is :  is connected to Expected number of connected peer ranks is : 7[Gloo] Rank 77
[Gloo] Rank 5 peer ranks. 
3 is connected to Expected number of connected peer ranks is :  is connected to 777 peer ranks. 
 peer ranks. Expected number of connected peer ranks is : Expected number of connected peer ranks is : 77

[Gloo] Rank 4 is connected to 7 peer ranks. Expected number of connected peer ranks is : 7
[Gloo] Rank 0 is connected to 7 peer ranks. Expected number of connected peer ranks is : 7
[Gloo] Rank 1 is connected to 7 peer ranks. Expected number of connected peer ranks is : 7
[Gloo] Rank 2 is connected to 7 peer ranks. Expected number of connected peer ranks is : 7
[Gloo] Rank [Gloo] Rank [Gloo] Rank 463 is connected to [Gloo] Rank  is connected to  is connected to 7577 peer ranks.  is connected to  peer ranks.  peer ranks. Expected number of connected peer ranks is : 7Expected number of connected peer ranks is : Expected number of connected peer ranks is : 7 peer ranks. 77
Expected number of connected peer ranks is : 

[Gloo] Rank 77
 is connected to 7 peer ranks. Expected number of connected peer ranks is : 7
[Gloo] Rank [Gloo] Rank 00 is connected to [Gloo] Rank  is connected to 0[Gloo] Rank 000 peer ranks.  peer ranks.  is connected to  is connected to Expected number of connected peer ranks is : Expected number of connected peer ranks is : 0000 peer ranks.  peer ranks. 

Expected number of connected peer ranks is : Expected number of connected peer ranks is : 00

[Gloo] Rank 0 is connected to [Gloo] Rank 00 peer ranks.  is connected to [Gloo] Rank Expected number of connected peer ranks is : 000 peer ranks. [Gloo] Rank  is connected to 
Expected number of connected peer ranks is : 000 peer ranks.  is connected to 
Expected number of connected peer ranks is : 00 peer ranks. 
Expected number of connected peer ranks is : 0
[Gloo] Rank 0[Gloo] Rank  is connected to 00 is connected to  peer ranks. [Gloo] Rank 0Expected number of connected peer ranks is : 0 peer ranks. 0[Gloo] Rank  is connected to Expected number of connected peer ranks is : 
0[Gloo] Rank 00 is connected to 0[Gloo] Rank  peer ranks. 
0 is connected to [Gloo] Rank 0Expected number of connected peer ranks is :  peer ranks. 00 is connected to 0Expected number of connected peer ranks is :  peer ranks.  is connected to 0
0Expected number of connected peer ranks is : 0 peer ranks. 
0 peer ranks. Expected number of connected peer ranks is : 
Expected number of connected peer ranks is : 00

[Gloo] Rank 0 is connected to 0 peer ranks. Expected number of connected peer ranks is : 0
[Gloo] Rank 0 is connected to [Gloo] Rank 00 peer ranks.  is connected to [Gloo] Rank Expected number of connected peer ranks is : 000 peer ranks. [Gloo] Rank  is connected to 
Expected number of connected peer ranks is : 00[Gloo] Rank 0 is connected to  peer ranks. 0
0Expected number of connected peer ranks is :  is connected to  peer ranks. 00Expected number of connected peer ranks is : 
 peer ranks. 0Expected number of connected peer ranks is : 
0
[Gloo] Rank 0 is connected to 0[Gloo] Rank  peer ranks. 0Expected number of connected peer ranks is :  is connected to [Gloo] Rank 000
 peer ranks.  is connected to Expected number of connected peer ranks is : 00 peer ranks. 
Expected number of connected peer ranks is : 0
[Gloo] Rank 0 is connected to [Gloo] Rank 00 peer ranks.  is connected to [Gloo] Rank Expected number of connected peer ranks is : 000 peer ranks. [Gloo] Rank  is connected to 
Expected number of connected peer ranks is : [Gloo] Rank 0000 is connected to  peer ranks. 
 is connected to 0Expected number of connected peer ranks is : 0[Gloo] Rank  peer ranks. 0 peer ranks. 0Expected number of connected peer ranks is : 
Expected number of connected peer ranks is : [Gloo] Rank  is connected to 0000

 is connected to  peer ranks. 0Expected number of connected peer ranks is :  peer ranks. 0Expected number of connected peer ranks is : 
[Gloo] Rank 00
 is connected to 0 peer ranks. Expected number of connected peer ranks is : 0
Multi-thread loading shards:   0% Completed | 0/1 [00:00<?, ?it/s]Multi-thread loading shards: 100% Completed | 1/1 [00:00<00:00,  2.57it/s]Multi-thread loading shards: 100% Completed | 1/1 [00:00<00:00,  2.57it/s]
BOOT_OK
2026-05-08 08:31:41,909 - CUTE_DSL - WARNING - [handle_import_error] - Unexpected error during package walk: cutlass.cute.experimental
[2026-05-08 08:31:41 TP0] Unexpected error during package walk: cutlass.cute.experimental
2026-05-08 08:31:41,941 - CUTE_DSL - WARNING - [handle_import_error] - Unexpected error during package walk: cutlass.cute.experimental
[2026-05-08 08:31:41 TP4] Unexpected error during package walk: cutlass.cute.experimental
2026-05-08 08:31:41,941 - CUTE_DSL - WARNING - [handle_import_error] - Unexpected error during package walk: cutlass.cute.experimental
[2026-05-08 08:31:41 TP7] Unexpected error during package walk: cutlass.cute.experimental
2026-05-08 08:31:41,941 - CUTE_DSL - WARNING - [handle_import_error] - Unexpected error during package walk: cutlass.cute.experimental
[2026-05-08 08:31:41 TP1] Unexpected error during package walk: cutlass.cute.experimental
2026-05-08 08:31:41,945 - CUTE_DSL - WARNING - [handle_import_error] - Unexpected error during package walk: cutlass.cute.experimental
[2026-05-08 08:31:41 TP6] Unexpected error during package walk: cutlass.cute.experimental
2026-05-08 08:31:41,952 - CUTE_DSL - WARNING - [handle_import_error] - Unexpected error during package walk: cutlass.cute.experimental
[2026-05-08 08:31:41 TP2] Unexpected error during package walk: cutlass.cute.experimental
2026-05-08 08:31:41,953 - CUTE_DSL - WARNING - [handle_import_error] - Unexpected error during package walk: cutlass.cute.experimental
[2026-05-08 08:31:41 TP5] Unexpected error during package walk: cutlass.cute.experimental
2026-05-08 08:31:41,954 - CUTE_DSL - WARNING - [handle_import_error] - Unexpected error during package walk: cutlass.cute.experimental
[2026-05-08 08:31:41 TP3] Unexpected error during package walk: cutlass.cute.experimental
gen 0: [0, 0, 0, 0, 0, 0, 0, 0]
gen 1: [0, 0, 0, 0, 0, 0, 0, 0]
gen 2: [0, 0, 0, 0, 0, 0, 0, 0]
gen 3: [0, 0, 0, 0, 0, 0, 0, 0]
gen 4: [0, 0, 0, 0, 0, 0, 0, 0]
