[Tue May 12 11:29:40 PM UTC 2026] starting phase4 redo (free 222GB)
W0512 23:29:41.803000 173234 torch/distributed/run.py:851] 
W0512 23:29:41.803000 173234 torch/distributed/run.py:851] *****************************************
W0512 23:29:41.803000 173234 torch/distributed/run.py:851] Setting OMP_NUM_THREADS environment variable for each process to be 1 in default, to avoid your system being overloaded, please further tune the variable for optimal performance in your application as needed. 
W0512 23:29:41.803000 173234 torch/distributed/run.py:851] *****************************************
[rank0]:[titan] 2026-05-12 23:29:46,204 - root - INFO - torchtitan version: 0.0.0+unknown (0.0.0 means __version__ is not defined correctly).
[rank0]:[titan] 2026-05-12 23:29:47,148 - root - WARNING - ENV[TORCH_NCCL_ASYNC_ERROR_HANDLING] = 1 will be overridden to 3 based on job config
[rank0]:[titan] 2026-05-12 23:29:47,151 - root - INFO - Building device mesh with parallelism: pp=1, dp_replicate=1, dp_shard=8, cp=1, tp=1, ep=1, etp=1
[rank0]:[titan] 2026-05-12 23:29:47,164 - root - INFO - Successfully created meshes with active dimensions: ['batch', 'loss', 'fsdp', 'efsdp']
[rank0]:[titan] 2026-05-12 23:29:47,164 - root - INFO - [GC] Initial GC collection took 0.00 seconds
[rank0]:[titan] 2026-05-12 23:29:48,358 - root - INFO - Loading tokenizer from tokenizer.json
[rank0]:[titan] 2026-05-12 23:29:48,621 - root - INFO - Preparing c4 dataset from allenai/c4
[rank0]:Warning: You are sending unauthenticated requests to the HF Hub. Please set a HF_TOKEN to enable higher rate limits and faster downloads.
[rank0]:[titan] 2026-05-12 23:29:48,961 - httpx - INFO - HTTP Request: HEAD https://huggingface.co/datasets/allenai/c4/resolve/main/README.md "HTTP/1.1 307 Temporary Redirect"
[rank0]:[titan] 2026-05-12 23:29:48,962 - huggingface_hub.utils._http - WARNING - Warning: You are sending unauthenticated requests to the HF Hub. Please set a HF_TOKEN to enable higher rate limits and faster downloads.
[rank0]:[titan] 2026-05-12 23:29:49,010 - httpx - INFO - HTTP Request: HEAD https://huggingface.co/api/resolve-cache/datasets/allenai/c4/1588ec454efa1a09f29cd18ddd04fe05fc8653a2/README.md "HTTP/1.1 200 OK"
[rank0]:[titan] 2026-05-12 23:29:49,179 - httpx - INFO - HTTP Request: HEAD https://huggingface.co/datasets/allenai/c4/resolve/1588ec454efa1a09f29cd18ddd04fe05fc8653a2/c4.py "HTTP/1.1 404 Not Found"
[rank0]:[titan] 2026-05-12 23:29:49,709 - httpx - INFO - HTTP Request: HEAD https://s3.amazonaws.com/datasets.huggingface.co/datasets/datasets/allenai/c4/allenai/c4.py "HTTP/1.1 404 Not Found"
[rank0]:[titan] 2026-05-12 23:29:50,265 - httpx - INFO - HTTP Request: GET https://huggingface.co/api/datasets/allenai/c4/revision/1588ec454efa1a09f29cd18ddd04fe05fc8653a2 "HTTP/1.1 200 OK"
[rank0]:[titan] 2026-05-12 23:29:50,702 - httpx - INFO - HTTP Request: HEAD https://huggingface.co/datasets/allenai/c4/resolve/1588ec454efa1a09f29cd18ddd04fe05fc8653a2/.huggingface.yaml "HTTP/1.1 404 Not Found"
[rank0]:[titan] 2026-05-12 23:29:51,107 - httpx - INFO - HTTP Request: GET https://datasets-server.huggingface.co/info?dataset=allenai/c4 "HTTP/1.1 200 OK"
[rank0]:[titan] 2026-05-12 23:29:51,311 - httpx - INFO - HTTP Request: GET https://huggingface.co/api/datasets/allenai/c4/tree/1588ec454efa1a09f29cd18ddd04fe05fc8653a2/en?recursive=true&expand=false "HTTP/1.1 200 OK"
[rank0]:[titan] 2026-05-12 23:29:51,552 - httpx - INFO - HTTP Request: GET https://huggingface.co/api/datasets/allenai/c4/tree/1588ec454efa1a09f29cd18ddd04fe05fc8653a2/en?expand=false&recursive=true&limit=1000&cursor=ZXlKbWFXeGxYMjVoYldVaU9pSmxiaTlqTkMxMGNtRnBiaTR3TURrNU9TMXZaaTB3TVRBeU5DNXFjMjl1TG1kNklpd2lkSEpsWlY5dmFXUWlPaUprWXprME0yTTBZelF3WmpVelpEQXlZak14WTJWa01XUmxabUUzWlRWbU5ETTRaRFU0TmpKbEluMD06MTAwMA%3D%3D "HTTP/1.1 200 OK"
[rank0]:[titan] 2026-05-12 23:29:51,727 - httpx - INFO - HTTP Request: GET https://huggingface.co/api/datasets/allenai/c4/tree/1588ec454efa1a09f29cd18ddd04fe05fc8653a2?recursive=false&expand=false "HTTP/1.1 200 OK"
[rank0]:[titan] 2026-05-12 23:29:52,035 - httpx - INFO - HTTP Request: HEAD https://huggingface.co/datasets/allenai/c4/resolve/1588ec454efa1a09f29cd18ddd04fe05fc8653a2/dataset_infos.json "HTTP/1.1 404 Not Found"
[rank0]:[titan] 2026-05-12 23:29:52,179 - root - INFO - Building kimi_linear kimi_linear_447m_aligned_block_attn_res_n4 with {
[rank0]:  "vocab_size": 163840,
[rank0]:  "hidden_size": 1024,
[rank0]:  "tie_word_embeddings": true,
[rank0]:  "num_hidden_layers": 16,
[rank0]:  "intermediate_size": 768,
[rank0]:  "num_attention_heads": 16,
[rank0]:  "num_key_value_heads": 16,
[rank0]:  "q_lora_rank": null,
[rank0]:  "kv_lora_rank": 512,
[rank0]:  "qk_nope_head_dim": 64,
[rank0]:  "qk_rope_head_dim": 32,
[rank0]:  "v_head_dim": 64,
[rank0]:  "mla_use_nope": true,
[rank0]:  "rope_theta": 10000.0,
[rank0]:  "kda_num_heads": 16,
[rank0]:  "kda_head_dim": 64,
[rank0]:  "kda_short_conv_kernel_size": 4,
[rank0]:  "kda_layers": [
[rank0]:    1,
[rank0]:    2,
[rank0]:    3,
[rank0]:    5,
[rank0]:    6,
[rank0]:    7,
[rank0]:    9,
[rank0]:    10,
[rank0]:    11,
[rank0]:    13,
[rank0]:    14,
[rank0]:    15
[rank0]:  ],
[rank0]:  "full_attn_layers": [
[rank0]:    4,
[rank0]:    8,
[rank0]:    12,
[rank0]:    16
[rank0]:  ],
[rank0]:  "num_experts": 32,
[rank0]:  "num_experts_per_token": 8,
[rank0]:  "moe_intermediate_size": 768,
[rank0]:  "moe_renormalize": true,
[rank0]:  "moe_router_activation_func": "sigmoid",
[rank0]:  "num_shared_experts": 1,
[rank0]:  "routed_scaling_factor": 2.446,
[rank0]:  "first_k_dense_replace": 1,
[rank0]:  "moe_layer_freq": 1,
[rank0]:  "use_grouped_topk": false,
[rank0]:  "num_expert_group": 1,
[rank0]:  "topk_group": 1,
[rank0]:  "rms_norm_eps": 1e-05,
[rank0]:  "hidden_act": "silu",
[rank0]:  "initializer_range": 0.02,
[rank0]:  "__spec__": {
[rank0]:    "num_blocks": 4,
[rank0]:    "model_class": "KimiLinearAttnResModel"
[rank0]:  }
[rank0]:}
[rank0]:[titan] 2026-05-12 23:29:52,344 - root - INFO - Float8 training active with recipe rowwise
[rank0]:[titan] 2026-05-12 23:29:52,359 - root - INFO - Swapped to Float8Linear layers with enable_fsdp_float8_all_gather=False
[rank0]:[titan] 2026-05-12 23:29:52,361 - root - INFO - TensorBoard logging enabled. Logs will be saved at /workspace/torchtitan_attention_residual/phase4/runs/lm_447m_fp8_paperalign_B/tb/20260512-2329
[rank0]:[titan] 2026-05-12 23:29:52,361 - root - INFO - CUDA capacity: NVIDIA GeForce RTX 5090 with 31.36GiB memory
[rank0]:[titan] 2026-05-12 23:29:52,362 - root - WARNING - Error running lspci: [Errno 2] No such file or directory: 'lspci', fallback to use device_name
[rank0]:[titan] 2026-05-12 23:29:52,362 - root - WARNING - Peak flops undefined for: NVIDIA GeForce RTX 5090, fallback to A100
[rank0]:[titan] 2026-05-12 23:29:52,363 - root - INFO - [34mModel kimi_linear kimi_linear_447m_aligned_block_attn_res_n4 [31msize: 1,409,320,896 total parameters[39m
[rank0]:[titan] 2026-05-12 23:29:52,363 - root - INFO - Compiling the loss function with torch.compile
[rank0]:[titan] 2026-05-12 23:29:52,395 - root - INFO - Compiled each KimiDecoderLayer with torch.compile (backend=inductor).
[rank0]:[titan] 2026-05-12 23:29:52,481 - root - INFO - Applied FSDP2 to Kimi Linear model (dp_shard=8, dp_replicate=1).
[rank0]:[titan] 2026-05-12 23:29:52,613 - root - WARNING - Error running lspci: [Errno 2] No such file or directory: 'lspci', fallback to use device_name
[rank0]:[titan] 2026-05-12 23:29:52,613 - root - WARNING - Peak flops undefined for: NVIDIA GeForce RTX 5090, fallback to A100
[rank0]:[titan] 2026-05-12 23:29:52,613 - root - INFO - Peak FLOPS used for computing MFU: 3.120e+14
[rank0]:[titan] 2026-05-12 23:29:52,613 - root - INFO - CUDA memory usage for model: 0.74GiB(2.35%)
[rank0]:[titan] 2026-05-12 23:29:52,630 - root - INFO - Checkpointing active. Checkpoints will be loaded from and saved to /workspace/torchtitan_attention_residual/phase4/runs/lm_447m_fp8_paperalign_B/checkpoint
[rank0]:[titan] 2026-05-12 23:29:52,631 - root - INFO - Trainer is initialized with local batch size 4, global batch size 384, gradient accumulation steps 12, sequence length 2048, total steps 12750 (warmup 1000)
[rank0]:[titan] 2026-05-12 23:29:52,631 - root - INFO - Training starts at step 1
[rank0]:[titan] 2026-05-12 23:29:52,839 - httpx - INFO - HTTP Request: GET https://huggingface.co/api/datasets/allenai/c4/revision/1588ec454efa1a09f29cd18ddd04fe05fc8653a2 "HTTP/1.1 200 OK"
[rank0]:[titan] 2026-05-12 23:29:53,536 - httpx - INFO - HTTP Request: GET https://huggingface.co/api/datasets/allenai/c4/tree/1588ec454efa1a09f29cd18ddd04fe05fc8653a2/en?recursive=false&expand=false "HTTP/1.1 200 OK"
[rank0]:[titan] 2026-05-12 23:29:53,870 - httpx - INFO - HTTP Request: GET https://huggingface.co/api/datasets/allenai/c4/tree/1588ec454efa1a09f29cd18ddd04fe05fc8653a2/en?expand=false&recursive=false&limit=1000&cursor=ZXlKbWFXeGxYMjVoYldVaU9pSmxiaTlqTkMxMGNtRnBiaTR3TURrNU9TMXZaaTB3TVRBeU5DNXFjMjl1TG1kNklpd2lkSEpsWlY5dmFXUWlPaUprWXprME0yTTBZelF3WmpVelpEQXlZak14WTJWa01XUmxabUUzWlRWbU5ETTRaRFU0TmpKbEluMD06MTAwMA%3D%3D "HTTP/1.1 200 OK"
[rank0]:[titan] 2026-05-12 23:29:54,045 - httpx - INFO - HTTP Request: GET https://huggingface.co/datasets/allenai/c4/resolve/1588ec454efa1a09f29cd18ddd04fe05fc8653a2/en/c4-train.00000-of-01024.json.gz "HTTP/1.1 302 Found"
[rank0]:[titan] 2026-05-12 23:29:54,249 - httpx - INFO - HTTP Request: GET https://cas-bridge.xethub.hf.co/xet-bridge-us/621ffdd236468d709f182a80/6656aac078668b0d5feb1cfb7b04def05bff73e7e375d0a66e252827336ac1a8?X-Amz-Algorithm=AWS4-HMAC-SHA256&X-Amz-Content-Sha256=UNSIGNED-PAYLOAD&X-Amz-Credential=cas%2F20260512%2Fus-east-1%2Fs3%2Faws4_request&X-Amz-Date=20260512T232953Z&X-Amz-Expires=3600&X-Amz-Signature=055537b61e84f79b1056bb2e7ab82a8aacff9d3a49b8ee46c175f84876d0f8bd&X-Amz-SignedHeaders=host&X-Xet-Cas-Uid=public&response-content-disposition=inline%3B+filename*%3DUTF-8%27%27c4-train.00000-of-01024.json.gz%3B+filename%3D%22c4-train.00000-of-01024.json.gz%22%3B&response-content-type=application%2Fgzip&x-amz-checksum-mode=ENABLED&x-id=GetObject&Expires=1778632193&Policy=eyJTdGF0ZW1lbnQiOlt7IkNvbmRpdGlvbiI6eyJEYXRlTGVzc1RoYW4iOnsiQVdTOkVwb2NoVGltZSI6MTc3ODYzMjE5M319LCJSZXNvdXJjZSI6Imh0dHBzOi8vY2FzLWJyaWRnZS54ZXRodWIuaGYuY28veGV0LWJyaWRnZS11cy82MjFmZmRkMjM2NDY4ZDcwOWYxODJhODAvNjY1NmFhYzA3ODY2OGIwZDVmZWIxY2ZiN2IwNGRlZjA1YmZmNzNlN2UzNzVkMGE2NmUyNTI4MjczMzZhYzFhOCoifV19&Signature=BDiHgKZ%7EQOODVzlSgaRSGCAY6%7EWi9%7Eg7Zm%7Eh09kuDPUygCnTVINZ0gRJbUXvD%7E6juDkdDreRuA8q4wIDX72TWdut2YEQTTIAhAQeWlpZLZ-%7Eg2UOUyCk41DRrhlnEUxcBGBjFVMmPYiJoD42CHRe7SQjoxtKjCzPtMNDm5ZzX1hK12IEyKGZCbFtJlru5MIhTNc8D8ebRpf4Tv-nucylJvmOliBHtlyuHSpChvFdULyoYAPKBdHkGnJqJPoHDfR6ly3nmAcWwJSMy7ncUh5Z8JP9Mg7jKCjRx0J9vk3ERMff7M57kUts%7EjNYk4w012EcvYo5UIYtlM6SSPn8s-jgoA__&Key-Pair-Id=K2L8F4GPSG1IFC "HTTP/1.1 206 Partial Content"
[rank0]:[rank0]:W0512 23:30:13.027000 173303 torch/distributed/fsdp/_fully_shard/_fsdp_state.py:350] 1 of the 2 modules passed to fully_shard did not run forward before backward, which is error-prone since FSDP post-forward/pre-backward logic will not run for these modules. We recommend passing only modules that run forward together. Modules that did not run forward: [FSDPAttnResProjection(in_features=1024, out_features=1, bias=False)]
[rank0]:[titan] 2026-05-12 23:30:38,590 - root - INFO - [31mstep:  1  [32mloss: 12.20778  [38;2;180;60;0mgrad_norm:  0.1159  [38;2;54;234;195mmemory: 23.97GiB(76.44%)  [34mtps: 2,127  [36mtflops: 16.11  [35mmfu: N/A[39m
[rank0]:[titan] 2026-05-12 23:30:38,592 - root - INFO - Preparing c4_validation dataset from allenai/c4
[rank0]:[titan] 2026-05-12 23:30:38,936 - httpx - INFO - HTTP Request: HEAD https://huggingface.co/datasets/allenai/c4/resolve/main/README.md "HTTP/1.1 307 Temporary Redirect"
[rank0]:[titan] 2026-05-12 23:30:38,984 - httpx - INFO - HTTP Request: HEAD https://huggingface.co/api/resolve-cache/datasets/allenai/c4/1588ec454efa1a09f29cd18ddd04fe05fc8653a2/README.md "HTTP/1.1 200 OK"
[rank0]:[titan] 2026-05-12 23:30:39,153 - httpx - INFO - HTTP Request: HEAD https://huggingface.co/datasets/allenai/c4/resolve/1588ec454efa1a09f29cd18ddd04fe05fc8653a2/c4.py "HTTP/1.1 404 Not Found"
[rank0]:[titan] 2026-05-12 23:30:39,666 - httpx - INFO - HTTP Request: HEAD https://s3.amazonaws.com/datasets.huggingface.co/datasets/datasets/allenai/c4/allenai/c4.py "HTTP/1.1 404 Not Found"
[rank0]:[titan] 2026-05-12 23:30:39,933 - httpx - INFO - HTTP Request: HEAD https://huggingface.co/datasets/allenai/c4/resolve/1588ec454efa1a09f29cd18ddd04fe05fc8653a2/.huggingface.yaml "HTTP/1.1 404 Not Found"
[rank0]:[titan] 2026-05-12 23:30:40,278 - httpx - INFO - HTTP Request: GET https://datasets-server.huggingface.co/info?dataset=allenai/c4 "HTTP/1.1 200 OK"
[rank0]:[titan] 2026-05-12 23:30:40,589 - httpx - INFO - HTTP Request: HEAD https://huggingface.co/datasets/allenai/c4/resolve/1588ec454efa1a09f29cd18ddd04fe05fc8653a2/dataset_infos.json "HTTP/1.1 404 Not Found"
[rank0]:[titan] 2026-05-12 23:30:40,860 - httpx - INFO - HTTP Request: GET https://huggingface.co/datasets/allenai/c4/resolve/1588ec454efa1a09f29cd18ddd04fe05fc8653a2/en/c4-validation.00000-of-00008.json.gz "HTTP/1.1 302 Found"
[rank0]:[titan] 2026-05-12 23:30:41,061 - httpx - INFO - HTTP Request: GET https://cas-bridge.xethub.hf.co/xet-bridge-us/621ffdd236468d709f182a80/dffa9a5aa789525d19e0d6d9473f981585bd51d31019f9ba258b54d311dd5bf2?X-Amz-Algorithm=AWS4-HMAC-SHA256&X-Amz-Content-Sha256=UNSIGNED-PAYLOAD&X-Amz-Credential=cas%2F20260512%2Fus-east-1%2Fs3%2Faws4_request&X-Amz-Date=20260512T233040Z&X-Amz-Expires=3600&X-Amz-Signature=1831f28e983f71e88a0769cb2902554f5d98586238253be2dab55f72c7cd6a49&X-Amz-SignedHeaders=host&X-Xet-Cas-Uid=public&response-content-disposition=inline%3B+filename*%3DUTF-8%27%27c4-validation.00000-of-00008.json.gz%3B+filename%3D%22c4-validation.00000-of-00008.json.gz%22%3B&response-content-type=application%2Fgzip&x-amz-checksum-mode=ENABLED&x-id=GetObject&Expires=1778632240&Policy=eyJTdGF0ZW1lbnQiOlt7IkNvbmRpdGlvbiI6eyJEYXRlTGVzc1RoYW4iOnsiQVdTOkVwb2NoVGltZSI6MTc3ODYzMjI0MH19LCJSZXNvdXJjZSI6Imh0dHBzOi8vY2FzLWJyaWRnZS54ZXRodWIuaGYuY28veGV0LWJyaWRnZS11cy82MjFmZmRkMjM2NDY4ZDcwOWYxODJhODAvZGZmYTlhNWFhNzg5NTI1ZDE5ZTBkNmQ5NDczZjk4MTU4NWJkNTFkMzEwMTlmOWJhMjU4YjU0ZDMxMWRkNWJmMioifV19&Signature=o%7Emg7wTB%7EjkxhFBsP%7EO8-Nz%7E14burfl0Qjlbi7Q1hzYgTQJ5PITpY4qJGt%7EHOR5rxmrP0Vd2G92BARlkRsOXickOfe7l-rr21Y-%7E6MRkcYkD8pgvCDFjFsPmP0Tk1DGJvgCmoU-B7KJzpLuOecKeuTjjTFUXvOXKy3p4znTnSJkDCVh1JmRlRUtY%7ELojGxNPb72D-Olcz8MSdr4uW-3phmlNpDA0cSCDxcOttyHWpkrvB7a4qXJF4g28vD6%7EwPoKqNc3rgosREby0ZdOEOHbo7vsDT5Co6l3QJBsTzAlOm633JrL6C830iU6-eDeN17qld47lGExlvKYs8yoJvUpQA__&Key-Pair-Id=K2L8F4GPSG1IFC "HTTP/1.1 206 Partial Content"
[rank0]:/workspace/torchtitan_attention_residual/torchtitan/torchtitan/distributed/utils.py:442: UserWarning: Set timeout is now only supported for either nccl or gloo.
[rank0]:  torch.distributed.distributed_c10d._set_pg_timeout(timeout, group)
[rank0]:[titan] 2026-05-12 23:32:26,394 - root - INFO - [33mvalidate step:  1  [32mloss: 12.2079  [38;2;54;234;195mmemory: 23.97GiB(76.45%)  [34mtps: 7,599[39m
[rank0]:[titan] 2026-05-12 23:32:26,397 - root - INFO - Synchronizing and adjusting timeout for all ProcessGroups to 0:01:40
[rank0]:[titan] 2026-05-12 23:36:35,049 - root - INFO - [31mstep: 10  [32mloss: 12.12004  [38;2;180;60;0mgrad_norm:  0.1212  [38;2;54;234;195mmemory: 25.28GiB(80.62%)  [34mtps: 3,558  [36mtflops: 26.95  [35mmfu: N/A[39m
[rank0]:[titan] 2026-05-12 23:41:11,348 - root - INFO - [31mstep: 20  [32mloss: 11.30968  [38;2;180;60;0mgrad_norm:  0.4315  [38;2;54;234;195mmemory: 25.28GiB(80.62%)  [34mtps: 3,558  [36mtflops: 26.95  [35mmfu: N/A[39m
[rank0]:[titan] 2026-05-12 23:41:39,424 - httpx - INFO - HTTP Request: GET https://huggingface.co/datasets/allenai/c4/resolve/1588ec454efa1a09f29cd18ddd04fe05fc8653a2/en/c4-train.00000-of-01024.json.gz "HTTP/1.1 302 Found"
[rank0]:[titan] 2026-05-12 23:41:39,638 - httpx - INFO - HTTP Request: GET https://cas-bridge.xethub.hf.co/xet-bridge-us/621ffdd236468d709f182a80/6656aac078668b0d5feb1cfb7b04def05bff73e7e375d0a66e252827336ac1a8?X-Amz-Algorithm=AWS4-HMAC-SHA256&X-Amz-Content-Sha256=UNSIGNED-PAYLOAD&X-Amz-Credential=cas%2F20260512%2Fus-east-1%2Fs3%2Faws4_request&X-Amz-Date=20260512T233959Z&X-Amz-Expires=3600&X-Amz-Signature=1c90e9d7890449f34f145d80cbdb7dd5181ba61fb94bb8a998fef3dfac0e4b76&X-Amz-SignedHeaders=host&X-Xet-Cas-Uid=public&response-content-disposition=inline%3B+filename*%3DUTF-8%27%27c4-train.00000-of-01024.json.gz%3B+filename%3D%22c4-train.00000-of-01024.json.gz%22%3B&response-content-type=application%2Fgzip&x-amz-checksum-mode=ENABLED&x-id=GetObject&Expires=1778632799&Policy=eyJTdGF0ZW1lbnQiOlt7IkNvbmRpdGlvbiI6eyJEYXRlTGVzc1RoYW4iOnsiQVdTOkVwb2NoVGltZSI6MTc3ODYzMjc5OX19LCJSZXNvdXJjZSI6Imh0dHBzOi8vY2FzLWJyaWRnZS54ZXRodWIuaGYuY28veGV0LWJyaWRnZS11cy82MjFmZmRkMjM2NDY4ZDcwOWYxODJhODAvNjY1NmFhYzA3ODY2OGIwZDVmZWIxY2ZiN2IwNGRlZjA1YmZmNzNlN2UzNzVkMGE2NmUyNTI4MjczMzZhYzFhOCoifV19&Signature=JPVb5OJIIKDnaVdAk1yKp6PlSqWkhsDjnOKghaTqtOpR04Y%7Eub1YyHNLghA25nflcTTnl8wZHVt-RXrziJnV2arOkOAGoX17uMSfEjB7VYB9QK0u%7EsCApFX7HcVeW0B5aBX7EFdlUs5qTrFdHD51qH4ucKkYpUuHX59QILG03HLJqDqIOR5MFthZVeuWiSki6LZqZGTp5WCPtBD8eoskMTwc4Cx4C4AkZuL3zGnqdzXr-BCYgjbOBUzHJjLlKm7-CoCffBumD%7EAEaQl17dUWHtErBiauJQWhati9gTI0aExSbMbnO1oLy-4rtJiPQlzwHzTDTQIst-QxwLuLguabUQ__&Key-Pair-Id=K2L8F4GPSG1IFC "HTTP/1.1 206 Partial Content"
[rank0]:[titan] 2026-05-12 23:45:48,776 - root - INFO - [31mstep: 30  [32mloss: 10.30413  [38;2;180;60;0mgrad_norm:  0.2953  [38;2;54;234;195mmemory: 25.28GiB(80.62%)  [34mtps: 3,543  [36mtflops: 26.84  [35mmfu: N/A[39m
[rank0]:[titan] 2026-05-12 23:50:24,428 - root - INFO - [31mstep: 40  [32mloss:  9.72517  [38;2;180;60;0mgrad_norm:  0.2302  [38;2;54;234;195mmemory: 25.28GiB(80.62%)  [34mtps: 3,566  [36mtflops: 27.01  [35mmfu: N/A[39m
[rank0]:[titan] 2026-05-12 23:51:19,959 - httpx - INFO - HTTP Request: GET https://huggingface.co/datasets/allenai/c4/resolve/1588ec454efa1a09f29cd18ddd04fe05fc8653a2/en/c4-train.00000-of-01024.json.gz "HTTP/1.1 302 Found"
[rank0]:[titan] 2026-05-12 23:51:20,176 - httpx - INFO - HTTP Request: GET https://cas-bridge.xethub.hf.co/xet-bridge-us/621ffdd236468d709f182a80/6656aac078668b0d5feb1cfb7b04def05bff73e7e375d0a66e252827336ac1a8?X-Amz-Algorithm=AWS4-HMAC-SHA256&X-Amz-Content-Sha256=UNSIGNED-PAYLOAD&X-Amz-Credential=cas%2F20260512%2Fus-east-1%2Fs3%2Faws4_request&X-Amz-Date=20260512T235119Z&X-Amz-Expires=3600&X-Amz-Signature=540ed7a7e9a273abdae2025a187579c4717e6e7cd3d7d2f26c58af364b99302a&X-Amz-SignedHeaders=host&X-Xet-Cas-Uid=public&response-content-disposition=inline%3B+filename*%3DUTF-8%27%27c4-train.00000-of-01024.json.gz%3B+filename%3D%22c4-train.00000-of-01024.json.gz%22%3B&response-content-type=application%2Fgzip&x-amz-checksum-mode=ENABLED&x-id=GetObject&Expires=1778633479&Policy=eyJTdGF0ZW1lbnQiOlt7IkNvbmRpdGlvbiI6eyJEYXRlTGVzc1RoYW4iOnsiQVdTOkVwb2NoVGltZSI6MTc3ODYzMzQ3OX19LCJSZXNvdXJjZSI6Imh0dHBzOi8vY2FzLWJyaWRnZS54ZXRodWIuaGYuY28veGV0LWJyaWRnZS11cy82MjFmZmRkMjM2NDY4ZDcwOWYxODJhODAvNjY1NmFhYzA3ODY2OGIwZDVmZWIxY2ZiN2IwNGRlZjA1YmZmNzNlN2UzNzVkMGE2NmUyNTI4MjczMzZhYzFhOCoifV19&Signature=fYf7yiMiWiBworVEbwd%7EDjJoRVeCbvw9cZ%7EiBqI2PBGbibQvR-lUecr%7EuEvSa7kIYM5JECw2JgQ0qMi4btqxGeX8qMFNnGykKKSbbrezyniXTgDIpT1lkRjpyAd0NgHhSlwTz65Np-dznVw1SXdIFkQovcI0dt1OdgE0CCLlXWrE-ylbrNsNDJ1JyY6Me0hmoS9fjTCyrf2AsbEcgi08GjO%7EYPGrggmYFQBphwdffYgYwDp3m1kUbSgkhPWDsUUjXAf1SOizkpSrp5MpfDPRl8c0wX8ZD3BrDEJKwpdmzWgch5Lq%7Ey3bZr0N3yYqDsLQoMV1y6t09urTMaRGMC-gtg__&Key-Pair-Id=K2L8F4GPSG1IFC "HTTP/1.1 206 Partial Content"
[rank0]:[titan] 2026-05-12 23:54:34,030 - root - INFO - [GC] Performing periodic GC collection took 0.13 seconds
[rank0]:[titan] 2026-05-12 23:55:01,570 - root - INFO - [31mstep: 50  [32mloss:  9.05168  [38;2;180;60;0mgrad_norm:  0.1823  [38;2;54;234;195mmemory: 25.28GiB(80.62%)  [34mtps: 3,547  [36mtflops: 26.87  [35mmfu: N/A[39m
[rank0]:[titan] 2026-05-12 23:59:36,250 - root - INFO - [31mstep: 60  [32mloss:  8.43999  [38;2;180;60;0mgrad_norm:  0.1214  [38;2;54;234;195mmemory: 25.28GiB(80.62%)  [34mtps: 3,579  [36mtflops: 27.11  [35mmfu: N/A[39m
[rank0]:[titan] 2026-05-13 00:01:26,489 - httpx - INFO - HTTP Request: GET https://huggingface.co/datasets/allenai/c4/resolve/1588ec454efa1a09f29cd18ddd04fe05fc8653a2/en/c4-train.00000-of-01024.json.gz "HTTP/1.1 302 Found"
[rank0]:[titan] 2026-05-13 00:01:26,692 - httpx - INFO - HTTP Request: GET https://cas-bridge.xethub.hf.co/xet-bridge-us/621ffdd236468d709f182a80/6656aac078668b0d5feb1cfb7b04def05bff73e7e375d0a66e252827336ac1a8?X-Amz-Algorithm=AWS4-HMAC-SHA256&X-Amz-Content-Sha256=UNSIGNED-PAYLOAD&X-Amz-Credential=cas%2F20260513%2Fus-east-1%2Fs3%2Faws4_request&X-Amz-Date=20260513T000126Z&X-Amz-Expires=3600&X-Amz-Signature=5724d688da193fcb9ea26dd2432766089cbbc63fb58e941fc628d19f5d1e349b&X-Amz-SignedHeaders=host&X-Xet-Cas-Uid=public&response-content-disposition=inline%3B+filename*%3DUTF-8%27%27c4-train.00000-of-01024.json.gz%3B+filename%3D%22c4-train.00000-of-01024.json.gz%22%3B&response-content-type=application%2Fgzip&x-amz-checksum-mode=ENABLED&x-id=GetObject&Expires=1778634086&Policy=eyJTdGF0ZW1lbnQiOlt7IkNvbmRpdGlvbiI6eyJEYXRlTGVzc1RoYW4iOnsiQVdTOkVwb2NoVGltZSI6MTc3ODYzNDA4Nn19LCJSZXNvdXJjZSI6Imh0dHBzOi8vY2FzLWJyaWRnZS54ZXRodWIuaGYuY28veGV0LWJyaWRnZS11cy82MjFmZmRkMjM2NDY4ZDcwOWYxODJhODAvNjY1NmFhYzA3ODY2OGIwZDVmZWIxY2ZiN2IwNGRlZjA1YmZmNzNlN2UzNzVkMGE2NmUyNTI4MjczMzZhYzFhOCoifV19&Signature=KYSfEgzoOgMmPTSK5Lr3OtyhZ0ws5rC3jTUwDPlAg7j3pAByTStwyLNGzo7oi1lDVUy2GJkGWzdd3oLw5xBXPptvdzoADuG6lFoDGmFJu50A4zalri6S8nFphj4Y7z6mQIY3C3ciQVYz49qDdN2s9UD22YsclmIhOSCOVUglmD2VKW2PPIsO7Lo30Y3001ySsA4-XEq%7ENWb5aqHuHW61BM5ewQfxR-D46zyvz97NNUy94m8RNFSrc0sS0-mdoAxhHl0LxfXjIMsOCUWDfaFHt10VoBH0VFNy8ZgKPzYX4yLVFI0ak%7EKUrlMtuMYgT%7EOGl5iyQuswajJRlWdoobckog__&Key-Pair-Id=K2L8F4GPSG1IFC "HTTP/1.1 206 Partial Content"
[rank0]:[titan] 2026-05-13 00:04:12,504 - root - INFO - [31mstep: 70  [32mloss:  7.99038  [38;2;180;60;0mgrad_norm:  0.0682  [38;2;54;234;195mmemory: 25.28GiB(80.62%)  [34mtps: 3,558  [36mtflops: 26.96  [35mmfu: N/A[39m
[rank0]:[titan] 2026-05-13 00:08:47,592 - root - INFO - [31mstep: 80  [32mloss:  8.02563  [38;2;180;60;0mgrad_norm:  0.0267  [38;2;54;234;195mmemory: 25.28GiB(80.62%)  [34mtps: 3,574  [36mtflops: 27.07  [35mmfu: N/A[39m
[rank0]:[titan] 2026-05-13 00:13:22,797 - root - INFO - [31mstep: 90  [32mloss:  7.76417  [38;2;180;60;0mgrad_norm:  0.0545  [38;2;54;234;195mmemory: 25.28GiB(80.62%)  [34mtps: 3,572  [36mtflops: 27.06  [35mmfu: N/A[39m
[rank0]:[titan] 2026-05-13 00:17:30,640 - root - INFO - [GC] Performing periodic GC collection took 0.15 seconds
[rank0]:[titan] 2026-05-13 00:17:58,228 - root - INFO - [31mstep: 100  [32mloss:  7.65124  [38;2;180;60;0mgrad_norm:  0.0531  [38;2;54;234;195mmemory: 25.28GiB(80.62%)  [34mtps: 3,569  [36mtflops: 27.04  [35mmfu: N/A[39m
[rank0]:[titan] 2026-05-13 00:20:44,002 - httpx - INFO - HTTP Request: GET https://huggingface.co/datasets/allenai/c4/resolve/1588ec454efa1a09f29cd18ddd04fe05fc8653a2/en/c4-train.00000-of-01024.json.gz "HTTP/1.1 302 Found"
[rank0]:[titan] 2026-05-13 00:20:44,213 - httpx - INFO - HTTP Request: GET https://cas-bridge.xethub.hf.co/xet-bridge-us/621ffdd236468d709f182a80/6656aac078668b0d5feb1cfb7b04def05bff73e7e375d0a66e252827336ac1a8?X-Amz-Algorithm=AWS4-HMAC-SHA256&X-Amz-Content-Sha256=UNSIGNED-PAYLOAD&X-Amz-Credential=cas%2F20260513%2Fus-east-1%2Fs3%2Faws4_request&X-Amz-Date=20260513T001705Z&X-Amz-Expires=3600&X-Amz-Signature=4e063d5e07340a45bcfc880643f6042bc3f1c1170050b2a2140747d19ba8fc0c&X-Amz-SignedHeaders=host&X-Xet-Cas-Uid=public&response-content-disposition=inline%3B+filename*%3DUTF-8%27%27c4-train.00000-of-01024.json.gz%3B+filename%3D%22c4-train.00000-of-01024.json.gz%22%3B&response-content-type=application%2Fgzip&x-amz-checksum-mode=ENABLED&x-id=GetObject&Expires=1778635025&Policy=eyJTdGF0ZW1lbnQiOlt7IkNvbmRpdGlvbiI6eyJEYXRlTGVzc1RoYW4iOnsiQVdTOkVwb2NoVGltZSI6MTc3ODYzNTAyNX19LCJSZXNvdXJjZSI6Imh0dHBzOi8vY2FzLWJyaWRnZS54ZXRodWIuaGYuY28veGV0LWJyaWRnZS11cy82MjFmZmRkMjM2NDY4ZDcwOWYxODJhODAvNjY1NmFhYzA3ODY2OGIwZDVmZWIxY2ZiN2IwNGRlZjA1YmZmNzNlN2UzNzVkMGE2NmUyNTI4MjczMzZhYzFhOCoifV19&Signature=TUohJnYRhil6yGQVUrNRlxm5ooeZpi9-nV26UGJACGVP1FLzM%7E4xCamJD3xEAgylfUUixI-BJ8OtOL07a3cy9WV0ohD3BHj3MeeFupMztUUjbEN9O%7EwAGSb4%7E1UuZwnkNwE4OZhosEna0ftEw7OaOyg916xE1puR81ImVnZHNfOn%7EvqJ3LB1ZthgF1IILLXMcoqRWowlXLfw-QKfuNe2Re4oZ3VxRaYWZ5ntG94kQyvL10wa4Y043eZpaMp%7EJ1h7NPcHVlosuDCtWMcJZaifaqmNY9j1xFLJ2CcqqZZmVs1KdnzMu6nQLYT15N%7ES7QPeeONcBoW8oK8Pp2bIYM2%7E9w__&Key-Pair-Id=K2L8F4GPSG1IFC "HTTP/1.1 206 Partial Content"
[rank0]:[titan] 2026-05-13 00:22:36,342 - root - INFO - [31mstep: 110  [32mloss:  7.51350  [38;2;180;60;0mgrad_norm:  0.0418  [38;2;54;234;195mmemory: 25.28GiB(80.62%)  [34mtps: 3,535  [36mtflops: 26.78  [35mmfu: N/A[39m
[rank0]:[titan] 2026-05-13 00:27:12,084 - root - INFO - [31mstep: 120  [32mloss:  7.26212  [38;2;180;60;0mgrad_norm:  0.1075  [38;2;54;234;195mmemory: 25.28GiB(80.62%)  [34mtps: 3,565  [36mtflops: 27.01  [35mmfu: N/A[39m
[rank0]:[titan] 2026-05-13 00:30:53,077 - httpx - INFO - HTTP Request: GET https://huggingface.co/datasets/allenai/c4/resolve/1588ec454efa1a09f29cd18ddd04fe05fc8653a2/en/c4-train.00000-of-01024.json.gz "HTTP/1.1 302 Found"
[rank0]:[titan] 2026-05-13 00:30:53,290 - httpx - INFO - HTTP Request: GET https://cas-bridge.xethub.hf.co/xet-bridge-us/621ffdd236468d709f182a80/6656aac078668b0d5feb1cfb7b04def05bff73e7e375d0a66e252827336ac1a8?X-Amz-Algorithm=AWS4-HMAC-SHA256&X-Amz-Content-Sha256=UNSIGNED-PAYLOAD&X-Amz-Credential=cas%2F20260513%2Fus-east-1%2Fs3%2Faws4_request&X-Amz-Date=20260513T003052Z&X-Amz-Expires=3600&X-Amz-Signature=28461a7240d7f615d50efa00fa5a52daf902590ce6a6b869b6bb99cd66a566cf&X-Amz-SignedHeaders=host&X-Xet-Cas-Uid=public&response-content-disposition=inline%3B+filename*%3DUTF-8%27%27c4-train.00000-of-01024.json.gz%3B+filename%3D%22c4-train.00000-of-01024.json.gz%22%3B&response-content-type=application%2Fgzip&x-amz-checksum-mode=ENABLED&x-id=GetObject&Expires=1778635852&Policy=eyJTdGF0ZW1lbnQiOlt7IkNvbmRpdGlvbiI6eyJEYXRlTGVzc1RoYW4iOnsiQVdTOkVwb2NoVGltZSI6MTc3ODYzNTg1Mn19LCJSZXNvdXJjZSI6Imh0dHBzOi8vY2FzLWJyaWRnZS54ZXRodWIuaGYuY28veGV0LWJyaWRnZS11cy82MjFmZmRkMjM2NDY4ZDcwOWYxODJhODAvNjY1NmFhYzA3ODY2OGIwZDVmZWIxY2ZiN2IwNGRlZjA1YmZmNzNlN2UzNzVkMGE2NmUyNTI4MjczMzZhYzFhOCoifV19&Signature=wFb9TVSv6lupmKkgv%7E8tqhn7xX-%7EXhUcoMv2U-UgtGcI1aAk-yGoL3Qz%7ESVEVBcCegQ6w1TLSaLdXbYAMunfxzh-L9jmpOx0YXU%7EvmLrg3d-D2FsRhYj4jjhICaEWnb%7E0XDMWtS49k3vjXn2Jr6q7q7oieUBHtXEDoeluo0Dhe8ZdLh3S01ajv5nvXtBduyT%7E-f49s7s734O84Qr7tCKXNlHJtUPRUMCwk4pWLFQArE-Pd6UZW3wmFJMbVwGSIB%7EAKYFBVwHPyAE9sV3iSughSaMXf%7ENbRKZxwasK3AzWE03BQsnSFitktIqyETTdu-SP7ejc9QBj-Rmrndyo-58hQ__&Key-Pair-Id=K2L8F4GPSG1IFC "HTTP/1.1 206 Partial Content"
[rank0]:[titan] 2026-05-13 00:31:49,267 - root - INFO - [31mstep: 130  [32mloss:  6.99749  [38;2;180;60;0mgrad_norm:  0.0883  [38;2;54;234;195mmemory: 25.28GiB(80.62%)  [34mtps: 3,547  [36mtflops: 26.87  [35mmfu: N/A[39m
[rank0]:[titan] 2026-05-13 00:36:24,819 - root - INFO - [31mstep: 140  [32mloss:  6.79156  [38;2;180;60;0mgrad_norm:  0.1370  [38;2;54;234;195mmemory: 25.28GiB(80.62%)  [34mtps: 3,568  [36mtflops: 27.02  [35mmfu: N/A[39m
[rank0]:[titan] 2026-05-13 00:40:32,934 - root - INFO - [GC] Performing periodic GC collection took 0.16 seconds
[rank0]:[titan] 2026-05-13 00:40:33,436 - httpx - INFO - HTTP Request: GET https://huggingface.co/datasets/allenai/c4/resolve/1588ec454efa1a09f29cd18ddd04fe05fc8653a2/en/c4-train.00000-of-01024.json.gz "HTTP/1.1 302 Found"
[rank0]:[titan] 2026-05-13 00:40:33,637 - httpx - INFO - HTTP Request: GET https://cas-bridge.xethub.hf.co/xet-bridge-us/621ffdd236468d709f182a80/6656aac078668b0d5feb1cfb7b04def05bff73e7e375d0a66e252827336ac1a8?X-Amz-Algorithm=AWS4-HMAC-SHA256&X-Amz-Content-Sha256=UNSIGNED-PAYLOAD&X-Amz-Credential=cas%2F20260513%2Fus-east-1%2Fs3%2Faws4_request&X-Amz-Date=20260513T004033Z&X-Amz-Expires=3600&X-Amz-Signature=98bcda69a8e40e8f4015ef350a1324b80fdc6197365515197448f4ed1b0c8f4d&X-Amz-SignedHeaders=host&X-Xet-Cas-Uid=public&response-content-disposition=inline%3B+filename*%3DUTF-8%27%27c4-train.00000-of-01024.json.gz%3B+filename%3D%22c4-train.00000-of-01024.json.gz%22%3B&response-content-type=application%2Fgzip&x-amz-checksum-mode=ENABLED&x-id=GetObject&Expires=1778636433&Policy=eyJTdGF0ZW1lbnQiOlt7IkNvbmRpdGlvbiI6eyJEYXRlTGVzc1RoYW4iOnsiQVdTOkVwb2NoVGltZSI6MTc3ODYzNjQzM319LCJSZXNvdXJjZSI6Imh0dHBzOi8vY2FzLWJyaWRnZS54ZXRodWIuaGYuY28veGV0LWJyaWRnZS11cy82MjFmZmRkMjM2NDY4ZDcwOWYxODJhODAvNjY1NmFhYzA3ODY2OGIwZDVmZWIxY2ZiN2IwNGRlZjA1YmZmNzNlN2UzNzVkMGE2NmUyNTI4MjczMzZhYzFhOCoifV19&Signature=hUdQ8LqKl1Caj3t6eAjl8T6K70LGEnft5Q3cWC9fwYAPzguwCGgNvbuW9j7wfExxpG97FmGpV6R3Ee-Sw0kU81Zgo1rqnR3Ol5B1IB%7E6yUoApuVoSi-Vt09OgtN40w-cVmbDqVvvjRX8HdpD8oBnW9mVi6fJt2swCwCH0AgHRYO1fGs9-yvbUssFRYQO2e-HpBxBG5fVMYW%7ELQnRPZVzU95iuvcv5lffhyGh6BqzUWg7MtaVJDZqyEb0JD0irPRcE6bTSDW5l084vIQyX7Z9tW41pO3noiQJoJU1Muz7%7EFSaZMNr-UMKbEp4sXv0ZLJC7-2kktzoC51OuvGWkm2C4Q__&Key-Pair-Id=K2L8F4GPSG1IFC "HTTP/1.1 206 Partial Content"
[rank0]:[titan] 2026-05-13 00:41:02,052 - root - INFO - [31mstep: 150  [32mloss:  6.60967  [38;2;180;60;0mgrad_norm:  0.0801  [38;2;54;234;195mmemory: 25.28GiB(80.62%)  [34mtps: 3,546  [36mtflops: 26.86  [35mmfu: N/A[39m
[rank0]:[titan] 2026-05-13 00:45:38,129 - root - INFO - [31mstep: 160  [32mloss:  6.50074  [38;2;180;60;0mgrad_norm:  0.0853  [38;2;54;234;195mmemory: 25.28GiB(80.62%)  [34mtps: 3,561  [36mtflops: 26.97  [35mmfu: N/A[39m
[rank0]:[titan] 2026-05-13 00:50:14,265 - root - INFO - [31mstep: 170  [32mloss:  6.35159  [38;2;180;60;0mgrad_norm:  0.0482  [38;2;54;234;195mmemory: 25.28GiB(80.62%)  [34mtps: 3,560  [36mtflops: 26.97  [35mmfu: N/A[39m
[rank0]:[titan] 2026-05-13 00:54:50,427 - root - INFO - [31mstep: 180  [32mloss:  6.23078  [38;2;180;60;0mgrad_norm:  0.1745  [38;2;54;234;195mmemory: 25.28GiB(80.62%)  [34mtps: 3,560  [36mtflops: 26.96  [35mmfu: N/A[39m
[rank0]:[titan] 2026-05-13 00:59:26,466 - root - INFO - [31mstep: 190  [32mloss:  6.10431  [38;2;180;60;0mgrad_norm:  0.0536  [38;2;54;234;195mmemory: 25.28GiB(80.62%)  [34mtps: 3,561  [36mtflops: 26.98  [35mmfu: N/A[39m
[rank0]:[titan] 2026-05-13 01:00:22,018 - httpx - INFO - HTTP Request: GET https://huggingface.co/datasets/allenai/c4/resolve/1588ec454efa1a09f29cd18ddd04fe05fc8653a2/en/c4-train.00000-of-01024.json.gz "HTTP/1.1 302 Found"
[rank0]:[titan] 2026-05-13 01:00:22,227 - httpx - INFO - HTTP Request: GET https://cas-bridge.xethub.hf.co/xet-bridge-us/621ffdd236468d709f182a80/6656aac078668b0d5feb1cfb7b04def05bff73e7e375d0a66e252827336ac1a8?X-Amz-Algorithm=AWS4-HMAC-SHA256&X-Amz-Content-Sha256=UNSIGNED-PAYLOAD&X-Amz-Credential=cas%2F20260513%2Fus-east-1%2Fs3%2Faws4_request&X-Amz-Date=20260513T004924Z&X-Amz-Expires=3600&X-Amz-Signature=a31294f5261d4e83a542fe9baeef8f7ab063fefd0efce6daa2971345d2c56b20&X-Amz-SignedHeaders=host&X-Xet-Cas-Uid=public&response-content-disposition=inline%3B+filename*%3DUTF-8%27%27c4-train.00000-of-01024.json.gz%3B+filename%3D%22c4-train.00000-of-01024.json.gz%22%3B&response-content-type=application%2Fgzip&x-amz-checksum-mode=ENABLED&x-id=GetObject&Expires=1778636964&Policy=eyJTdGF0ZW1lbnQiOlt7IkNvbmRpdGlvbiI6eyJEYXRlTGVzc1RoYW4iOnsiQVdTOkVwb2NoVGltZSI6MTc3ODYzNjk2NH19LCJSZXNvdXJjZSI6Imh0dHBzOi8vY2FzLWJyaWRnZS54ZXRodWIuaGYuY28veGV0LWJyaWRnZS11cy82MjFmZmRkMjM2NDY4ZDcwOWYxODJhODAvNjY1NmFhYzA3ODY2OGIwZDVmZWIxY2ZiN2IwNGRlZjA1YmZmNzNlN2UzNzVkMGE2NmUyNTI4MjczMzZhYzFhOCoifV19&Signature=SsuRvmp2ILretDKyZOdvpHyqE%7Es7BS7OGXy4f1h26WvfaFE2HGAVYvfezxQOJVWOBVlAogSWwFoDnXnXmPppT8LKN0ULRl8Q9SLmlE9RoeDqGPAfD9WPQ5Mk2UQuxnWBToEA0W6co7VBiIWVQ-acvIp-VU38KHsSkzj57iFmpm5KazcDSGb2gpJGUGLdHDP%7Edral1R57%7EVR0ZWXyDFhEWIZ%7E4y5NKcg1cgu%7EqC7dfhSg-AxZ8GZFB2Xm2Ll6YfWrFnLpHaubaZz8f3R0JDPFlKkBa3F0DW0n5WlLueKIid7L2s9axMk3Oj6zqluTQKBRsMPiGmtt2B1JKLXT61PC8A__&Key-Pair-Id=K2L8F4GPSG1IFC "HTTP/1.1 206 Partial Content"
[rank0]:[titan] 2026-05-13 01:03:36,099 - root - INFO - [GC] Performing periodic GC collection took 0.16 seconds
[rank0]:[titan] 2026-05-13 01:04:03,731 - root - INFO - [31mstep: 200  [32mloss:  6.02882  [38;2;180;60;0mgrad_norm:  0.0618  [38;2;54;234;195mmemory: 25.28GiB(80.62%)  [34mtps: 3,546  [36mtflops: 26.86  [35mmfu: N/A[39m
[rank0]:[titan] 2026-05-13 01:08:39,477 - root - INFO - [31mstep: 210  [32mloss:  5.95287  [38;2;180;60;0mgrad_norm:  0.0984  [38;2;54;234;195mmemory: 25.28GiB(80.62%)  [34mtps: 3,565  [36mtflops: 27.01  [35mmfu: N/A[39m
[rank0]:[titan] 2026-05-13 01:10:02,725 - httpx - INFO - HTTP Request: GET https://huggingface.co/datasets/allenai/c4/resolve/1588ec454efa1a09f29cd18ddd04fe05fc8653a2/en/c4-train.00000-of-01024.json.gz "HTTP/1.1 302 Found"
[rank0]:[titan] 2026-05-13 01:10:02,928 - httpx - INFO - HTTP Request: GET https://cas-bridge.xethub.hf.co/xet-bridge-us/621ffdd236468d709f182a80/6656aac078668b0d5feb1cfb7b04def05bff73e7e375d0a66e252827336ac1a8?X-Amz-Algorithm=AWS4-HMAC-SHA256&X-Amz-Content-Sha256=UNSIGNED-PAYLOAD&X-Amz-Credential=cas%2F20260513%2Fus-east-1%2Fs3%2Faws4_request&X-Amz-Date=20260513T011002Z&X-Amz-Expires=3600&X-Amz-Signature=621c5ff91d428188bf30a680c5c9aaa88b32e7aac45e882150ed6a338c7f9bf8&X-Amz-SignedHeaders=host&X-Xet-Cas-Uid=public&response-content-disposition=inline%3B+filename*%3DUTF-8%27%27c4-train.00000-of-01024.json.gz%3B+filename%3D%22c4-train.00000-of-01024.json.gz%22%3B&response-content-type=application%2Fgzip&x-amz-checksum-mode=ENABLED&x-id=GetObject&Expires=1778638202&Policy=eyJTdGF0ZW1lbnQiOlt7IkNvbmRpdGlvbiI6eyJEYXRlTGVzc1RoYW4iOnsiQVdTOkVwb2NoVGltZSI6MTc3ODYzODIwMn19LCJSZXNvdXJjZSI6Imh0dHBzOi8vY2FzLWJyaWRnZS54ZXRodWIuaGYuY28veGV0LWJyaWRnZS11cy82MjFmZmRkMjM2NDY4ZDcwOWYxODJhODAvNjY1NmFhYzA3ODY2OGIwZDVmZWIxY2ZiN2IwNGRlZjA1YmZmNzNlN2UzNzVkMGE2NmUyNTI4MjczMzZhYzFhOCoifV19&Signature=uwklVEc0cJ6viJa24f2pEyVh50wGZ20AMbTLsneDWeDtE-CFJOwpUU5ujAIsZNv5ZTAf%7ET0sffC0U8Xv0tbAK1vn540qoUCzZmqcnuMp8IPco0Bpq8eyNEsNq3%7Eh7u1JvW61Agf6OZAPiP1BTswjb6De1kCJtcVFPyBuO9cjXW2dodcKclXhdk6SuwJLgJn-IIDvSG1C8rgdLPUUqSYobw26D5F6QhUm%7EiviL1OF7ZEbnm9qHxhA1JSv88znl8DX182J00hinx6r-klfa81Ry7IiRijkJbIjJxbhZ5SICHswXWXBZzHnWBalNd16HKyM7h%7Eru2o2rOs3fDaO0qVDxw__&Key-Pair-Id=K2L8F4GPSG1IFC "HTTP/1.1 206 Partial Content"
[rank0]:[titan] 2026-05-13 01:13:17,843 - root - INFO - [31mstep: 220  [32mloss:  5.84323  [38;2;180;60;0mgrad_norm:  0.0675  [38;2;54;234;195mmemory: 25.28GiB(80.62%)  [34mtps: 3,531  [36mtflops: 26.75  [35mmfu: N/A[39m
[rank0]:[titan] 2026-05-13 01:17:53,668 - root - INFO - [31mstep: 230  [32mloss:  5.78379  [38;2;180;60;0mgrad_norm:  0.0819  [38;2;54;234;195mmemory: 25.28GiB(80.62%)  [34mtps: 3,564  [36mtflops: 27.00  [35mmfu: N/A[39m
[rank0]:[titan] 2026-05-13 01:20:13,009 - httpx - INFO - HTTP Request: GET https://huggingface.co/datasets/allenai/c4/resolve/1588ec454efa1a09f29cd18ddd04fe05fc8653a2/en/c4-train.00000-of-01024.json.gz "HTTP/1.1 302 Found"
[rank0]:[titan] 2026-05-13 01:20:13,224 - httpx - INFO - HTTP Request: GET https://cas-bridge.xethub.hf.co/xet-bridge-us/621ffdd236468d709f182a80/6656aac078668b0d5feb1cfb7b04def05bff73e7e375d0a66e252827336ac1a8?X-Amz-Algorithm=AWS4-HMAC-SHA256&X-Amz-Content-Sha256=UNSIGNED-PAYLOAD&X-Amz-Credential=cas%2F20260513%2Fus-east-1%2Fs3%2Faws4_request&X-Amz-Date=20260513T012012Z&X-Amz-Expires=3600&X-Amz-Signature=1f2908470c15c3dd6c50ddc5f052d994a5688b1c4d09f3d52b0bfbf8ca907c99&X-Amz-SignedHeaders=host&X-Xet-Cas-Uid=public&response-content-disposition=inline%3B+filename*%3DUTF-8%27%27c4-train.00000-of-01024.json.gz%3B+filename%3D%22c4-train.00000-of-01024.json.gz%22%3B&response-content-type=application%2Fgzip&x-amz-checksum-mode=ENABLED&x-id=GetObject&Expires=1778638812&Policy=eyJTdGF0ZW1lbnQiOlt7IkNvbmRpdGlvbiI6eyJEYXRlTGVzc1RoYW4iOnsiQVdTOkVwb2NoVGltZSI6MTc3ODYzODgxMn19LCJSZXNvdXJjZSI6Imh0dHBzOi8vY2FzLWJyaWRnZS54ZXRodWIuaGYuY28veGV0LWJyaWRnZS11cy82MjFmZmRkMjM2NDY4ZDcwOWYxODJhODAvNjY1NmFhYzA3ODY2OGIwZDVmZWIxY2ZiN2IwNGRlZjA1YmZmNzNlN2UzNzVkMGE2NmUyNTI4MjczMzZhYzFhOCoifV19&Signature=aBA%7EuHW0FvRnvEVc3Oad-v%7EIypNJm9zQZXpFP9DwFAUMJiqZKrMrx9-659jMUJftgbggqxRYvuWvznumoELgzu79FwZWWi99DOxsu0kJ18ll1XHNKtrEghPuvUq9Bx0OfO2KgWQA6JGhUDr5hOAQH%7EA615K3qYV6nXIzxNX%7EKPQlxSzpg8e31mr8WerI-nal08PltY6o%7E9rucjnpvQAHvOO%7Ec%7EySnKoN7kJgsTQUrjkqph7kZ5uHA4V3OWP9UpNqG4CuaP8Q0xpY-6MvLc1FS0QQWqdf-slDopKU3jsi1wB2-nmzCtPeQTzuScq7v24u2ect5GeT7Zj3hcdVaqcdtg__&Key-Pair-Id=K2L8F4GPSG1IFC "HTTP/1.1 206 Partial Content"
[rank0]:[titan] 2026-05-13 01:22:32,075 - root - INFO - [31mstep: 240  [32mloss:  5.73005  [38;2;180;60;0mgrad_norm:  0.0738  [38;2;54;234;195mmemory: 25.28GiB(80.62%)  [34mtps: 3,531  [36mtflops: 26.75  [35mmfu: N/A[39m
[rank0]:[titan] 2026-05-13 01:26:40,332 - root - INFO - [GC] Performing periodic GC collection took 0.16 seconds
[rank0]:[titan] 2026-05-13 01:27:08,041 - root - INFO - [31mstep: 250  [32mloss:  5.67972  [38;2;180;60;0mgrad_norm:  0.0853  [38;2;54;234;195mmemory: 25.28GiB(80.62%)  [34mtps: 3,562  [36mtflops: 26.98  [35mmfu: N/A[39m
[rank0]:[titan] 2026-05-13 01:31:44,198 - root - INFO - [31mstep: 260  [32mloss:  5.55969  [38;2;180;60;0mgrad_norm:  0.0986  [38;2;54;234;195mmemory: 25.28GiB(80.62%)  [34mtps: 3,560  [36mtflops: 26.97  [35mmfu: N/A[39m
[rank0]:[titan] 2026-05-13 01:36:20,178 - root - INFO - [31mstep: 270  [32mloss:  5.47229  [38;2;180;60;0mgrad_norm:  0.0656  [38;2;54;234;195mmemory: 25.28GiB(80.62%)  [34mtps: 3,562  [36mtflops: 26.98  [35mmfu: N/A[39m
[rank0]:[titan] 2026-05-13 01:39:33,754 - httpx - INFO - HTTP Request: GET https://huggingface.co/datasets/allenai/c4/resolve/1588ec454efa1a09f29cd18ddd04fe05fc8653a2/en/c4-train.00000-of-01024.json.gz "HTTP/1.1 302 Found"
[rank0]:[titan] 2026-05-13 01:39:33,960 - httpx - INFO - HTTP Request: GET https://cas-bridge.xethub.hf.co/xet-bridge-us/621ffdd236468d709f182a80/6656aac078668b0d5feb1cfb7b04def05bff73e7e375d0a66e252827336ac1a8?X-Amz-Algorithm=AWS4-HMAC-SHA256&X-Amz-Content-Sha256=UNSIGNED-PAYLOAD&X-Amz-Credential=cas%2F20260513%2Fus-east-1%2Fs3%2Faws4_request&X-Amz-Date=20260513T013933Z&X-Amz-Expires=3600&X-Amz-Signature=fce6c4e13cf30dbe53fe65e2ac1402cc2a1e87d67dda75175505ab1ea66df7fd&X-Amz-SignedHeaders=host&X-Xet-Cas-Uid=public&response-content-disposition=inline%3B+filename*%3DUTF-8%27%27c4-train.00000-of-01024.json.gz%3B+filename%3D%22c4-train.00000-of-01024.json.gz%22%3B&response-content-type=application%2Fgzip&x-amz-checksum-mode=ENABLED&x-id=GetObject&Expires=1778639973&Policy=eyJTdGF0ZW1lbnQiOlt7IkNvbmRpdGlvbiI6eyJEYXRlTGVzc1RoYW4iOnsiQVdTOkVwb2NoVGltZSI6MTc3ODYzOTk3M319LCJSZXNvdXJjZSI6Imh0dHBzOi8vY2FzLWJyaWRnZS54ZXRodWIuaGYuY28veGV0LWJyaWRnZS11cy82MjFmZmRkMjM2NDY4ZDcwOWYxODJhODAvNjY1NmFhYzA3ODY2OGIwZDVmZWIxY2ZiN2IwNGRlZjA1YmZmNzNlN2UzNzVkMGE2NmUyNTI4MjczMzZhYzFhOCoifV19&Signature=wWvdX1r-qSpyZeO8CCfgM4YNJI-jKRoYgh4XsocQydcGJQPOrS%7Ecspfac0oJ6XJHrTA2jac15c-liylLiOHVS7KNg%7EFtUgOmSpWtPpC9HO5-PLQI1EcxFBgfm1ZQwU7Y-R-x5EXO6LbuSd8nEqDOSxQ7nMCGjgTP4vMKrx1vxrGtvjT8dLlH8ikY6hM6WT4e0S3kkuKadOXg3HPAh4YQQMLAx52nPHpp4%7E5Q-PcpVSYnW1B8CmFVOGPmOsU4gILgIXgaeiqnbvTbh1t7z1hZUzD262p1EqUX5kCjNLcnpUcG4W6AnUWhLRYs6Eh7Af0ULven3XENELmvXxgHjNyFqA__&Key-Pair-Id=K2L8F4GPSG1IFC "HTTP/1.1 206 Partial Content"
[rank0]:[titan] 2026-05-13 01:40:58,489 - root - INFO - [31mstep: 280  [32mloss:  5.40534  [38;2;180;60;0mgrad_norm:  0.0597  [38;2;54;234;195mmemory: 25.28GiB(80.62%)  [34mtps: 3,532  [36mtflops: 26.76  [35mmfu: N/A[39m
[rank0]:[titan] 2026-05-13 01:45:34,231 - root - INFO - [31mstep: 290  [32mloss:  5.34743  [38;2;180;60;0mgrad_norm:  0.0637  [38;2;54;234;195mmemory: 25.28GiB(80.62%)  [34mtps: 3,565  [36mtflops: 27.01  [35mmfu: N/A[39m
[rank0]:[titan] 2026-05-13 01:49:42,510 - root - INFO - [GC] Performing periodic GC collection took 0.16 seconds
[rank0]:[titan] 2026-05-13 01:49:42,928 - httpx - INFO - HTTP Request: GET https://huggingface.co/datasets/allenai/c4/resolve/1588ec454efa1a09f29cd18ddd04fe05fc8653a2/en/c4-train.00000-of-01024.json.gz "HTTP/1.1 302 Found"
[rank0]:[titan] 2026-05-13 01:49:43,129 - httpx - INFO - HTTP Request: GET https://cas-bridge.xethub.hf.co/xet-bridge-us/621ffdd236468d709f182a80/6656aac078668b0d5feb1cfb7b04def05bff73e7e375d0a66e252827336ac1a8?X-Amz-Algorithm=AWS4-HMAC-SHA256&X-Amz-Content-Sha256=UNSIGNED-PAYLOAD&X-Amz-Credential=cas%2F20260513%2Fus-east-1%2Fs3%2Faws4_request&X-Amz-Date=20260513T014942Z&X-Amz-Expires=3600&X-Amz-Signature=6a3b364c5d45412bb3d8a427edaa78d92270ddd314e51773898de7d18eb29f79&X-Amz-SignedHeaders=host&X-Xet-Cas-Uid=public&response-content-disposition=inline%3B+filename*%3DUTF-8%27%27c4-train.00000-of-01024.json.gz%3B+filename%3D%22c4-train.00000-of-01024.json.gz%22%3B&response-content-type=application%2Fgzip&x-amz-checksum-mode=ENABLED&x-id=GetObject&Expires=1778640582&Policy=eyJTdGF0ZW1lbnQiOlt7IkNvbmRpdGlvbiI6eyJEYXRlTGVzc1RoYW4iOnsiQVdTOkVwb2NoVGltZSI6MTc3ODY0MDU4Mn19LCJSZXNvdXJjZSI6Imh0dHBzOi8vY2FzLWJyaWRnZS54ZXRodWIuaGYuY28veGV0LWJyaWRnZS11cy82MjFmZmRkMjM2NDY4ZDcwOWYxODJhODAvNjY1NmFhYzA3ODY2OGIwZDVmZWIxY2ZiN2IwNGRlZjA1YmZmNzNlN2UzNzVkMGE2NmUyNTI4MjczMzZhYzFhOCoifV19&Signature=TCq74qQVp0M2JGX%7E7BXC87iWtxOAWZ-Fy1Lu6e6SyX8MBZU-Ilc79szVHyCNCFb47RVAW-XCKqgpCgjxfYPtcLKoHk39UOgTOmXhwfrWtiZlRbkVI-9ecqR2tc7CsayggjVe8Ol6LgOL4SnuyKruLDNZd2PWtc9bQQVBBB%7EK9UjowRQL1RlsyLyqC2%7EHvPDmUO8XKxvT1cBVzfbhLPDazdvwIpVWcENlfY%7ElolofSenEIXgLd0%7Ec%7Eo-gsnr5lBVLMkfMHNaGtjsx8WxgozcMmO0LaUNmZslvOIptt5365lzuIMVxlrzDcI5lpqx3aaVvge-Tf1MIkd%7EE7XQyA2Kk7A__&Key-Pair-Id=K2L8F4GPSG1IFC "HTTP/1.1 206 Partial Content"
[rank0]:[titan] 2026-05-13 01:50:11,415 - root - INFO - [31mstep: 300  [32mloss:  5.24392  [38;2;180;60;0mgrad_norm:  0.0955  [38;2;54;234;195mmemory: 25.28GiB(80.62%)  [34mtps: 3,547  [36mtflops: 26.87  [35mmfu: N/A[39m
[rank0]:[titan] 2026-05-13 01:54:47,388 - root - INFO - [31mstep: 310  [32mloss:  5.19974  [38;2;180;60;0mgrad_norm:  0.0470  [38;2;54;234;195mmemory: 25.28GiB(80.62%)  [34mtps: 3,562  [36mtflops: 26.98  [35mmfu: N/A[39m
[rank0]:[titan] 2026-05-13 01:59:23,371 - root - INFO - [31mstep: 320  [32mloss:  5.19081  [38;2;180;60;0mgrad_norm:  0.0560  [38;2;54;234;195mmemory: 25.28GiB(80.62%)  [34mtps: 3,562  [36mtflops: 26.98  [35mmfu: N/A[39m
[rank0]:[titan] 2026-05-13 01:59:23,833 - httpx - INFO - HTTP Request: GET https://huggingface.co/datasets/allenai/c4/resolve/1588ec454efa1a09f29cd18ddd04fe05fc8653a2/en/c4-train.00000-of-01024.json.gz "HTTP/1.1 302 Found"
[rank0]:[titan] 2026-05-13 01:59:24,062 - httpx - INFO - HTTP Request: GET https://cas-bridge.xethub.hf.co/xet-bridge-us/621ffdd236468d709f182a80/6656aac078668b0d5feb1cfb7b04def05bff73e7e375d0a66e252827336ac1a8?X-Amz-Algorithm=AWS4-HMAC-SHA256&X-Amz-Content-Sha256=UNSIGNED-PAYLOAD&X-Amz-Credential=cas%2F20260513%2Fus-east-1%2Fs3%2Faws4_request&X-Amz-Date=20260513T015923Z&X-Amz-Expires=3600&X-Amz-Signature=279550f51deedf22b59b042358153dc253e6e948a51184680a43444d69ccfa1a&X-Amz-SignedHeaders=host&X-Xet-Cas-Uid=public&response-content-disposition=inline%3B+filename*%3DUTF-8%27%27c4-train.00000-of-01024.json.gz%3B+filename%3D%22c4-train.00000-of-01024.json.gz%22%3B&response-content-type=application%2Fgzip&x-amz-checksum-mode=ENABLED&x-id=GetObject&Expires=1778641163&Policy=eyJTdGF0ZW1lbnQiOlt7IkNvbmRpdGlvbiI6eyJEYXRlTGVzc1RoYW4iOnsiQVdTOkVwb2NoVGltZSI6MTc3ODY0MTE2M319LCJSZXNvdXJjZSI6Imh0dHBzOi8vY2FzLWJyaWRnZS54ZXRodWIuaGYuY28veGV0LWJyaWRnZS11cy82MjFmZmRkMjM2NDY4ZDcwOWYxODJhODAvNjY1NmFhYzA3ODY2OGIwZDVmZWIxY2ZiN2IwNGRlZjA1YmZmNzNlN2UzNzVkMGE2NmUyNTI4MjczMzZhYzFhOCoifV19&Signature=XMftLTSW4T3UqpEADqiOWu3Jw4XV3UG0USadb2uVtr2fYICtOau0Rs4hAvqBdWlp4nbRovjV5R7Zhm6BR6CJuXRwj9%7EqgkagFlAixP34sYiyoCxN2DMxkRVeAa4EWZ6%7EkyWWsal8VwIqMqpef47saasgunQE-oW4q55rwOpRt8xInZ9Fr%7EjOd1NDK05jhVMfoRSqaAuDeTG9Lfx8mXmNsUAR5hXclxlRE1Q5oHm8XRNz5VD7oYkC6yLPcvP4MPs-yaB7vyStEIW8%7Egi0l7T3gDAXtsLu0fASh0fyxhPxJ8NSsQXZMZgUsVhvV5UomK7iDUSsm5%7Eejz3avG-b0f4tdA__&Key-Pair-Id=K2L8F4GPSG1IFC "HTTP/1.1 206 Partial Content"
[rank0]:[titan] 2026-05-13 02:04:01,603 - root - INFO - [31mstep: 330  [32mloss:  5.10973  [38;2;180;60;0mgrad_norm:  0.1212  [38;2;54;234;195mmemory: 25.28GiB(80.62%)  [34mtps: 3,533  [36mtflops: 26.76  [35mmfu: N/A[39m
[rank0]:[titan] 2026-05-13 02:08:37,577 - root - INFO - [31mstep: 340  [32mloss:  5.16041  [38;2;180;60;0mgrad_norm:  0.0468  [38;2;54;234;195mmemory: 25.28GiB(80.62%)  [34mtps: 3,562  [36mtflops: 26.98  [35mmfu: N/A[39m
[rank0]:[titan] 2026-05-13 02:12:46,215 - root - INFO - [GC] Performing periodic GC collection took 0.16 seconds
[rank0]:[titan] 2026-05-13 02:13:13,859 - root - INFO - [31mstep: 350  [32mloss:  5.00319  [38;2;180;60;0mgrad_norm:  0.0556  [38;2;54;234;195mmemory: 25.28GiB(80.62%)  [34mtps: 3,558  [36mtflops: 26.95  [35mmfu: N/A[39m
[rank0]:[titan] 2026-05-13 02:17:49,816 - root - INFO - [31mstep: 360  [32mloss:  4.97691  [38;2;180;60;0mgrad_norm:  0.0779  [38;2;54;234;195mmemory: 25.28GiB(80.62%)  [34mtps: 3,562  [36mtflops: 26.98  [35mmfu: N/A[39m
[rank0]:[titan] 2026-05-13 02:19:13,314 - httpx - INFO - HTTP Request: GET https://huggingface.co/datasets/allenai/c4/resolve/1588ec454efa1a09f29cd18ddd04fe05fc8653a2/en/c4-train.00000-of-01024.json.gz "HTTP/1.1 302 Found"
[rank0]:[titan] 2026-05-13 02:19:13,524 - httpx - INFO - HTTP Request: GET https://cas-bridge.xethub.hf.co/xet-bridge-us/621ffdd236468d709f182a80/6656aac078668b0d5feb1cfb7b04def05bff73e7e375d0a66e252827336ac1a8?X-Amz-Algorithm=AWS4-HMAC-SHA256&X-Amz-Content-Sha256=UNSIGNED-PAYLOAD&X-Amz-Credential=cas%2F20260513%2Fus-east-1%2Fs3%2Faws4_request&X-Amz-Date=20260513T021913Z&X-Amz-Expires=3600&X-Amz-Signature=19306787a708dbfdca15ab1acf4af0751d380aea98791383c7bc140828e8548d&X-Amz-SignedHeaders=host&X-Xet-Cas-Uid=public&response-content-disposition=inline%3B+filename*%3DUTF-8%27%27c4-train.00000-of-01024.json.gz%3B+filename%3D%22c4-train.00000-of-01024.json.gz%22%3B&response-content-type=application%2Fgzip&x-amz-checksum-mode=ENABLED&x-id=GetObject&Expires=1778642353&Policy=eyJTdGF0ZW1lbnQiOlt7IkNvbmRpdGlvbiI6eyJEYXRlTGVzc1RoYW4iOnsiQVdTOkVwb2NoVGltZSI6MTc3ODY0MjM1M319LCJSZXNvdXJjZSI6Imh0dHBzOi8vY2FzLWJyaWRnZS54ZXRodWIuaGYuY28veGV0LWJyaWRnZS11cy82MjFmZmRkMjM2NDY4ZDcwOWYxODJhODAvNjY1NmFhYzA3ODY2OGIwZDVmZWIxY2ZiN2IwNGRlZjA1YmZmNzNlN2UzNzVkMGE2NmUyNTI4MjczMzZhYzFhOCoifV19&Signature=KMyo66JxPWpt7gqec25boGYG4JCQdRE2J7n9s4CgpZPrOi%7ELmd4IraQTgtoM3n-fmgwJiea8%7E1wgNSWEisiSmkq-S4p3FTzpIrpmU-92WWhuvNtrPYTnR08ZjKF2%7EPm2qV5lRjzYlaXTmfrb55J%7EQdFJsr83TuBqJxrWgpaljzuFlFxDyl3pfmh6lilV0TF7SmptYE7MrReOFz0exLXGiZth1ny1-qF5k6CR1e6UWkog4IypBNg-iL1hkYNrdDMO2-YLtGh6CW%7Ed05pVIda2WLhMw3An03tK4s6h45OV5rzhKiUTdazJuKbQ5VUGBu3rOnYtNMRrioLyP4eGwHlDXQ__&Key-Pair-Id=K2L8F4GPSG1IFC "HTTP/1.1 206 Partial Content"
/workspace/torchtitan_attention_residual/phase4/launch_fsdp_small.sh: line 149: 173234 Killed                  PYTORCH_ALLOC_CONF="expandable_segments:True" torchrun --nproc_per_node="${NGPU}" --rdzv_backend c10d --rdzv_endpoint=localhost:0 --local-ranks-filter 0 --role rank --tee 3 -m torchtitan.train --module "${MODULE}" --config "${CONFIG}" --training.steps "${STEPS}" --training.local_batch_size "${LOCAL_BS}" --training.global_batch_size "${GLOBAL_BS}" --training.seq_len "${SEQ_LEN}" --parallelism.pipeline_parallel_degree 1 --parallelism.data_parallel_shard_degree "${DP_SHARD}" --parallelism.data_parallel_replicate_degree 1 --parallelism.tensor_parallel_degree 1 "${EXTRA_ARGS[@]}" --dump_folder "${OUT_DIR}" --metrics.save_tb_folder tb 2>&1
     173235 Done                    | tee "${OUT_DIR}/train.log"
