[Wed May 13 05:14:41 AM UTC 2026] starting phase4 redo (free 222GB)
W0513 05:14:42.766000 190869 torch/distributed/run.py:851] 
W0513 05:14:42.766000 190869 torch/distributed/run.py:851] *****************************************
W0513 05:14:42.766000 190869 torch/distributed/run.py:851] Setting OMP_NUM_THREADS environment variable for each process to be 1 in default, to avoid your system being overloaded, please further tune the variable for optimal performance in your application as needed. 
W0513 05:14:42.766000 190869 torch/distributed/run.py:851] *****************************************
[rank0]:[titan] 2026-05-13 05:14:51,477 - root - INFO - torchtitan version: 0.0.0+unknown (0.0.0 means __version__ is not defined correctly).
[rank0]:[titan] 2026-05-13 05:14:53,740 - root - WARNING - ENV[TORCH_NCCL_ASYNC_ERROR_HANDLING] = 1 will be overridden to 3 based on job config
[rank0]:[titan] 2026-05-13 05:14:53,742 - root - INFO - Building device mesh with parallelism: pp=1, dp_replicate=1, dp_shard=8, cp=1, tp=1, ep=1, etp=1
[rank0]:[titan] 2026-05-13 05:14:53,754 - root - INFO - Successfully created meshes with active dimensions: ['batch', 'loss', 'fsdp', 'efsdp']
[rank0]:[titan] 2026-05-13 05:14:53,754 - root - INFO - [GC] Initial GC collection took 0.00 seconds
[rank0]:[titan] 2026-05-13 05:14:54,345 - root - INFO - Loading tokenizer from tokenizer.json
[rank0]:[titan] 2026-05-13 05:14:54,599 - root - INFO - Preparing c4 dataset from allenai/c4
[rank0]:[titan] 2026-05-13 05:14:54,940 - httpx - INFO - HTTP Request: HEAD https://huggingface.co/datasets/allenai/c4/resolve/main/README.md "HTTP/1.1 307 Temporary Redirect"
[rank0]:[titan] 2026-05-13 05:14:54,941 - huggingface_hub.utils._http - WARNING - Warning: You are sending unauthenticated requests to the HF Hub. Please set a HF_TOKEN to enable higher rate limits and faster downloads.
[rank0]:[titan] 2026-05-13 05:14:54,989 - httpx - INFO - HTTP Request: HEAD https://huggingface.co/api/resolve-cache/datasets/allenai/c4/1588ec454efa1a09f29cd18ddd04fe05fc8653a2/README.md "HTTP/1.1 200 OK"
[rank0]:Warning: You are sending unauthenticated requests to the HF Hub. Please set a HF_TOKEN to enable higher rate limits and faster downloads.
[rank0]:[titan] 2026-05-13 05:14:55,161 - httpx - INFO - HTTP Request: HEAD https://huggingface.co/datasets/allenai/c4/resolve/1588ec454efa1a09f29cd18ddd04fe05fc8653a2/c4.py "HTTP/1.1 404 Not Found"
[rank0]:[titan] 2026-05-13 05:14:55,659 - httpx - INFO - HTTP Request: HEAD https://s3.amazonaws.com/datasets.huggingface.co/datasets/datasets/allenai/c4/allenai/c4.py "HTTP/1.1 404 Not Found"
[rank0]:[titan] 2026-05-13 05:14:55,971 - httpx - INFO - HTTP Request: GET https://huggingface.co/api/datasets/allenai/c4/revision/1588ec454efa1a09f29cd18ddd04fe05fc8653a2 "HTTP/1.1 200 OK"
[rank0]:[titan] 2026-05-13 05:14:56,511 - httpx - INFO - HTTP Request: HEAD https://huggingface.co/datasets/allenai/c4/resolve/1588ec454efa1a09f29cd18ddd04fe05fc8653a2/.huggingface.yaml "HTTP/1.1 404 Not Found"
[rank0]:[titan] 2026-05-13 05:14:56,848 - httpx - INFO - HTTP Request: GET https://datasets-server.huggingface.co/info?dataset=allenai/c4 "HTTP/1.1 200 OK"
[rank0]:[titan] 2026-05-13 05:14:59,136 - httpx - INFO - HTTP Request: GET https://huggingface.co/api/datasets/allenai/c4/tree/1588ec454efa1a09f29cd18ddd04fe05fc8653a2/en?recursive=true&expand=false "HTTP/1.1 200 OK"
[rank0]:[titan] 2026-05-13 05:14:59,683 - httpx - INFO - HTTP Request: GET https://huggingface.co/api/datasets/allenai/c4/tree/1588ec454efa1a09f29cd18ddd04fe05fc8653a2/en?expand=false&recursive=true&limit=1000&cursor=ZXlKbWFXeGxYMjVoYldVaU9pSmxiaTlqTkMxMGNtRnBiaTR3TURrNU9TMXZaaTB3TVRBeU5DNXFjMjl1TG1kNklpd2lkSEpsWlY5dmFXUWlPaUprWXprME0yTTBZelF3WmpVelpEQXlZak14WTJWa01XUmxabUUzWlRWbU5ETTRaRFU0TmpKbEluMD06MTAwMA%3D%3D "HTTP/1.1 200 OK"
[rank0]:[titan] 2026-05-13 05:14:59,854 - httpx - INFO - HTTP Request: GET https://huggingface.co/api/datasets/allenai/c4/tree/1588ec454efa1a09f29cd18ddd04fe05fc8653a2?recursive=false&expand=false "HTTP/1.1 200 OK"
[rank0]:[titan] 2026-05-13 05:15:00,191 - httpx - INFO - HTTP Request: HEAD https://huggingface.co/datasets/allenai/c4/resolve/1588ec454efa1a09f29cd18ddd04fe05fc8653a2/dataset_infos.json "HTTP/1.1 404 Not Found"
[rank0]:[titan] 2026-05-13 05:15:00,326 - root - INFO - Building kimi_linear kimi_linear_447m_aligned_block_attn_res_n4 with {
[rank0]:  "vocab_size": 163840,
[rank0]:  "hidden_size": 1024,
[rank0]:  "tie_word_embeddings": true,
[rank0]:  "num_hidden_layers": 16,
[rank0]:  "intermediate_size": 768,
[rank0]:  "num_attention_heads": 16,
[rank0]:  "num_key_value_heads": 16,
[rank0]:  "q_lora_rank": null,
[rank0]:  "kv_lora_rank": 512,
[rank0]:  "qk_nope_head_dim": 64,
[rank0]:  "qk_rope_head_dim": 32,
[rank0]:  "v_head_dim": 64,
[rank0]:  "mla_use_nope": true,
[rank0]:  "rope_theta": 10000.0,
[rank0]:  "kda_num_heads": 16,
[rank0]:  "kda_head_dim": 64,
[rank0]:  "kda_short_conv_kernel_size": 4,
[rank0]:  "kda_layers": [
[rank0]:    1,
[rank0]:    2,
[rank0]:    3,
[rank0]:    5,
[rank0]:    6,
[rank0]:    7,
[rank0]:    9,
[rank0]:    10,
[rank0]:    11,
[rank0]:    13,
[rank0]:    14,
[rank0]:    15
[rank0]:  ],
[rank0]:  "full_attn_layers": [
[rank0]:    4,
[rank0]:    8,
[rank0]:    12,
[rank0]:    16
[rank0]:  ],
[rank0]:  "num_experts": 32,
[rank0]:  "num_experts_per_token": 8,
[rank0]:  "moe_intermediate_size": 768,
[rank0]:  "moe_renormalize": true,
[rank0]:  "moe_router_activation_func": "sigmoid",
[rank0]:  "num_shared_experts": 1,
[rank0]:  "routed_scaling_factor": 2.446,
[rank0]:  "first_k_dense_replace": 1,
[rank0]:  "moe_layer_freq": 1,
[rank0]:  "use_grouped_topk": false,
[rank0]:  "num_expert_group": 1,
[rank0]:  "topk_group": 1,
[rank0]:  "rms_norm_eps": 1e-05,
[rank0]:  "hidden_act": "silu",
[rank0]:  "initializer_range": 0.02,
[rank0]:  "__spec__": {
[rank0]:    "num_blocks": 4,
[rank0]:    "model_class": "KimiLinearAttnResModel"
[rank0]:  }
[rank0]:}
[rank0]:[titan] 2026-05-13 05:15:00,480 - root - INFO - Float8 training active with recipe rowwise
[rank0]:[titan] 2026-05-13 05:15:00,495 - root - INFO - Swapped to Float8Linear layers with enable_fsdp_float8_all_gather=False
[rank0]:[titan] 2026-05-13 05:15:00,497 - root - INFO - TensorBoard logging enabled. Logs will be saved at /workspace/torchtitan_attention_residual/phase4/runs/lm_447m_fp8_paperalign_C/tb/20260513-0515
[rank0]:[titan] 2026-05-13 05:15:00,497 - root - INFO - CUDA capacity: NVIDIA GeForce RTX 5090 with 31.36GiB memory
[rank0]:[titan] 2026-05-13 05:15:00,498 - root - WARNING - Error running lspci: [Errno 2] No such file or directory: 'lspci', fallback to use device_name
[rank0]:[titan] 2026-05-13 05:15:00,498 - root - WARNING - Peak flops undefined for: NVIDIA GeForce RTX 5090, fallback to A100
[rank0]:[titan] 2026-05-13 05:15:00,499 - root - INFO - [34mModel kimi_linear kimi_linear_447m_aligned_block_attn_res_n4 [31msize: 1,409,320,896 total parameters[39m
[rank0]:[titan] 2026-05-13 05:15:00,499 - root - INFO - Compiling the loss function with torch.compile
[rank0]:[titan] 2026-05-13 05:15:00,530 - root - INFO - Compiled each KimiDecoderLayer with torch.compile (backend=inductor).
[rank0]:[titan] 2026-05-13 05:15:00,615 - root - INFO - Applied FSDP2 to Kimi Linear model (dp_shard=8, dp_replicate=1).
[rank0]:[titan] 2026-05-13 05:15:00,742 - root - WARNING - Error running lspci: [Errno 2] No such file or directory: 'lspci', fallback to use device_name
[rank0]:[titan] 2026-05-13 05:15:00,742 - root - WARNING - Peak flops undefined for: NVIDIA GeForce RTX 5090, fallback to A100
[rank0]:[titan] 2026-05-13 05:15:00,742 - root - INFO - Peak FLOPS used for computing MFU: 3.120e+14
[rank0]:[titan] 2026-05-13 05:15:00,742 - root - INFO - CUDA memory usage for model: 0.74GiB(2.35%)
[rank0]:[titan] 2026-05-13 05:15:00,759 - root - INFO - Checkpointing active. Checkpoints will be loaded from and saved to /workspace/torchtitan_attention_residual/phase4/runs/lm_447m_fp8_paperalign_C/checkpoint
[rank0]:[titan] 2026-05-13 05:15:00,760 - root - INFO - Trainer is initialized with local batch size 4, global batch size 384, gradient accumulation steps 12, sequence length 2048, total steps 12750 (warmup 150)
[rank0]:[titan] 2026-05-13 05:15:00,760 - root - INFO - Training starts at step 1
[rank0]:[titan] 2026-05-13 05:15:00,980 - httpx - INFO - HTTP Request: GET https://huggingface.co/api/datasets/allenai/c4/revision/1588ec454efa1a09f29cd18ddd04fe05fc8653a2 "HTTP/1.1 200 OK"
[rank0]:[titan] 2026-05-13 05:15:03,451 - httpx - INFO - HTTP Request: GET https://huggingface.co/api/datasets/allenai/c4/tree/1588ec454efa1a09f29cd18ddd04fe05fc8653a2/en?recursive=false&expand=false "HTTP/1.1 200 OK"
[rank0]:[titan] 2026-05-13 05:15:03,794 - httpx - INFO - HTTP Request: GET https://huggingface.co/api/datasets/allenai/c4/tree/1588ec454efa1a09f29cd18ddd04fe05fc8653a2/en?expand=false&recursive=false&limit=1000&cursor=ZXlKbWFXeGxYMjVoYldVaU9pSmxiaTlqTkMxMGNtRnBiaTR3TURrNU9TMXZaaTB3TVRBeU5DNXFjMjl1TG1kNklpd2lkSEpsWlY5dmFXUWlPaUprWXprME0yTTBZelF3WmpVelpEQXlZak14WTJWa01XUmxabUUzWlRWbU5ETTRaRFU0TmpKbEluMD06MTAwMA%3D%3D "HTTP/1.1 200 OK"
[rank0]:[titan] 2026-05-13 05:15:03,971 - httpx - INFO - HTTP Request: GET https://huggingface.co/datasets/allenai/c4/resolve/1588ec454efa1a09f29cd18ddd04fe05fc8653a2/en/c4-train.00000-of-01024.json.gz "HTTP/1.1 302 Found"
[rank0]:[titan] 2026-05-13 05:15:04,165 - httpx - INFO - HTTP Request: GET https://cas-bridge.xethub.hf.co/xet-bridge-us/621ffdd236468d709f182a80/6656aac078668b0d5feb1cfb7b04def05bff73e7e375d0a66e252827336ac1a8?X-Amz-Algorithm=AWS4-HMAC-SHA256&X-Amz-Content-Sha256=UNSIGNED-PAYLOAD&X-Amz-Credential=cas%2F20260513%2Fus-east-1%2Fs3%2Faws4_request&X-Amz-Date=20260513T051503Z&X-Amz-Expires=3600&X-Amz-Signature=d7009c3a158dc14d0f2925959c27055b4a4e2382e4dd1f888c03fcf0fd0f8151&X-Amz-SignedHeaders=host&X-Xet-Cas-Uid=public&response-content-disposition=inline%3B+filename*%3DUTF-8%27%27c4-train.00000-of-01024.json.gz%3B+filename%3D%22c4-train.00000-of-01024.json.gz%22%3B&response-content-type=application%2Fgzip&x-amz-checksum-mode=ENABLED&x-id=GetObject&Expires=1778652903&Policy=eyJTdGF0ZW1lbnQiOlt7IkNvbmRpdGlvbiI6eyJEYXRlTGVzc1RoYW4iOnsiQVdTOkVwb2NoVGltZSI6MTc3ODY1MjkwM319LCJSZXNvdXJjZSI6Imh0dHBzOi8vY2FzLWJyaWRnZS54ZXRodWIuaGYuY28veGV0LWJyaWRnZS11cy82MjFmZmRkMjM2NDY4ZDcwOWYxODJhODAvNjY1NmFhYzA3ODY2OGIwZDVmZWIxY2ZiN2IwNGRlZjA1YmZmNzNlN2UzNzVkMGE2NmUyNTI4MjczMzZhYzFhOCoifV19&Signature=r5mofD4dAGVUhZY9-MMGPwz%7EpnGX21AkzyPciOfVxXr9Gm3KVGk8SqQvWGlHRA6Aoei4Qze54CIVqcKVuHSPmeNPJUcLHKlJJwwZcOaW2UXIxLQmSbz09LCCgF6Nxo2lvVU2AJqq9xAJu-uoFKPFPmkqQrR7HIvigjWcbaL%7E5in%7EPD90DSIjM1xyrxxscheYC3QU0SekNY5m13CgdIbGTFrtuonxk4xUAi6gwK28jfHbKUPwRO5fJ0pjBQ2LIfep6UeFvFhBQsmVpnin8sdu6fVn%7EYC8oPghnMUxshW68DPh06FrsrGyySBHysfLnhHL-8NfFDKE5B%7EF25zQeBxQVA__&Key-Pair-Id=K2L8F4GPSG1IFC "HTTP/1.1 206 Partial Content"
[rank0]:[rank0]:W0513 05:15:21.843000 190943 torch/distributed/fsdp/_fully_shard/_fsdp_state.py:350] 1 of the 2 modules passed to fully_shard did not run forward before backward, which is error-prone since FSDP post-forward/pre-backward logic will not run for these modules. We recommend passing only modules that run forward together. Modules that did not run forward: [FSDPAttnResProjection(in_features=1024, out_features=1, bias=False)]
[rank0]:[titan] 2026-05-13 05:15:47,417 - root - INFO - [31mstep:  1  [32mloss: 12.20639  [38;2;180;60;0mgrad_norm:  0.1165  [38;2;54;234;195mmemory: 23.97GiB(76.44%)  [34mtps: 2,095  [36mtflops: 15.87  [35mmfu: N/A[39m
[rank0]:[titan] 2026-05-13 05:15:47,419 - root - INFO - Preparing c4_validation dataset from allenai/c4
[rank0]:[titan] 2026-05-13 05:15:47,730 - httpx - INFO - HTTP Request: HEAD https://huggingface.co/datasets/allenai/c4/resolve/main/README.md "HTTP/1.1 307 Temporary Redirect"
[rank0]:[titan] 2026-05-13 05:15:47,780 - httpx - INFO - HTTP Request: HEAD https://huggingface.co/api/resolve-cache/datasets/allenai/c4/1588ec454efa1a09f29cd18ddd04fe05fc8653a2/README.md "HTTP/1.1 200 OK"
[rank0]:[titan] 2026-05-13 05:15:47,950 - httpx - INFO - HTTP Request: HEAD https://huggingface.co/datasets/allenai/c4/resolve/1588ec454efa1a09f29cd18ddd04fe05fc8653a2/c4.py "HTTP/1.1 404 Not Found"
[rank0]:[titan] 2026-05-13 05:15:48,463 - httpx - INFO - HTTP Request: HEAD https://s3.amazonaws.com/datasets.huggingface.co/datasets/datasets/allenai/c4/allenai/c4.py "HTTP/1.1 404 Not Found"
[rank0]:[titan] 2026-05-13 05:15:48,726 - httpx - INFO - HTTP Request: HEAD https://huggingface.co/datasets/allenai/c4/resolve/1588ec454efa1a09f29cd18ddd04fe05fc8653a2/.huggingface.yaml "HTTP/1.1 404 Not Found"
[rank0]:[titan] 2026-05-13 05:15:49,072 - httpx - INFO - HTTP Request: GET https://datasets-server.huggingface.co/info?dataset=allenai/c4 "HTTP/1.1 200 OK"
[rank0]:[titan] 2026-05-13 05:15:49,414 - httpx - INFO - HTTP Request: HEAD https://huggingface.co/datasets/allenai/c4/resolve/1588ec454efa1a09f29cd18ddd04fe05fc8653a2/dataset_infos.json "HTTP/1.1 404 Not Found"
[rank0]:[titan] 2026-05-13 05:15:49,654 - httpx - INFO - HTTP Request: GET https://huggingface.co/datasets/allenai/c4/resolve/1588ec454efa1a09f29cd18ddd04fe05fc8653a2/en/c4-validation.00000-of-00008.json.gz "HTTP/1.1 302 Found"
[rank0]:[titan] 2026-05-13 05:15:49,844 - httpx - INFO - HTTP Request: GET https://cas-bridge.xethub.hf.co/xet-bridge-us/621ffdd236468d709f182a80/dffa9a5aa789525d19e0d6d9473f981585bd51d31019f9ba258b54d311dd5bf2?X-Amz-Algorithm=AWS4-HMAC-SHA256&X-Amz-Content-Sha256=UNSIGNED-PAYLOAD&X-Amz-Credential=cas%2F20260513%2Fus-east-1%2Fs3%2Faws4_request&X-Amz-Date=20260513T051549Z&X-Amz-Expires=3600&X-Amz-Signature=f04d81c3eb0911fedd5766cc2a634cb567953c4ebc71a1eaf474e2aed9e205dd&X-Amz-SignedHeaders=host&X-Xet-Cas-Uid=public&response-content-disposition=inline%3B+filename*%3DUTF-8%27%27c4-validation.00000-of-00008.json.gz%3B+filename%3D%22c4-validation.00000-of-00008.json.gz%22%3B&response-content-type=application%2Fgzip&x-amz-checksum-mode=ENABLED&x-id=GetObject&Expires=1778652949&Policy=eyJTdGF0ZW1lbnQiOlt7IkNvbmRpdGlvbiI6eyJEYXRlTGVzc1RoYW4iOnsiQVdTOkVwb2NoVGltZSI6MTc3ODY1Mjk0OX19LCJSZXNvdXJjZSI6Imh0dHBzOi8vY2FzLWJyaWRnZS54ZXRodWIuaGYuY28veGV0LWJyaWRnZS11cy82MjFmZmRkMjM2NDY4ZDcwOWYxODJhODAvZGZmYTlhNWFhNzg5NTI1ZDE5ZTBkNmQ5NDczZjk4MTU4NWJkNTFkMzEwMTlmOWJhMjU4YjU0ZDMxMWRkNWJmMioifV19&Signature=V1Q7gRwQxGWhc4fyjlSTrzxQaPDR1T0Kd4iNrk99O53A%7E%7EcIfEdQcwDG0CigNnSTb8zcYfCfmNaKeGfE2l2n3GgKHswtEBath3SiT2UgoZg%7ES-ZHJ%7ETJhEvUbzzREQSGm13dazAp9tGMfAxGheCuy1Iykv8AdV4JzHWSEl-2YdyNjnd--qim0aeUQpQ6y7-cuKGCremFv2g0ly%7E6HASyilObQV8SMi9oDXT-Yme805NffQMP33ral5Z6OE8Y2-137tYQKWnCUZogmg5vdY40frasrQxf-3hVOkILepcqDMgosZh8RnuBqxEPIFzz5uUL45IMLs2C-g9373IyNO-CWw__&Key-Pair-Id=K2L8F4GPSG1IFC "HTTP/1.1 206 Partial Content"
[rank0]:/workspace/torchtitan_attention_residual/torchtitan/torchtitan/distributed/utils.py:442: UserWarning: Set timeout is now only supported for either nccl or gloo.
[rank0]:  torch.distributed.distributed_c10d._set_pg_timeout(timeout, group)
[rank0]:[titan] 2026-05-13 05:17:34,530 - root - INFO - [33mvalidate step:  1  [32mloss: 12.1950  [38;2;54;234;195mmemory: 23.97GiB(76.45%)  [34mtps: 7,648[39m
[rank0]:[titan] 2026-05-13 05:17:34,533 - root - INFO - Synchronizing and adjusting timeout for all ProcessGroups to 0:01:40
[rank0]:[titan] 2026-05-13 05:21:42,389 - root - INFO - [31mstep: 10  [32mloss: 10.73564  [38;2;180;60;0mgrad_norm:  0.3380  [38;2;54;234;195mmemory: 25.28GiB(80.62%)  [34mtps: 3,570  [36mtflops: 27.04  [35mmfu: N/A[39m
[rank0]:[titan] 2026-05-13 05:26:16,954 - root - INFO - [31mstep: 20  [32mloss:  9.25189  [38;2;180;60;0mgrad_norm:  0.1905  [38;2;54;234;195mmemory: 25.28GiB(80.62%)  [34mtps: 3,580  [36mtflops: 27.12  [35mmfu: N/A[39m
[rank0]:[titan] 2026-05-13 05:26:44,769 - httpx - INFO - HTTP Request: GET https://huggingface.co/datasets/allenai/c4/resolve/1588ec454efa1a09f29cd18ddd04fe05fc8653a2/en/c4-train.00000-of-01024.json.gz "HTTP/1.1 302 Found"
[rank0]:[titan] 2026-05-13 05:26:44,989 - httpx - INFO - HTTP Request: GET https://cas-bridge.xethub.hf.co/xet-bridge-us/621ffdd236468d709f182a80/6656aac078668b0d5feb1cfb7b04def05bff73e7e375d0a66e252827336ac1a8?X-Amz-Algorithm=AWS4-HMAC-SHA256&X-Amz-Content-Sha256=UNSIGNED-PAYLOAD&X-Amz-Credential=cas%2F20260513%2Fus-east-1%2Fs3%2Faws4_request&X-Amz-Date=20260513T052644Z&X-Amz-Expires=3600&X-Amz-Signature=4460e59aaaba6de86104a1ab6a2beffd1d6509b81c11054ad4d1d3d8a689f233&X-Amz-SignedHeaders=host&X-Xet-Cas-Uid=public&response-content-disposition=inline%3B+filename*%3DUTF-8%27%27c4-train.00000-of-01024.json.gz%3B+filename%3D%22c4-train.00000-of-01024.json.gz%22%3B&response-content-type=application%2Fgzip&x-amz-checksum-mode=ENABLED&x-id=GetObject&Expires=1778653604&Policy=eyJTdGF0ZW1lbnQiOlt7IkNvbmRpdGlvbiI6eyJEYXRlTGVzc1RoYW4iOnsiQVdTOkVwb2NoVGltZSI6MTc3ODY1MzYwNH19LCJSZXNvdXJjZSI6Imh0dHBzOi8vY2FzLWJyaWRnZS54ZXRodWIuaGYuY28veGV0LWJyaWRnZS11cy82MjFmZmRkMjM2NDY4ZDcwOWYxODJhODAvNjY1NmFhYzA3ODY2OGIwZDVmZWIxY2ZiN2IwNGRlZjA1YmZmNzNlN2UzNzVkMGE2NmUyNTI4MjczMzZhYzFhOCoifV19&Signature=WusEeJDtKW5Ko2VNcFAHdWXk%7E1B7a64Maps68cRkuD7hFbbriWcxLiaGreuDDCKKJzVWVapgGcfJq-G5dD0x1R4nNRm3pwPQlhNXWl8ur1hN5YBU-o1fXM81QAcajiefJHi2J97qCjQCZ1t4rSSDuiZ5-wSmdhmMaIDLv7n7qY6bZ8QqyYvmiCsFVEdeX42GU03SgFH0MsYzZI2f-zDwlxLbtutC24-7Z35QTbOVLWbZmMmtDQ5V8f6m%7EHzgEhDSzR%7E0ekSD3ZGjWVs1vfozhsXNRJkkfSAx3N4yzM0kbAbk18g6VMeJuX4XKKP6L0qxcxg8mDf5uy5kxpdcbdh82w__&Key-Pair-Id=K2L8F4GPSG1IFC "HTTP/1.1 206 Partial Content"
[rank0]:[titan] 2026-05-13 05:30:52,842 - root - INFO - [31mstep: 30  [32mloss:  7.92889  [38;2;180;60;0mgrad_norm:  0.0514  [38;2;54;234;195mmemory: 25.28GiB(80.62%)  [34mtps: 3,563  [36mtflops: 26.99  [35mmfu: N/A[39m
[rank0]:[titan] 2026-05-13 05:35:27,292 - root - INFO - [31mstep: 40  [32mloss:  7.86386  [38;2;180;60;0mgrad_norm:  0.0482  [38;2;54;234;195mmemory: 25.28GiB(80.62%)  [34mtps: 3,582  [36mtflops: 27.13  [35mmfu: N/A[39m
[rank0]:[titan] 2026-05-13 05:36:22,756 - httpx - INFO - HTTP Request: GET https://huggingface.co/datasets/allenai/c4/resolve/1588ec454efa1a09f29cd18ddd04fe05fc8653a2/en/c4-train.00000-of-01024.json.gz "HTTP/1.1 302 Found"
[rank0]:[titan] 2026-05-13 05:36:22,990 - httpx - INFO - HTTP Request: GET https://cas-bridge.xethub.hf.co/xet-bridge-us/621ffdd236468d709f182a80/6656aac078668b0d5feb1cfb7b04def05bff73e7e375d0a66e252827336ac1a8?X-Amz-Algorithm=AWS4-HMAC-SHA256&X-Amz-Content-Sha256=UNSIGNED-PAYLOAD&X-Amz-Credential=cas%2F20260513%2Fus-east-1%2Fs3%2Faws4_request&X-Amz-Date=20260513T053622Z&X-Amz-Expires=3600&X-Amz-Signature=a231182f828ba894c67451193d690df6bb2689cca55a14180909386ea5a61e36&X-Amz-SignedHeaders=host&X-Xet-Cas-Uid=public&response-content-disposition=inline%3B+filename*%3DUTF-8%27%27c4-train.00000-of-01024.json.gz%3B+filename%3D%22c4-train.00000-of-01024.json.gz%22%3B&response-content-type=application%2Fgzip&x-amz-checksum-mode=ENABLED&x-id=GetObject&Expires=1778654182&Policy=eyJTdGF0ZW1lbnQiOlt7IkNvbmRpdGlvbiI6eyJEYXRlTGVzc1RoYW4iOnsiQVdTOkVwb2NoVGltZSI6MTc3ODY1NDE4Mn19LCJSZXNvdXJjZSI6Imh0dHBzOi8vY2FzLWJyaWRnZS54ZXRodWIuaGYuY28veGV0LWJyaWRnZS11cy82MjFmZmRkMjM2NDY4ZDcwOWYxODJhODAvNjY1NmFhYzA3ODY2OGIwZDVmZWIxY2ZiN2IwNGRlZjA1YmZmNzNlN2UzNzVkMGE2NmUyNTI4MjczMzZhYzFhOCoifV19&Signature=IX%7E-rafgjLI29o-90iDtE-FvocO8KlzJ4IWinSMDq1tiXCBupn%7EwbBlcgFwQS2cZkrEhZB%7Ed0fWy3AZkko6hPorDZKS0aaqsaBvFp4pct9cH5Yq4gz-kLdWnAu5AgN8PgDusACgaUg8X8OX6YlomlM6Xn1hFnN10SFL0Nse-RwhFKJWgeTIBXa064AYRk6CyyisAIw2rcD44Xk8CUdsdM6j54AOSqInjZjLfjJTOgY8Emug680Pa-5I3yOBr2olJ7D7LMsXeIfv7SWw0ntaAXmn3NluPTf8XLN%7ELOkbnDy3vlsWGs2J087mRIv6JzhFypRK7y-cqao6CHKM5N7C-4w__&Key-Pair-Id=K2L8F4GPSG1IFC "HTTP/1.1 206 Partial Content"
[rank0]:[titan] 2026-05-13 05:39:35,684 - root - INFO - [GC] Performing periodic GC collection took 0.11 seconds
[rank0]:[titan] 2026-05-13 05:40:03,201 - root - INFO - [31mstep: 50  [32mloss:  7.80665  [38;2;180;60;0mgrad_norm:  0.0232  [38;2;54;234;195mmemory: 25.28GiB(80.62%)  [34mtps: 3,563  [36mtflops: 26.99  [35mmfu: N/A[39m
[rank0]:[titan] 2026-05-13 05:44:37,828 - root - INFO - [31mstep: 60  [32mloss:  7.76001  [38;2;180;60;0mgrad_norm:  0.0379  [38;2;54;234;195mmemory: 25.28GiB(80.62%)  [34mtps: 3,580  [36mtflops: 27.12  [35mmfu: N/A[39m
[rank0]:[titan] 2026-05-13 05:46:28,027 - httpx - INFO - HTTP Request: GET https://huggingface.co/datasets/allenai/c4/resolve/1588ec454efa1a09f29cd18ddd04fe05fc8653a2/en/c4-train.00000-of-01024.json.gz "HTTP/1.1 302 Found"
[rank0]:[titan] 2026-05-13 05:46:28,224 - httpx - INFO - HTTP Request: GET https://cas-bridge.xethub.hf.co/xet-bridge-us/621ffdd236468d709f182a80/6656aac078668b0d5feb1cfb7b04def05bff73e7e375d0a66e252827336ac1a8?X-Amz-Algorithm=AWS4-HMAC-SHA256&X-Amz-Content-Sha256=UNSIGNED-PAYLOAD&X-Amz-Credential=cas%2F20260513%2Fus-east-1%2Fs3%2Faws4_request&X-Amz-Date=20260513T054627Z&X-Amz-Expires=3600&X-Amz-Signature=d59d4a9de95cad1e34692455e21cb81403a4c523ef0088ec40dba9d81a8b753a&X-Amz-SignedHeaders=host&X-Xet-Cas-Uid=public&response-content-disposition=inline%3B+filename*%3DUTF-8%27%27c4-train.00000-of-01024.json.gz%3B+filename%3D%22c4-train.00000-of-01024.json.gz%22%3B&response-content-type=application%2Fgzip&x-amz-checksum-mode=ENABLED&x-id=GetObject&Expires=1778654787&Policy=eyJTdGF0ZW1lbnQiOlt7IkNvbmRpdGlvbiI6eyJEYXRlTGVzc1RoYW4iOnsiQVdTOkVwb2NoVGltZSI6MTc3ODY1NDc4N319LCJSZXNvdXJjZSI6Imh0dHBzOi8vY2FzLWJyaWRnZS54ZXRodWIuaGYuY28veGV0LWJyaWRnZS11cy82MjFmZmRkMjM2NDY4ZDcwOWYxODJhODAvNjY1NmFhYzA3ODY2OGIwZDVmZWIxY2ZiN2IwNGRlZjA1YmZmNzNlN2UzNzVkMGE2NmUyNTI4MjczMzZhYzFhOCoifV19&Signature=vh-%7ERLJ4RDpFoVOUo8TtRoJhIO1fp84sLcKioTYgbcSKUM%7E22bRY7aV3pQvmjijPp-xgIlF-yw7JyKHMj%7E7izTPzbCMcMPERYO8qIK2G64q%7Eu5X7nesygatIFI1CzCJTitsvMEwWi3ck7Bsa6RKkrP5Rf9y05E1jM%7E0Ws7KpIGeqh7fac68qppxLC59cU47yZpqnsZoruhGLZIpQMj5xd3C4IMU%7E%7E4-VZAyGPE3Gv9GJOhU3GuCWDjAjySe2GEY6VzliLzsLj5nguBGdrC3SXEszdnoKkuqSpwHNM-RrD2LZjWH52xAAc-DWYzG5k2Tczm%7EeBYVH-Tgbpv6GDUlqfA__&Key-Pair-Id=K2L8F4GPSG1IFC "HTTP/1.1 206 Partial Content"
[rank0]:[titan] 2026-05-13 05:49:13,500 - root - INFO - [31mstep: 70  [32mloss:  7.53253  [38;2;180;60;0mgrad_norm:  0.1574  [38;2;54;234;195mmemory: 25.28GiB(80.62%)  [34mtps: 3,566  [36mtflops: 27.01  [35mmfu: N/A[39m
[rank0]:[titan] 2026-05-13 05:53:47,960 - root - INFO - [31mstep: 80  [32mloss:  7.33990  [38;2;180;60;0mgrad_norm:  0.1080  [38;2;54;234;195mmemory: 25.28GiB(80.62%)  [34mtps: 3,582  [36mtflops: 27.13  [35mmfu: N/A[39m
[rank0]:[titan] 2026-05-13 05:58:22,486 - root - INFO - [31mstep: 90  [32mloss:  6.72362  [38;2;180;60;0mgrad_norm:  0.0835  [38;2;54;234;195mmemory: 25.28GiB(80.62%)  [34mtps: 3,581  [36mtflops: 27.13  [35mmfu: N/A[39m
[rank0]:[titan] 2026-05-13 06:02:29,792 - root - INFO - [GC] Performing periodic GC collection took 0.13 seconds
[rank0]:[titan] 2026-05-13 06:02:57,336 - root - INFO - [31mstep: 100  [32mloss:  6.46249  [38;2;180;60;0mgrad_norm:  0.0540  [38;2;54;234;195mmemory: 25.28GiB(80.62%)  [34mtps: 3,577  [36mtflops: 27.09  [35mmfu: N/A[39m
[rank0]:[titan] 2026-05-13 06:05:42,639 - httpx - INFO - HTTP Request: GET https://huggingface.co/datasets/allenai/c4/resolve/1588ec454efa1a09f29cd18ddd04fe05fc8653a2/en/c4-train.00000-of-01024.json.gz "HTTP/1.1 302 Found"
[rank0]:[titan] 2026-05-13 06:05:42,830 - httpx - INFO - HTTP Request: GET https://cas-bridge.xethub.hf.co/xet-bridge-us/621ffdd236468d709f182a80/6656aac078668b0d5feb1cfb7b04def05bff73e7e375d0a66e252827336ac1a8?X-Amz-Algorithm=AWS4-HMAC-SHA256&X-Amz-Content-Sha256=UNSIGNED-PAYLOAD&X-Amz-Credential=cas%2F20260513%2Fus-east-1%2Fs3%2Faws4_request&X-Amz-Date=20260513T060542Z&X-Amz-Expires=3600&X-Amz-Signature=83ca9556947d4281cd7c0c4cf3ad2471c1ab191e9d2669388699068921eaa5e1&X-Amz-SignedHeaders=host&X-Xet-Cas-Uid=public&response-content-disposition=inline%3B+filename*%3DUTF-8%27%27c4-train.00000-of-01024.json.gz%3B+filename%3D%22c4-train.00000-of-01024.json.gz%22%3B&response-content-type=application%2Fgzip&x-amz-checksum-mode=ENABLED&x-id=GetObject&Expires=1778655942&Policy=eyJTdGF0ZW1lbnQiOlt7IkNvbmRpdGlvbiI6eyJEYXRlTGVzc1RoYW4iOnsiQVdTOkVwb2NoVGltZSI6MTc3ODY1NTk0Mn19LCJSZXNvdXJjZSI6Imh0dHBzOi8vY2FzLWJyaWRnZS54ZXRodWIuaGYuY28veGV0LWJyaWRnZS11cy82MjFmZmRkMjM2NDY4ZDcwOWYxODJhODAvNjY1NmFhYzA3ODY2OGIwZDVmZWIxY2ZiN2IwNGRlZjA1YmZmNzNlN2UzNzVkMGE2NmUyNTI4MjczMzZhYzFhOCoifV19&Signature=hPjnzVtPoW-7jqLCMe3VhFxelIibK-jM4uVwvRdDlkErtSCnQITzzqOX2bPlG-VoYoIRqZZwoytnFwDWN%7EFaGTTkiK5KYZge7OR4dSFLUKWo5ts6b8FjhVgkdBBlxIeC9seuuzuA7ynzQdJNgaQCJzTWdw9ONKI2e%7E3nJIBqfgBcBx8oBXyCoY2AHKVRf66A4FofLLdvTgjHicHVZRPjcl3UWkAVEI246IYuEIr52B58I5CT7ZifVrnlmaDu9g88E1vW%7Ebra9V7Y3e2VcpWo%7ESrGhcnN2AzXzA0D9iVD8d6SLVfuSZ7%7ExgxyVeU2puBHtjbOcadJuJwj6haBG0koAg__&Key-Pair-Id=K2L8F4GPSG1IFC "HTTP/1.1 206 Partial Content"
[rank0]:[titan] 2026-05-13 06:07:34,313 - root - INFO - [31mstep: 110  [32mloss:  6.35043  [38;2;180;60;0mgrad_norm:  0.0616  [38;2;54;234;195mmemory: 25.28GiB(80.62%)  [34mtps: 3,549  [36mtflops: 26.89  [35mmfu: N/A[39m
[rank0]:[titan] 2026-05-13 06:12:09,086 - root - INFO - [31mstep: 120  [32mloss:  6.15321  [38;2;180;60;0mgrad_norm:  0.0932  [38;2;54;234;195mmemory: 25.28GiB(80.62%)  [34mtps: 3,578  [36mtflops: 27.10  [35mmfu: N/A[39m
[rank0]:[titan] 2026-05-13 06:15:49,613 - httpx - INFO - HTTP Request: GET https://huggingface.co/datasets/allenai/c4/resolve/1588ec454efa1a09f29cd18ddd04fe05fc8653a2/en/c4-train.00000-of-01024.json.gz "HTTP/1.1 302 Found"
[rank0]:[titan] 2026-05-13 06:15:49,812 - httpx - INFO - HTTP Request: GET https://cas-bridge.xethub.hf.co/xet-bridge-us/621ffdd236468d709f182a80/6656aac078668b0d5feb1cfb7b04def05bff73e7e375d0a66e252827336ac1a8?X-Amz-Algorithm=AWS4-HMAC-SHA256&X-Amz-Content-Sha256=UNSIGNED-PAYLOAD&X-Amz-Credential=cas%2F20260513%2Fus-east-1%2Fs3%2Faws4_request&X-Amz-Date=20260513T061549Z&X-Amz-Expires=3600&X-Amz-Signature=a8aabf87238afa4a2d2d1597bfb08743327fc6441889915e858acd2abf57dbb7&X-Amz-SignedHeaders=host&X-Xet-Cas-Uid=public&response-content-disposition=inline%3B+filename*%3DUTF-8%27%27c4-train.00000-of-01024.json.gz%3B+filename%3D%22c4-train.00000-of-01024.json.gz%22%3B&response-content-type=application%2Fgzip&x-amz-checksum-mode=ENABLED&x-id=GetObject&Expires=1778656549&Policy=eyJTdGF0ZW1lbnQiOlt7IkNvbmRpdGlvbiI6eyJEYXRlTGVzc1RoYW4iOnsiQVdTOkVwb2NoVGltZSI6MTc3ODY1NjU0OX19LCJSZXNvdXJjZSI6Imh0dHBzOi8vY2FzLWJyaWRnZS54ZXRodWIuaGYuY28veGV0LWJyaWRnZS11cy82MjFmZmRkMjM2NDY4ZDcwOWYxODJhODAvNjY1NmFhYzA3ODY2OGIwZDVmZWIxY2ZiN2IwNGRlZjA1YmZmNzNlN2UzNzVkMGE2NmUyNTI4MjczMzZhYzFhOCoifV19&Signature=poDQ9nIeAXbQB8drAjXQOWyyBh-%7ED-36dggZHNoPydD7Yj%7Ef2eMbTuyk7wjAPnCMQXV-WhLthEnq3yfeV4O9N5PTeDOeFESy8%7EjObDepfjvsl8RPmVG0JAkVsRAP0O8n-r56lsV6u4hbdsdrN-VKowyNdtHC1G-RlGZrbzY1bf-KbSpKsTfj0EcZfQ-AB8KgBpGYU5-KiaBsuG9fBvR2aaEFYmC4M8tLPOlujSKZosMtBnNzrtImYgK5R%7EKaNrF7TRjUWLV%7EduU%7EiX59ZtSSmDtDW9YNXcbnIcjWuB9PbCNa5DWBVfpRvkDl0MZ6c9lZsZ-k8Q2StVSFbaKLpqQx%7EA__&Key-Pair-Id=K2L8F4GPSG1IFC "HTTP/1.1 206 Partial Content"
[rank0]:[titan] 2026-05-13 06:16:45,635 - root - INFO - [31mstep: 130  [32mloss:  5.96440  [38;2;180;60;0mgrad_norm:  0.0534  [38;2;54;234;195mmemory: 25.28GiB(80.62%)  [34mtps: 3,555  [36mtflops: 26.93  [35mmfu: N/A[39m
[rank0]:[titan] 2026-05-13 06:21:21,176 - root - INFO - [31mstep: 140  [32mloss:  5.94640  [38;2;180;60;0mgrad_norm:  0.1950  [38;2;54;234;195mmemory: 25.28GiB(80.62%)  [34mtps: 3,568  [36mtflops: 27.03  [35mmfu: N/A[39m
[rank0]:[titan] 2026-05-13 06:25:29,412 - root - INFO - [GC] Performing periodic GC collection took 0.14 seconds
[rank0]:[titan] 2026-05-13 06:25:29,887 - httpx - INFO - HTTP Request: GET https://huggingface.co/datasets/allenai/c4/resolve/1588ec454efa1a09f29cd18ddd04fe05fc8653a2/en/c4-train.00000-of-01024.json.gz "HTTP/1.1 302 Found"
[rank0]:[titan] 2026-05-13 06:25:30,115 - httpx - INFO - HTTP Request: GET https://cas-bridge.xethub.hf.co/xet-bridge-us/621ffdd236468d709f182a80/6656aac078668b0d5feb1cfb7b04def05bff73e7e375d0a66e252827336ac1a8?X-Amz-Algorithm=AWS4-HMAC-SHA256&X-Amz-Content-Sha256=UNSIGNED-PAYLOAD&X-Amz-Credential=cas%2F20260513%2Fus-east-1%2Fs3%2Faws4_request&X-Amz-Date=20260513T062529Z&X-Amz-Expires=3600&X-Amz-Signature=9113af4db4ba8bf9c0c8821de35bc6f070588dd34455715298d1240195323104&X-Amz-SignedHeaders=host&X-Xet-Cas-Uid=public&response-content-disposition=inline%3B+filename*%3DUTF-8%27%27c4-train.00000-of-01024.json.gz%3B+filename%3D%22c4-train.00000-of-01024.json.gz%22%3B&response-content-type=application%2Fgzip&x-amz-checksum-mode=ENABLED&x-id=GetObject&Expires=1778657129&Policy=eyJTdGF0ZW1lbnQiOlt7IkNvbmRpdGlvbiI6eyJEYXRlTGVzc1RoYW4iOnsiQVdTOkVwb2NoVGltZSI6MTc3ODY1NzEyOX19LCJSZXNvdXJjZSI6Imh0dHBzOi8vY2FzLWJyaWRnZS54ZXRodWIuaGYuY28veGV0LWJyaWRnZS11cy82MjFmZmRkMjM2NDY4ZDcwOWYxODJhODAvNjY1NmFhYzA3ODY2OGIwZDVmZWIxY2ZiN2IwNGRlZjA1YmZmNzNlN2UzNzVkMGE2NmUyNTI4MjczMzZhYzFhOCoifV19&Signature=qy47OmilkS2jMxPJQvDVmfFqmrM9bd0PXdmbI1SeOwqfH8fXHVFlHUe30VqVxDncVfbqiLZ8NrNGLiZ544bFyaBBkt1VNZdgMBXWd5oxvxh736C-WJ3i0TKEGj-EJSnTvAurqGP7-ZpCkygaPQslwQjOLmeDwLSCBWm%7Ex0LXksd46AqPsiRacRKpXX6oLRxbgwhvCaIIs3IqZZ5nA3OK9aPB%7E8popqv%7Erz-N72nJ67LsBodSLaDH0qVfs5Ty%7EewppWvAiIZCmgSwxRXeZ5dALe3KSqkj3X%7EEoX78uCpxcI6WhQARRij36jDXk9SL%7EXXzZMDvvKPBKwxOPQ%7EXNtB5rw__&Key-Pair-Id=K2L8F4GPSG1IFC "HTTP/1.1 206 Partial Content"
[rank0]:[titan] 2026-05-13 06:25:58,354 - root - INFO - [31mstep: 150  [32mloss:  5.71261  [38;2;180;60;0mgrad_norm:  0.0543  [38;2;54;234;195mmemory: 25.28GiB(80.62%)  [34mtps: 3,547  [36mtflops: 26.87  [35mmfu: N/A[39m
[rank0]:[titan] 2026-05-13 06:30:33,981 - root - INFO - [31mstep: 160  [32mloss:  5.62592  [38;2;180;60;0mgrad_norm:  0.0786  [38;2;54;234;195mmemory: 25.28GiB(80.62%)  [34mtps: 3,567  [36mtflops: 27.02  [35mmfu: N/A[39m
[rank0]:[titan] 2026-05-13 06:35:09,702 - root - INFO - [31mstep: 170  [32mloss:  5.48318  [38;2;180;60;0mgrad_norm:  0.0866  [38;2;54;234;195mmemory: 25.28GiB(80.62%)  [34mtps: 3,565  [36mtflops: 27.01  [35mmfu: N/A[39m
[rank0]:[titan] 2026-05-13 06:39:45,574 - root - INFO - [31mstep: 180  [32mloss:  5.32677  [38;2;180;60;0mgrad_norm:  0.0637  [38;2;54;234;195mmemory: 25.28GiB(80.62%)  [34mtps: 3,563  [36mtflops: 26.99  [35mmfu: N/A[39m
[rank0]:[titan] 2026-05-13 06:44:21,166 - root - INFO - [31mstep: 190  [32mloss:  5.23222  [38;2;180;60;0mgrad_norm:  0.0507  [38;2;54;234;195mmemory: 25.28GiB(80.62%)  [34mtps: 3,567  [36mtflops: 27.02  [35mmfu: N/A[39m
[rank0]:[titan] 2026-05-13 06:45:16,664 - httpx - INFO - HTTP Request: GET https://huggingface.co/datasets/allenai/c4/resolve/1588ec454efa1a09f29cd18ddd04fe05fc8653a2/en/c4-train.00000-of-01024.json.gz "HTTP/1.1 302 Found"
[rank0]:[titan] 2026-05-13 06:45:16,924 - httpx - INFO - HTTP Request: GET https://cas-bridge.xethub.hf.co/xet-bridge-us/621ffdd236468d709f182a80/6656aac078668b0d5feb1cfb7b04def05bff73e7e375d0a66e252827336ac1a8?X-Amz-Algorithm=AWS4-HMAC-SHA256&X-Amz-Content-Sha256=UNSIGNED-PAYLOAD&X-Amz-Credential=cas%2F20260513%2Fus-east-1%2Fs3%2Faws4_request&X-Amz-Date=20260513T064516Z&X-Amz-Expires=3600&X-Amz-Signature=ff65b337062f159b317a80d5972e9ad2b2abee34421c851f55bb4f4f26479bce&X-Amz-SignedHeaders=host&X-Xet-Cas-Uid=public&response-content-disposition=inline%3B+filename*%3DUTF-8%27%27c4-train.00000-of-01024.json.gz%3B+filename%3D%22c4-train.00000-of-01024.json.gz%22%3B&response-content-type=application%2Fgzip&x-amz-checksum-mode=ENABLED&x-id=GetObject&Expires=1778658316&Policy=eyJTdGF0ZW1lbnQiOlt7IkNvbmRpdGlvbiI6eyJEYXRlTGVzc1RoYW4iOnsiQVdTOkVwb2NoVGltZSI6MTc3ODY1ODMxNn19LCJSZXNvdXJjZSI6Imh0dHBzOi8vY2FzLWJyaWRnZS54ZXRodWIuaGYuY28veGV0LWJyaWRnZS11cy82MjFmZmRkMjM2NDY4ZDcwOWYxODJhODAvNjY1NmFhYzA3ODY2OGIwZDVmZWIxY2ZiN2IwNGRlZjA1YmZmNzNlN2UzNzVkMGE2NmUyNTI4MjczMzZhYzFhOCoifV19&Signature=QMCDK0f13d7JvQiHuHvOhgkq95RjYylVTFBcgJyKosQENSDKdmri0GPMFAgpQZqzRWTadpwRvB-Nj1lxJuNlfYlbf8iSAgRCyBJe0pl16Imj4bvGXgLgE5-q8nqMrciEi9wIIkK4Q7qIj7gUlZmuUoGvhTnicTDL5AnpvG6e6ui1BUDtt1KuuchQ8i3pkMA8MCZIb44dYqlq-b0A4PCh7a9hC-9AmgxBNT-KN--F1ldn3yy40MhFD0B3B67JqlDkbHc7bve6ndObxofZkfUWGTEea-8gS5bNPXRkJhkhaqwajopV9CCsXQjykBnmWi3B8sHtZV676de8TGE-QHTLiQ__&Key-Pair-Id=K2L8F4GPSG1IFC "HTTP/1.1 206 Partial Content"
[rank0]:[titan] 2026-05-13 06:48:30,903 - root - INFO - [GC] Performing periodic GC collection took 0.15 seconds
[rank0]:[titan] 2026-05-13 06:48:58,542 - root - INFO - [31mstep: 200  [32mloss:  5.17657  [38;2;180;60;0mgrad_norm:  0.0509  [38;2;54;234;195mmemory: 25.28GiB(80.62%)  [34mtps: 3,544  [36mtflops: 26.85  [35mmfu: N/A[39m
[rank0]:[titan] 2026-05-13 06:48:58,543 - root - INFO - Saving the checkpoint (or staging if async is enabled).
[rank0]:[titan] 2026-05-13 06:51:33,840 - root - INFO - [GC] GC collection invoked by checkpointer. took 0.02 seconds
[rank0]:[titan] 2026-05-13 06:51:33,844 - root - INFO - Finished saving the checkpoint (or staging if async is enabled) in 155.30 seconds.
[rank0]:[titan] 2026-05-13 06:56:09,567 - root - INFO - [31mstep: 210  [32mloss:  5.13493  [38;2;180;60;0mgrad_norm:  0.0552  [38;2;54;234;195mmemory: 25.28GiB(80.62%)  [34mtps: 2,281  [36mtflops: 17.28  [35mmfu: N/A[39m
[rank0]:[titan] 2026-05-13 06:57:32,791 - httpx - INFO - HTTP Request: GET https://huggingface.co/datasets/allenai/c4/resolve/1588ec454efa1a09f29cd18ddd04fe05fc8653a2/en/c4-train.00000-of-01024.json.gz "HTTP/1.1 302 Found"
[rank0]:[titan] 2026-05-13 06:57:32,984 - httpx - INFO - HTTP Request: GET https://cas-bridge.xethub.hf.co/xet-bridge-us/621ffdd236468d709f182a80/6656aac078668b0d5feb1cfb7b04def05bff73e7e375d0a66e252827336ac1a8?X-Amz-Algorithm=AWS4-HMAC-SHA256&X-Amz-Content-Sha256=UNSIGNED-PAYLOAD&X-Amz-Credential=cas%2F20260513%2Fus-east-1%2Fs3%2Faws4_request&X-Amz-Date=20260513T065402Z&X-Amz-Expires=3600&X-Amz-Signature=56018c48d451c8c9409cacbae787801589d50786fe4401086a6216427695ca40&X-Amz-SignedHeaders=host&X-Xet-Cas-Uid=public&response-content-disposition=inline%3B+filename*%3DUTF-8%27%27c4-train.00000-of-01024.json.gz%3B+filename%3D%22c4-train.00000-of-01024.json.gz%22%3B&response-content-type=application%2Fgzip&x-amz-checksum-mode=ENABLED&x-id=GetObject&Expires=1778658842&Policy=eyJTdGF0ZW1lbnQiOlt7IkNvbmRpdGlvbiI6eyJEYXRlTGVzc1RoYW4iOnsiQVdTOkVwb2NoVGltZSI6MTc3ODY1ODg0Mn19LCJSZXNvdXJjZSI6Imh0dHBzOi8vY2FzLWJyaWRnZS54ZXRodWIuaGYuY28veGV0LWJyaWRnZS11cy82MjFmZmRkMjM2NDY4ZDcwOWYxODJhODAvNjY1NmFhYzA3ODY2OGIwZDVmZWIxY2ZiN2IwNGRlZjA1YmZmNzNlN2UzNzVkMGE2NmUyNTI4MjczMzZhYzFhOCoifV19&Signature=HdC5sKHKvlE59o5CKMGA%7EiaTKud4sgEVwEPzcAvmPCdzX7dPIzbIUEKME4afdyrJZsQ-u8qFwXUjQfv0XzYDQuJQklGaegNvuAE%7E0uwoerWt3TEGsaIE0h51e36sM2Shs74W8WZk3RBMT3f2lbdIWyHSR1pYHJ4nwUUQf%7EPifAa3WX6-GR0-EgbJEqjZyRUe91rCzcTgDv3U0N--ZgcpATL1rS53j5t8r%7E0WU3YWIqwpOahoZLWcYiuiOdZsiTTR4aPZ780r48TnIyWKell14kxM5RXMFD802s2SzGyrUCO3J%7E9J41K9ywfXRriy9GtubLXqimBwEvtqsXbTlf5zbQ__&Key-Pair-Id=K2L8F4GPSG1IFC "HTTP/1.1 206 Partial Content"
/workspace/torchtitan_attention_residual/phase4/launch_fsdp_small.sh: line 149: 190869 Killed                  PYTORCH_ALLOC_CONF="expandable_segments:True" torchrun --nproc_per_node="${NGPU}" --rdzv_backend c10d --rdzv_endpoint=localhost:0 --local-ranks-filter 0 --role rank --tee 3 -m torchtitan.train --module "${MODULE}" --config "${CONFIG}" --training.steps "${STEPS}" --training.local_batch_size "${LOCAL_BS}" --training.global_batch_size "${GLOBAL_BS}" --training.seq_len "${SEQ_LEN}" --parallelism.pipeline_parallel_degree 1 --parallelism.data_parallel_shard_degree "${DP_SHARD}" --parallelism.data_parallel_replicate_degree 1 --parallelism.tensor_parallel_degree 1 "${EXTRA_ARGS[@]}" --dump_folder "${OUT_DIR}" --metrics.save_tb_folder tb 2>&1
     190870 Done                    | tee "${OUT_DIR}/train.log"
