[Wed May 13 02:20:41 AM UTC 2026] starting phase4 redo (free 222GB)
W0513 02:20:42.525000 179417 torch/distributed/run.py:851] 
W0513 02:20:42.525000 179417 torch/distributed/run.py:851] *****************************************
W0513 02:20:42.525000 179417 torch/distributed/run.py:851] Setting OMP_NUM_THREADS environment variable for each process to be 1 in default, to avoid your system being overloaded, please further tune the variable for optimal performance in your application as needed. 
W0513 02:20:42.525000 179417 torch/distributed/run.py:851] *****************************************
[rank0]:[titan] 2026-05-13 02:20:47,269 - root - INFO - torchtitan version: 0.0.0+unknown (0.0.0 means __version__ is not defined correctly).
[rank0]:[titan] 2026-05-13 02:20:48,515 - root - WARNING - ENV[TORCH_NCCL_ASYNC_ERROR_HANDLING] = 1 will be overridden to 3 based on job config
[rank0]:[titan] 2026-05-13 02:20:48,518 - root - INFO - Building device mesh with parallelism: pp=1, dp_replicate=1, dp_shard=8, cp=1, tp=1, ep=1, etp=1
[rank0]:[titan] 2026-05-13 02:20:48,546 - root - INFO - Successfully created meshes with active dimensions: ['batch', 'loss', 'fsdp', 'efsdp']
[rank0]:[titan] 2026-05-13 02:20:48,547 - root - INFO - [GC] Initial GC collection took 0.00 seconds
[rank0]:[titan] 2026-05-13 02:20:49,137 - root - INFO - Loading tokenizer from tokenizer.json
[rank0]:[titan] 2026-05-13 02:20:49,401 - root - INFO - Preparing c4 dataset from allenai/c4
[rank0]:[titan] 2026-05-13 02:20:49,733 - httpx - INFO - HTTP Request: HEAD https://huggingface.co/datasets/allenai/c4/resolve/main/README.md "HTTP/1.1 307 Temporary Redirect"
[rank0]:[titan] 2026-05-13 02:20:49,733 - huggingface_hub.utils._http - WARNING - Warning: You are sending unauthenticated requests to the HF Hub. Please set a HF_TOKEN to enable higher rate limits and faster downloads.
[rank0]:Warning: You are sending unauthenticated requests to the HF Hub. Please set a HF_TOKEN to enable higher rate limits and faster downloads.
[rank0]:[titan] 2026-05-13 02:20:49,781 - httpx - INFO - HTTP Request: HEAD https://huggingface.co/api/resolve-cache/datasets/allenai/c4/1588ec454efa1a09f29cd18ddd04fe05fc8653a2/README.md "HTTP/1.1 200 OK"
[rank0]:[titan] 2026-05-13 02:20:49,946 - httpx - INFO - HTTP Request: HEAD https://huggingface.co/datasets/allenai/c4/resolve/1588ec454efa1a09f29cd18ddd04fe05fc8653a2/c4.py "HTTP/1.1 404 Not Found"
[rank0]:[titan] 2026-05-13 02:20:50,494 - httpx - INFO - HTTP Request: HEAD https://s3.amazonaws.com/datasets.huggingface.co/datasets/datasets/allenai/c4/allenai/c4.py "HTTP/1.1 404 Not Found"
[rank0]:[titan] 2026-05-13 02:20:50,817 - httpx - INFO - HTTP Request: GET https://huggingface.co/api/datasets/allenai/c4/revision/1588ec454efa1a09f29cd18ddd04fe05fc8653a2 "HTTP/1.1 200 OK"
[rank0]:[titan] 2026-05-13 02:20:51,243 - httpx - INFO - HTTP Request: HEAD https://huggingface.co/datasets/allenai/c4/resolve/1588ec454efa1a09f29cd18ddd04fe05fc8653a2/.huggingface.yaml "HTTP/1.1 404 Not Found"
[rank0]:[titan] 2026-05-13 02:20:51,599 - httpx - INFO - HTTP Request: GET https://datasets-server.huggingface.co/info?dataset=allenai/c4 "HTTP/1.1 200 OK"
[rank0]:[titan] 2026-05-13 02:20:51,815 - httpx - INFO - HTTP Request: GET https://huggingface.co/api/datasets/allenai/c4/tree/1588ec454efa1a09f29cd18ddd04fe05fc8653a2/en?recursive=true&expand=false "HTTP/1.1 200 OK"
[rank0]:[titan] 2026-05-13 02:20:52,096 - httpx - INFO - HTTP Request: GET https://huggingface.co/api/datasets/allenai/c4/tree/1588ec454efa1a09f29cd18ddd04fe05fc8653a2/en?expand=false&recursive=true&limit=1000&cursor=ZXlKbWFXeGxYMjVoYldVaU9pSmxiaTlqTkMxMGNtRnBiaTR3TURrNU9TMXZaaTB3TVRBeU5DNXFjMjl1TG1kNklpd2lkSEpsWlY5dmFXUWlPaUprWXprME0yTTBZelF3WmpVelpEQXlZak14WTJWa01XUmxabUUzWlRWbU5ETTRaRFU0TmpKbEluMD06MTAwMA%3D%3D "HTTP/1.1 200 OK"
[rank0]:[titan] 2026-05-13 02:20:52,269 - httpx - INFO - HTTP Request: GET https://huggingface.co/api/datasets/allenai/c4/tree/1588ec454efa1a09f29cd18ddd04fe05fc8653a2?recursive=false&expand=false "HTTP/1.1 200 OK"
[rank0]:[titan] 2026-05-13 02:20:52,615 - httpx - INFO - HTTP Request: HEAD https://huggingface.co/datasets/allenai/c4/resolve/1588ec454efa1a09f29cd18ddd04fe05fc8653a2/dataset_infos.json "HTTP/1.1 404 Not Found"
[rank0]:[titan] 2026-05-13 02:20:52,750 - root - INFO - Building kimi_linear kimi_linear_447m_aligned_block_attn_res_n4 with {
[rank0]:  "vocab_size": 163840,
[rank0]:  "hidden_size": 1024,
[rank0]:  "tie_word_embeddings": true,
[rank0]:  "num_hidden_layers": 16,
[rank0]:  "intermediate_size": 768,
[rank0]:  "num_attention_heads": 16,
[rank0]:  "num_key_value_heads": 16,
[rank0]:  "q_lora_rank": null,
[rank0]:  "kv_lora_rank": 512,
[rank0]:  "qk_nope_head_dim": 64,
[rank0]:  "qk_rope_head_dim": 32,
[rank0]:  "v_head_dim": 64,
[rank0]:  "mla_use_nope": true,
[rank0]:  "rope_theta": 10000.0,
[rank0]:  "kda_num_heads": 16,
[rank0]:  "kda_head_dim": 64,
[rank0]:  "kda_short_conv_kernel_size": 4,
[rank0]:  "kda_layers": [
[rank0]:    1,
[rank0]:    2,
[rank0]:    3,
[rank0]:    5,
[rank0]:    6,
[rank0]:    7,
[rank0]:    9,
[rank0]:    10,
[rank0]:    11,
[rank0]:    13,
[rank0]:    14,
[rank0]:    15
[rank0]:  ],
[rank0]:  "full_attn_layers": [
[rank0]:    4,
[rank0]:    8,
[rank0]:    12,
[rank0]:    16
[rank0]:  ],
[rank0]:  "num_experts": 32,
[rank0]:  "num_experts_per_token": 8,
[rank0]:  "moe_intermediate_size": 768,
[rank0]:  "moe_renormalize": true,
[rank0]:  "moe_router_activation_func": "sigmoid",
[rank0]:  "num_shared_experts": 1,
[rank0]:  "routed_scaling_factor": 2.446,
[rank0]:  "first_k_dense_replace": 1,
[rank0]:  "moe_layer_freq": 1,
[rank0]:  "use_grouped_topk": false,
[rank0]:  "num_expert_group": 1,
[rank0]:  "topk_group": 1,
[rank0]:  "rms_norm_eps": 1e-05,
[rank0]:  "hidden_act": "silu",
[rank0]:  "initializer_range": 0.02,
[rank0]:  "__spec__": {
[rank0]:    "num_blocks": 4,
[rank0]:    "model_class": "KimiLinearAttnResModel"
[rank0]:  }
[rank0]:}
[rank0]:[titan] 2026-05-13 02:20:52,918 - root - INFO - Float8 training active with recipe rowwise
[rank0]:[titan] 2026-05-13 02:20:52,933 - root - INFO - Swapped to Float8Linear layers with enable_fsdp_float8_all_gather=False
[rank0]:[titan] 2026-05-13 02:20:52,935 - root - INFO - TensorBoard logging enabled. Logs will be saved at /workspace/torchtitan_attention_residual/phase4/runs/lm_447m_fp8_paperalign_B/tb/20260513-0220
[rank0]:[titan] 2026-05-13 02:20:52,936 - root - INFO - CUDA capacity: NVIDIA GeForce RTX 5090 with 31.36GiB memory
[rank0]:[titan] 2026-05-13 02:20:52,936 - root - WARNING - Error running lspci: [Errno 2] No such file or directory: 'lspci', fallback to use device_name
[rank0]:[titan] 2026-05-13 02:20:52,936 - root - WARNING - Peak flops undefined for: NVIDIA GeForce RTX 5090, fallback to A100
[rank0]:[titan] 2026-05-13 02:20:52,937 - root - INFO - [34mModel kimi_linear kimi_linear_447m_aligned_block_attn_res_n4 [31msize: 1,409,320,896 total parameters[39m
[rank0]:[titan] 2026-05-13 02:20:52,937 - root - INFO - Compiling the loss function with torch.compile
[rank0]:[titan] 2026-05-13 02:20:52,968 - root - INFO - Compiled each KimiDecoderLayer with torch.compile (backend=inductor).
[rank0]:[titan] 2026-05-13 02:20:53,053 - root - INFO - Applied FSDP2 to Kimi Linear model (dp_shard=8, dp_replicate=1).
[rank0]:[titan] 2026-05-13 02:20:53,182 - root - WARNING - Error running lspci: [Errno 2] No such file or directory: 'lspci', fallback to use device_name
[rank0]:[titan] 2026-05-13 02:20:53,182 - root - WARNING - Peak flops undefined for: NVIDIA GeForce RTX 5090, fallback to A100
[rank0]:[titan] 2026-05-13 02:20:53,182 - root - INFO - Peak FLOPS used for computing MFU: 3.120e+14
[rank0]:[titan] 2026-05-13 02:20:53,183 - root - INFO - CUDA memory usage for model: 0.74GiB(2.35%)
[rank0]:[titan] 2026-05-13 02:20:53,200 - root - INFO - Checkpointing active. Checkpoints will be loaded from and saved to /workspace/torchtitan_attention_residual/phase4/runs/lm_447m_fp8_paperalign_B/checkpoint
[rank0]:[titan] 2026-05-13 02:20:53,200 - root - INFO - Trainer is initialized with local batch size 4, global batch size 384, gradient accumulation steps 12, sequence length 2048, total steps 12750 (warmup 1000)
[rank0]:[titan] 2026-05-13 02:20:53,200 - root - INFO - Training starts at step 1
[rank0]:[titan] 2026-05-13 02:20:53,416 - httpx - INFO - HTTP Request: GET https://huggingface.co/api/datasets/allenai/c4/revision/1588ec454efa1a09f29cd18ddd04fe05fc8653a2 "HTTP/1.1 200 OK"
[rank0]:[titan] 2026-05-13 02:20:54,005 - httpx - INFO - HTTP Request: GET https://huggingface.co/api/datasets/allenai/c4/tree/1588ec454efa1a09f29cd18ddd04fe05fc8653a2/en?recursive=false&expand=false "HTTP/1.1 200 OK"
[rank0]:[titan] 2026-05-13 02:20:54,351 - httpx - INFO - HTTP Request: GET https://huggingface.co/api/datasets/allenai/c4/tree/1588ec454efa1a09f29cd18ddd04fe05fc8653a2/en?expand=false&recursive=false&limit=1000&cursor=ZXlKbWFXeGxYMjVoYldVaU9pSmxiaTlqTkMxMGNtRnBiaTR3TURrNU9TMXZaaTB3TVRBeU5DNXFjMjl1TG1kNklpd2lkSEpsWlY5dmFXUWlPaUprWXprME0yTTBZelF3WmpVelpEQXlZak14WTJWa01XUmxabUUzWlRWbU5ETTRaRFU0TmpKbEluMD06MTAwMA%3D%3D "HTTP/1.1 200 OK"
[rank0]:[titan] 2026-05-13 02:20:54,527 - httpx - INFO - HTTP Request: GET https://huggingface.co/datasets/allenai/c4/resolve/1588ec454efa1a09f29cd18ddd04fe05fc8653a2/en/c4-train.00000-of-01024.json.gz "HTTP/1.1 302 Found"
[rank0]:[titan] 2026-05-13 02:20:54,719 - httpx - INFO - HTTP Request: GET https://cas-bridge.xethub.hf.co/xet-bridge-us/621ffdd236468d709f182a80/6656aac078668b0d5feb1cfb7b04def05bff73e7e375d0a66e252827336ac1a8?X-Amz-Algorithm=AWS4-HMAC-SHA256&X-Amz-Content-Sha256=UNSIGNED-PAYLOAD&X-Amz-Credential=cas%2F20260513%2Fus-east-1%2Fs3%2Faws4_request&X-Amz-Date=20260513T022054Z&X-Amz-Expires=3600&X-Amz-Signature=d8ee87e35613ecd7815edcc3acd412f72a775bbac72a8f7f44bcc6078949ee65&X-Amz-SignedHeaders=host&X-Xet-Cas-Uid=public&response-content-disposition=inline%3B+filename*%3DUTF-8%27%27c4-train.00000-of-01024.json.gz%3B+filename%3D%22c4-train.00000-of-01024.json.gz%22%3B&response-content-type=application%2Fgzip&x-amz-checksum-mode=ENABLED&x-id=GetObject&Expires=1778642454&Policy=eyJTdGF0ZW1lbnQiOlt7IkNvbmRpdGlvbiI6eyJEYXRlTGVzc1RoYW4iOnsiQVdTOkVwb2NoVGltZSI6MTc3ODY0MjQ1NH19LCJSZXNvdXJjZSI6Imh0dHBzOi8vY2FzLWJyaWRnZS54ZXRodWIuaGYuY28veGV0LWJyaWRnZS11cy82MjFmZmRkMjM2NDY4ZDcwOWYxODJhODAvNjY1NmFhYzA3ODY2OGIwZDVmZWIxY2ZiN2IwNGRlZjA1YmZmNzNlN2UzNzVkMGE2NmUyNTI4MjczMzZhYzFhOCoifV19&Signature=qq1I2I8sS10pVBPkFPnbhQl-QRSIFffvRXIlv2Kp6a5yHqn5SsPHe%7E82aq7o3kP85rQhjjS0WmwOiP0aSjeKX4NWdEOva8UC5d4aaAUeyP0Qxzlrh%7E6NDAS%7ESQ%7ElsZ4oGSiMLZoo6z36uHFdbEvYd46L5e7vf5t-qOrYaqp%7EsI-SBGLs7rTmJg2F4rFRKi0fyoM4eSN3Qg8-mTt6-W9%7E3xvh56nFPz0elLihdDSVL1gXGd1veyQ7tN0vHD01VJNZ2-cmlKxJ2u0OerXTvZBmAFL0a-KGi08R0kpWtSx8-t9F0hzcb7ISNJ9yl88wcHoe1tePeEjbiqWfn-6WJwtTYg__&Key-Pair-Id=K2L8F4GPSG1IFC "HTTP/1.1 206 Partial Content"
[rank0]:[rank0]:W0513 02:21:13.477000 179508 torch/distributed/fsdp/_fully_shard/_fsdp_state.py:350] 1 of the 2 modules passed to fully_shard did not run forward before backward, which is error-prone since FSDP post-forward/pre-backward logic will not run for these modules. We recommend passing only modules that run forward together. Modules that did not run forward: [FSDPAttnResProjection(in_features=1024, out_features=1, bias=False)]
[rank0]:[titan] 2026-05-13 02:21:38,997 - root - INFO - [31mstep:  1  [32mloss: 12.20941  [38;2;180;60;0mgrad_norm:  0.1158  [38;2;54;234;195mmemory: 23.97GiB(76.44%)  [34mtps: 2,134  [36mtflops: 16.17  [35mmfu: N/A[39m
[rank0]:[titan] 2026-05-13 02:21:38,999 - root - INFO - Preparing c4_validation dataset from allenai/c4
[rank0]:[titan] 2026-05-13 02:21:39,308 - httpx - INFO - HTTP Request: HEAD https://huggingface.co/datasets/allenai/c4/resolve/main/README.md "HTTP/1.1 307 Temporary Redirect"
[rank0]:[titan] 2026-05-13 02:21:39,356 - httpx - INFO - HTTP Request: HEAD https://huggingface.co/api/resolve-cache/datasets/allenai/c4/1588ec454efa1a09f29cd18ddd04fe05fc8653a2/README.md "HTTP/1.1 200 OK"
[rank0]:[titan] 2026-05-13 02:21:39,527 - httpx - INFO - HTTP Request: HEAD https://huggingface.co/datasets/allenai/c4/resolve/1588ec454efa1a09f29cd18ddd04fe05fc8653a2/c4.py "HTTP/1.1 404 Not Found"
[rank0]:[titan] 2026-05-13 02:21:40,039 - httpx - INFO - HTTP Request: HEAD https://s3.amazonaws.com/datasets.huggingface.co/datasets/datasets/allenai/c4/allenai/c4.py "HTTP/1.1 404 Not Found"
[rank0]:[titan] 2026-05-13 02:21:40,309 - httpx - INFO - HTTP Request: HEAD https://huggingface.co/datasets/allenai/c4/resolve/1588ec454efa1a09f29cd18ddd04fe05fc8653a2/.huggingface.yaml "HTTP/1.1 404 Not Found"
[rank0]:[titan] 2026-05-13 02:21:40,653 - httpx - INFO - HTTP Request: GET https://datasets-server.huggingface.co/info?dataset=allenai/c4 "HTTP/1.1 200 OK"
[rank0]:[titan] 2026-05-13 02:21:40,978 - httpx - INFO - HTTP Request: HEAD https://huggingface.co/datasets/allenai/c4/resolve/1588ec454efa1a09f29cd18ddd04fe05fc8653a2/dataset_infos.json "HTTP/1.1 404 Not Found"
[rank0]:[titan] 2026-05-13 02:21:41,215 - httpx - INFO - HTTP Request: GET https://huggingface.co/datasets/allenai/c4/resolve/1588ec454efa1a09f29cd18ddd04fe05fc8653a2/en/c4-validation.00000-of-00008.json.gz "HTTP/1.1 302 Found"
[rank0]:[titan] 2026-05-13 02:21:41,425 - httpx - INFO - HTTP Request: GET https://cas-bridge.xethub.hf.co/xet-bridge-us/621ffdd236468d709f182a80/dffa9a5aa789525d19e0d6d9473f981585bd51d31019f9ba258b54d311dd5bf2?X-Amz-Algorithm=AWS4-HMAC-SHA256&X-Amz-Content-Sha256=UNSIGNED-PAYLOAD&X-Amz-Credential=cas%2F20260513%2Fus-east-1%2Fs3%2Faws4_request&X-Amz-Date=20260513T022141Z&X-Amz-Expires=3600&X-Amz-Signature=3a4ff1b16b2ae2f3a8d7e464241e2903d8f69e78b6ef3b2763575e5b7cc033ce&X-Amz-SignedHeaders=host&X-Xet-Cas-Uid=public&response-content-disposition=inline%3B+filename*%3DUTF-8%27%27c4-validation.00000-of-00008.json.gz%3B+filename%3D%22c4-validation.00000-of-00008.json.gz%22%3B&response-content-type=application%2Fgzip&x-amz-checksum-mode=ENABLED&x-id=GetObject&Expires=1778642501&Policy=eyJTdGF0ZW1lbnQiOlt7IkNvbmRpdGlvbiI6eyJEYXRlTGVzc1RoYW4iOnsiQVdTOkVwb2NoVGltZSI6MTc3ODY0MjUwMX19LCJSZXNvdXJjZSI6Imh0dHBzOi8vY2FzLWJyaWRnZS54ZXRodWIuaGYuY28veGV0LWJyaWRnZS11cy82MjFmZmRkMjM2NDY4ZDcwOWYxODJhODAvZGZmYTlhNWFhNzg5NTI1ZDE5ZTBkNmQ5NDczZjk4MTU4NWJkNTFkMzEwMTlmOWJhMjU4YjU0ZDMxMWRkNWJmMioifV19&Signature=ednkop80tQKl%7EZdd4qRbkERuMBARRSOd%7EV9aEabvRIvtyh8G2IF27kph0gE45HoOh811rvUjLdIyDmSLe%7EezWlGWqQqptL2fXqgwC5ZxZBLWW-8Xiih9l0MR72uQua2GKIvPQH5LY07ccZmncwHNQvSTpYkQ7JmLlFF%7ELrQ1CwDBDvAxCvry8jVR6VO03uZKv4RK1lyVA0byDyRzlXzRLMuOd8F-F8vN9FeIw4ub3NnvyAWKz6N1vobpL30eBu1lBiKwdpfnj3LFm7ZZxf2twPZ5C22phncb5nKnaM33Z-tyhcRF%7ER4cGPAzFqt378SgzkCXlsZjLoTKc3-N55lz3g__&Key-Pair-Id=K2L8F4GPSG1IFC "HTTP/1.1 206 Partial Content"
[rank0]:/workspace/torchtitan_attention_residual/torchtitan/torchtitan/distributed/utils.py:442: UserWarning: Set timeout is now only supported for either nccl or gloo.
[rank0]:  torch.distributed.distributed_c10d._set_pg_timeout(timeout, group)
[rank0]:[titan] 2026-05-13 02:23:26,831 - root - INFO - [33mvalidate step:  1  [32mloss: 12.2089  [38;2;54;234;195mmemory: 23.97GiB(76.45%)  [34mtps: 7,597[39m
[rank0]:[titan] 2026-05-13 02:23:26,837 - root - INFO - Synchronizing and adjusting timeout for all ProcessGroups to 0:01:40
[rank0]:[titan] 2026-05-13 02:27:34,602 - root - INFO - [31mstep: 10  [32mloss: 12.12292  [38;2;180;60;0mgrad_norm:  0.1214  [38;2;54;234;195mmemory: 25.28GiB(80.62%)  [34mtps: 3,571  [36mtflops: 27.05  [35mmfu: N/A[39m
[rank0]:[titan] 2026-05-13 02:32:09,833 - root - INFO - [31mstep: 20  [32mloss: 11.31922  [38;2;180;60;0mgrad_norm:  0.4640  [38;2;54;234;195mmemory: 25.28GiB(80.62%)  [34mtps: 3,572  [36mtflops: 27.06  [35mmfu: N/A[39m
[rank0]:[titan] 2026-05-13 02:32:37,745 - httpx - INFO - HTTP Request: GET https://huggingface.co/datasets/allenai/c4/resolve/1588ec454efa1a09f29cd18ddd04fe05fc8653a2/en/c4-train.00000-of-01024.json.gz "HTTP/1.1 302 Found"
[rank0]:[titan] 2026-05-13 02:32:37,945 - httpx - INFO - HTTP Request: GET https://cas-bridge.xethub.hf.co/xet-bridge-us/621ffdd236468d709f182a80/6656aac078668b0d5feb1cfb7b04def05bff73e7e375d0a66e252827336ac1a8?X-Amz-Algorithm=AWS4-HMAC-SHA256&X-Amz-Content-Sha256=UNSIGNED-PAYLOAD&X-Amz-Credential=cas%2F20260513%2Fus-east-1%2Fs3%2Faws4_request&X-Amz-Date=20260513T023237Z&X-Amz-Expires=3600&X-Amz-Signature=ea581352f771070dfb66e3a019338e02b6fc96de090ad9f2af8bb7b93e5f3b25&X-Amz-SignedHeaders=host&X-Xet-Cas-Uid=public&response-content-disposition=inline%3B+filename*%3DUTF-8%27%27c4-train.00000-of-01024.json.gz%3B+filename%3D%22c4-train.00000-of-01024.json.gz%22%3B&response-content-type=application%2Fgzip&x-amz-checksum-mode=ENABLED&x-id=GetObject&Expires=1778643157&Policy=eyJTdGF0ZW1lbnQiOlt7IkNvbmRpdGlvbiI6eyJEYXRlTGVzc1RoYW4iOnsiQVdTOkVwb2NoVGltZSI6MTc3ODY0MzE1N319LCJSZXNvdXJjZSI6Imh0dHBzOi8vY2FzLWJyaWRnZS54ZXRodWIuaGYuY28veGV0LWJyaWRnZS11cy82MjFmZmRkMjM2NDY4ZDcwOWYxODJhODAvNjY1NmFhYzA3ODY2OGIwZDVmZWIxY2ZiN2IwNGRlZjA1YmZmNzNlN2UzNzVkMGE2NmUyNTI4MjczMzZhYzFhOCoifV19&Signature=Ib%7EsC14P3-6O9g7PBqR7G6Yg4fh49UYBO9Ay%7ENVxzZrzGpYlXzItjN16EOOfG030gZowqXcHalDEbtpuFWlpIoH5EFGdK2Pc%7EA0RCut8EMgBSbKX7ruixuhOSIt9-zYT5XYsLJWN-yDgQ7oPfwcBvf5CbVl0ocm6AMxN1acL1Fz94cSZ9lRT77dWJAqE75E6VtbVPdCxXiO9DGROinBNdJWQlHlfnXRDB91-fcpx%7EKoNNH42ePzbbpJ8t7OpazaovhuIn%7EDqFcYO6Ni05ge-gO9R0iob-hJXi4zgotbvSvbQg37hv7y1%7EQfUJ0TrljpapnZaOM8scvenXHHeqQVWVQ__&Key-Pair-Id=K2L8F4GPSG1IFC "HTTP/1.1 206 Partial Content"
[rank0]:[titan] 2026-05-13 02:36:46,378 - root - INFO - [31mstep: 30  [32mloss: 10.27972  [38;2;180;60;0mgrad_norm:  0.3060  [38;2;54;234;195mmemory: 25.28GiB(80.62%)  [34mtps: 3,555  [36mtflops: 26.93  [35mmfu: N/A[39m
[rank0]:[titan] 2026-05-13 02:41:21,305 - root - INFO - [31mstep: 40  [32mloss:  9.70288  [38;2;180;60;0mgrad_norm:  0.2319  [38;2;54;234;195mmemory: 25.28GiB(80.62%)  [34mtps: 3,576  [36mtflops: 27.09  [35mmfu: N/A[39m
[rank0]:[titan] 2026-05-13 02:42:16,725 - httpx - INFO - HTTP Request: GET https://huggingface.co/datasets/allenai/c4/resolve/1588ec454efa1a09f29cd18ddd04fe05fc8653a2/en/c4-train.00000-of-01024.json.gz "HTTP/1.1 302 Found"
[rank0]:[titan] 2026-05-13 02:42:16,922 - httpx - INFO - HTTP Request: GET https://cas-bridge.xethub.hf.co/xet-bridge-us/621ffdd236468d709f182a80/6656aac078668b0d5feb1cfb7b04def05bff73e7e375d0a66e252827336ac1a8?X-Amz-Algorithm=AWS4-HMAC-SHA256&X-Amz-Content-Sha256=UNSIGNED-PAYLOAD&X-Amz-Credential=cas%2F20260513%2Fus-east-1%2Fs3%2Faws4_request&X-Amz-Date=20260513T023308Z&X-Amz-Expires=3600&X-Amz-Signature=7a2823a3d370cd91e551130eba6fb2e4fb8a857104a74e1ba5395a6014105d1d&X-Amz-SignedHeaders=host&X-Xet-Cas-Uid=public&response-content-disposition=inline%3B+filename*%3DUTF-8%27%27c4-train.00000-of-01024.json.gz%3B+filename%3D%22c4-train.00000-of-01024.json.gz%22%3B&response-content-type=application%2Fgzip&x-amz-checksum-mode=ENABLED&x-id=GetObject&Expires=1778643188&Policy=eyJTdGF0ZW1lbnQiOlt7IkNvbmRpdGlvbiI6eyJEYXRlTGVzc1RoYW4iOnsiQVdTOkVwb2NoVGltZSI6MTc3ODY0MzE4OH19LCJSZXNvdXJjZSI6Imh0dHBzOi8vY2FzLWJyaWRnZS54ZXRodWIuaGYuY28veGV0LWJyaWRnZS11cy82MjFmZmRkMjM2NDY4ZDcwOWYxODJhODAvNjY1NmFhYzA3ODY2OGIwZDVmZWIxY2ZiN2IwNGRlZjA1YmZmNzNlN2UzNzVkMGE2NmUyNTI4MjczMzZhYzFhOCoifV19&Signature=VgY%7Eq1cf4wfEvgLQ6YuqgURKOZ8i4s3IcTx9OVWimXp3hhKy6d7tUkIg9HF7ofdrNTRw1r13oTy902Z6-aqAa0x5o0NuxUAaTLeBqPb5kUBPuat0dsLGoXXxuaHjKRHXLh9M8k3KHvTtcKEvXKVgux1F4BQmA5bMusvrsHiGN1mJZqoBJVQT%7EwPoHQTkIhTKh9YF0KXxxenOvD1lZRT3SXeZarQnctwIVCR4-c1bQMmufL3VqbMM7gqA%7Egy8ExlwPIjW8pE4nWyEi11CxKjU8NkIm4x6YhZqeK-eurpyr9T9ah%7E3j2Ax6XDlDH%7ERWqcPqq2%7ElgIYlU4wnspgj7cYNg__&Key-Pair-Id=K2L8F4GPSG1IFC "HTTP/1.1 206 Partial Content"
[rank0]:[titan] 2026-05-13 02:45:30,062 - root - INFO - [GC] Performing periodic GC collection took 0.11 seconds
[rank0]:[titan] 2026-05-13 02:45:57,593 - root - INFO - [31mstep: 50  [32mloss:  9.03024  [38;2;180;60;0mgrad_norm:  0.1771  [38;2;54;234;195mmemory: 25.28GiB(80.62%)  [34mtps: 3,558  [36mtflops: 26.95  [35mmfu: N/A[39m
[rank0]:[titan] 2026-05-13 02:50:32,107 - root - INFO - [31mstep: 60  [32mloss:  8.41968  [38;2;180;60;0mgrad_norm:  0.1131  [38;2;54;234;195mmemory: 25.28GiB(80.62%)  [34mtps: 3,581  [36mtflops: 27.13  [35mmfu: N/A[39m
[rank0]:[titan] 2026-05-13 02:52:22,277 - httpx - INFO - HTTP Request: GET https://huggingface.co/datasets/allenai/c4/resolve/1588ec454efa1a09f29cd18ddd04fe05fc8653a2/en/c4-train.00000-of-01024.json.gz "HTTP/1.1 302 Found"
[rank0]:[titan] 2026-05-13 02:52:22,510 - httpx - INFO - HTTP Request: GET https://cas-bridge.xethub.hf.co/xet-bridge-us/621ffdd236468d709f182a80/6656aac078668b0d5feb1cfb7b04def05bff73e7e375d0a66e252827336ac1a8?X-Amz-Algorithm=AWS4-HMAC-SHA256&X-Amz-Content-Sha256=UNSIGNED-PAYLOAD&X-Amz-Credential=cas%2F20260513%2Fus-east-1%2Fs3%2Faws4_request&X-Amz-Date=20260513T025222Z&X-Amz-Expires=3600&X-Amz-Signature=d0d9c196195c1cce3ab23ca9a08e1538891031f1c8da29e5a995166207c66ed4&X-Amz-SignedHeaders=host&X-Xet-Cas-Uid=public&response-content-disposition=inline%3B+filename*%3DUTF-8%27%27c4-train.00000-of-01024.json.gz%3B+filename%3D%22c4-train.00000-of-01024.json.gz%22%3B&response-content-type=application%2Fgzip&x-amz-checksum-mode=ENABLED&x-id=GetObject&Expires=1778644342&Policy=eyJTdGF0ZW1lbnQiOlt7IkNvbmRpdGlvbiI6eyJEYXRlTGVzc1RoYW4iOnsiQVdTOkVwb2NoVGltZSI6MTc3ODY0NDM0Mn19LCJSZXNvdXJjZSI6Imh0dHBzOi8vY2FzLWJyaWRnZS54ZXRodWIuaGYuY28veGV0LWJyaWRnZS11cy82MjFmZmRkMjM2NDY4ZDcwOWYxODJhODAvNjY1NmFhYzA3ODY2OGIwZDVmZWIxY2ZiN2IwNGRlZjA1YmZmNzNlN2UzNzVkMGE2NmUyNTI4MjczMzZhYzFhOCoifV19&Signature=YdQWSHd81tPMbtIjYpBKHuOj1C102HA1qquskERO-ewX4zgZOmyLZOp--j%7E9ieb3i6DZ8SY2z4ZE4-2jJD%7E%7EVXknfidLNcPJMGiZIzLXDfZABLZ4fIuEIfc4e873F7P28i99aEFUgdldNxVAEZWsd3tAQHNV5gE8yIPjvedTfboQysCbOYDyG3XgaVzt5-HjdZH5WjKAjKsXae%7EDi1IGi7JcCjTIZC9z3tmZAwVpC9LVrMwRgdWtWauKopr%7EAQzfiufgGtAsKKz05QFtfP9xcecgY-pk34Veo%7EdzKOcNx%7E%7EsE8pFAA5hynNAg7wjKZ6J2LssQr7Iqs-9IxW7dfp5xg__&Key-Pair-Id=K2L8F4GPSG1IFC "HTTP/1.1 206 Partial Content"
[rank0]:[titan] 2026-05-13 02:55:07,720 - root - INFO - [31mstep: 70  [32mloss:  7.97843  [38;2;180;60;0mgrad_norm:  0.0646  [38;2;54;234;195mmemory: 25.28GiB(80.62%)  [34mtps: 3,567  [36mtflops: 27.02  [35mmfu: N/A[39m
[rank0]:[titan] 2026-05-13 02:59:41,819 - root - INFO - [31mstep: 80  [32mloss:  8.02429  [38;2;180;60;0mgrad_norm:  0.0242  [38;2;54;234;195mmemory: 25.28GiB(80.62%)  [34mtps: 3,586  [36mtflops: 27.17  [35mmfu: N/A[39m
[rank0]:[titan] 2026-05-13 03:04:16,009 - root - INFO - [31mstep: 90  [32mloss:  7.76966  [38;2;180;60;0mgrad_norm:  0.1008  [38;2;54;234;195mmemory: 25.28GiB(80.62%)  [34mtps: 3,585  [36mtflops: 27.16  [35mmfu: N/A[39m
[rank0]:[titan] 2026-05-13 03:08:22,842 - root - INFO - [GC] Performing periodic GC collection took 0.13 seconds
[rank0]:[titan] 2026-05-13 03:08:50,341 - root - INFO - [31mstep: 100  [32mloss:  7.66370  [38;2;180;60;0mgrad_norm:  0.0745  [38;2;54;234;195mmemory: 25.28GiB(80.62%)  [34mtps: 3,583  [36mtflops: 27.14  [35mmfu: N/A[39m
[rank0]:[titan] 2026-05-13 03:11:35,526 - httpx - INFO - HTTP Request: GET https://huggingface.co/datasets/allenai/c4/resolve/1588ec454efa1a09f29cd18ddd04fe05fc8653a2/en/c4-train.00000-of-01024.json.gz "HTTP/1.1 302 Found"
[rank0]:[titan] 2026-05-13 03:11:35,728 - httpx - INFO - HTTP Request: GET https://cas-bridge.xethub.hf.co/xet-bridge-us/621ffdd236468d709f182a80/6656aac078668b0d5feb1cfb7b04def05bff73e7e375d0a66e252827336ac1a8?X-Amz-Algorithm=AWS4-HMAC-SHA256&X-Amz-Content-Sha256=UNSIGNED-PAYLOAD&X-Amz-Credential=cas%2F20260513%2Fus-east-1%2Fs3%2Faws4_request&X-Amz-Date=20260513T031135Z&X-Amz-Expires=3600&X-Amz-Signature=c156e9181bcec9bbe0cf84d1a4080e73a4ac55fe49d1d8d5576a32dfb6d8366a&X-Amz-SignedHeaders=host&X-Xet-Cas-Uid=public&response-content-disposition=inline%3B+filename*%3DUTF-8%27%27c4-train.00000-of-01024.json.gz%3B+filename%3D%22c4-train.00000-of-01024.json.gz%22%3B&response-content-type=application%2Fgzip&x-amz-checksum-mode=ENABLED&x-id=GetObject&Expires=1778645495&Policy=eyJTdGF0ZW1lbnQiOlt7IkNvbmRpdGlvbiI6eyJEYXRlTGVzc1RoYW4iOnsiQVdTOkVwb2NoVGltZSI6MTc3ODY0NTQ5NX19LCJSZXNvdXJjZSI6Imh0dHBzOi8vY2FzLWJyaWRnZS54ZXRodWIuaGYuY28veGV0LWJyaWRnZS11cy82MjFmZmRkMjM2NDY4ZDcwOWYxODJhODAvNjY1NmFhYzA3ODY2OGIwZDVmZWIxY2ZiN2IwNGRlZjA1YmZmNzNlN2UzNzVkMGE2NmUyNTI4MjczMzZhYzFhOCoifV19&Signature=baej7XeMUr-8QbMArP03xohff2r%7EfrI0-%7El%7EYSLl7ukWcbl4oRA2S02h2ujM4unHGToswRxdpVQ3AvDJVb2Q3bv5x2plygaru7Jf4OE5ejAVEUt0bgB%7El2lYpWfYhvFj2gKXyWyAI5p5bxFC7VLQeV%7Eepb-mfASVuqsm3lBYoPeoModzIhIpTaOjoyF7Refc2LFRxmUkEFo%7EwQI1kpJiHIIOj0sWfOUtFoL4iDiR%7Ey6WXSs7enkzzjv%7EgS%7E10gQ%7ETZv-yerjbGCedAjwT7yHFmEPbmm4j0lZ7%7EZd4kDOmMuWY74VdpJAMcWDDNCB8xt3x-IwSbpvWcrOVocKq7jENw__&Key-Pair-Id=K2L8F4GPSG1IFC "HTTP/1.1 206 Partial Content"
[rank0]:[titan] 2026-05-13 03:13:27,323 - root - INFO - [31mstep: 110  [32mloss:  7.51718  [38;2;180;60;0mgrad_norm:  0.0611  [38;2;54;234;195mmemory: 25.28GiB(80.62%)  [34mtps: 3,549  [36mtflops: 26.89  [35mmfu: N/A[39m
[rank0]:[titan] 2026-05-13 03:18:02,360 - root - INFO - [31mstep: 120  [32mloss:  7.26764  [38;2;180;60;0mgrad_norm:  0.1331  [38;2;54;234;195mmemory: 25.28GiB(80.62%)  [34mtps: 3,574  [36mtflops: 27.08  [35mmfu: N/A[39m
[rank0]:[titan] 2026-05-13 03:21:42,584 - httpx - INFO - HTTP Request: GET https://huggingface.co/datasets/allenai/c4/resolve/1588ec454efa1a09f29cd18ddd04fe05fc8653a2/en/c4-train.00000-of-01024.json.gz "HTTP/1.1 302 Found"
[rank0]:[titan] 2026-05-13 03:21:42,784 - httpx - INFO - HTTP Request: GET https://cas-bridge.xethub.hf.co/xet-bridge-us/621ffdd236468d709f182a80/6656aac078668b0d5feb1cfb7b04def05bff73e7e375d0a66e252827336ac1a8?X-Amz-Algorithm=AWS4-HMAC-SHA256&X-Amz-Content-Sha256=UNSIGNED-PAYLOAD&X-Amz-Credential=cas%2F20260513%2Fus-east-1%2Fs3%2Faws4_request&X-Amz-Date=20260513T032142Z&X-Amz-Expires=3600&X-Amz-Signature=75563c59dbe6d301cb235c6bc416f6e2112ba3c9d0884e75a5f43f52f56d6d15&X-Amz-SignedHeaders=host&X-Xet-Cas-Uid=public&response-content-disposition=inline%3B+filename*%3DUTF-8%27%27c4-train.00000-of-01024.json.gz%3B+filename%3D%22c4-train.00000-of-01024.json.gz%22%3B&response-content-type=application%2Fgzip&x-amz-checksum-mode=ENABLED&x-id=GetObject&Expires=1778646102&Policy=eyJTdGF0ZW1lbnQiOlt7IkNvbmRpdGlvbiI6eyJEYXRlTGVzc1RoYW4iOnsiQVdTOkVwb2NoVGltZSI6MTc3ODY0NjEwMn19LCJSZXNvdXJjZSI6Imh0dHBzOi8vY2FzLWJyaWRnZS54ZXRodWIuaGYuY28veGV0LWJyaWRnZS11cy82MjFmZmRkMjM2NDY4ZDcwOWYxODJhODAvNjY1NmFhYzA3ODY2OGIwZDVmZWIxY2ZiN2IwNGRlZjA1YmZmNzNlN2UzNzVkMGE2NmUyNTI4MjczMzZhYzFhOCoifV19&Signature=L1SIJKMHTi2F9zJqGuoOgBt3qK1ybEum1PQGuVI977I%7E2dPYnhmIUHB8QgmgiwH1gVXcKkuHaAU0jKMibAJW23UFjorSRtcE-kAbz-UgzA3H6enxisKKVbr%7E3QOwoq5QchpAd3FLWEY6DZfBMpd2BAcmOQ8qTLFHHfJLUzDdMrtQrwv7glnaJAGOQNTU6%7E8DRk35-lgMNF30K9aih1uPaFbvsHF0gQY2U4AwhE8EfR8WfBImgZFW0K%7EgfNm9Ag9pUHPkzrlLg6BzD3uq0R%7EF7wqlGRz4Szfm-bCUQCLDWrPQg%7EbrqfjcvXtLrBH4KHNFPXVOZIrkvo1UMX9freXUNw__&Key-Pair-Id=K2L8F4GPSG1IFC "HTTP/1.1 206 Partial Content"
[rank0]:[titan] 2026-05-13 03:22:38,551 - root - INFO - [31mstep: 130  [32mloss:  6.98899  [38;2;180;60;0mgrad_norm:  0.0546  [38;2;54;234;195mmemory: 25.28GiB(80.62%)  [34mtps: 3,559  [36mtflops: 26.96  [35mmfu: N/A[39m
[rank0]:[titan] 2026-05-13 03:27:13,419 - root - INFO - [31mstep: 140  [32mloss:  6.79531  [38;2;180;60;0mgrad_norm:  0.0697  [38;2;54;234;195mmemory: 25.28GiB(80.62%)  [34mtps: 3,576  [36mtflops: 27.09  [35mmfu: N/A[39m
[rank0]:[titan] 2026-05-13 03:31:20,857 - root - INFO - [GC] Performing periodic GC collection took 0.13 seconds
[rank0]:[titan] 2026-05-13 03:31:21,330 - httpx - INFO - HTTP Request: GET https://huggingface.co/datasets/allenai/c4/resolve/1588ec454efa1a09f29cd18ddd04fe05fc8653a2/en/c4-train.00000-of-01024.json.gz "HTTP/1.1 302 Found"
[rank0]:[titan] 2026-05-13 03:31:21,535 - httpx - INFO - HTTP Request: GET https://cas-bridge.xethub.hf.co/xet-bridge-us/621ffdd236468d709f182a80/6656aac078668b0d5feb1cfb7b04def05bff73e7e375d0a66e252827336ac1a8?X-Amz-Algorithm=AWS4-HMAC-SHA256&X-Amz-Content-Sha256=UNSIGNED-PAYLOAD&X-Amz-Credential=cas%2F20260513%2Fus-east-1%2Fs3%2Faws4_request&X-Amz-Date=20260513T033121Z&X-Amz-Expires=3600&X-Amz-Signature=4671dc865afba6271130c3ee0a84c78b73a43205c486b77139a44efa202f3379&X-Amz-SignedHeaders=host&X-Xet-Cas-Uid=public&response-content-disposition=inline%3B+filename*%3DUTF-8%27%27c4-train.00000-of-01024.json.gz%3B+filename%3D%22c4-train.00000-of-01024.json.gz%22%3B&response-content-type=application%2Fgzip&x-amz-checksum-mode=ENABLED&x-id=GetObject&Expires=1778646681&Policy=eyJTdGF0ZW1lbnQiOlt7IkNvbmRpdGlvbiI6eyJEYXRlTGVzc1RoYW4iOnsiQVdTOkVwb2NoVGltZSI6MTc3ODY0NjY4MX19LCJSZXNvdXJjZSI6Imh0dHBzOi8vY2FzLWJyaWRnZS54ZXRodWIuaGYuY28veGV0LWJyaWRnZS11cy82MjFmZmRkMjM2NDY4ZDcwOWYxODJhODAvNjY1NmFhYzA3ODY2OGIwZDVmZWIxY2ZiN2IwNGRlZjA1YmZmNzNlN2UzNzVkMGE2NmUyNTI4MjczMzZhYzFhOCoifV19&Signature=wNlzJ9guOYV5X83NHTTCjEX94Y%7EhHllL%7EpDPtCSL4iKPLTe00bgIAZCqCslgBbdgJvCsJIQo4x0Jv5eGENY4tCUdRrNjG6yn8mJiHLpd8lLUsMbwIhb1tn3HvJD1-ixNmf1xsUmB3Bs0gADeN4QvcR49AftwPm-rrCAAn7JwTSzG1wqxS1uoeBPpWoJDoHiuBlSqhXG1XLwDOau0WK4nQxJzsDC9Kj5hL%7EevfU3Y3cZUXbRKrJM%7Es8vVaqqdz1Xs9HYyWjExlNuQrjeBRKlCWLuUHxvaP7oz9XTptsDtKVjTBQqaNKRbMNmcoMyrqtknBbvEFGJMOz8lEqoS8LsuSg__&Key-Pair-Id=K2L8F4GPSG1IFC "HTTP/1.1 206 Partial Content"
[rank0]:[titan] 2026-05-13 03:31:49,785 - root - INFO - [31mstep: 150  [32mloss:  6.61633  [38;2;180;60;0mgrad_norm:  0.0652  [38;2;54;234;195mmemory: 25.28GiB(80.62%)  [34mtps: 3,557  [36mtflops: 26.95  [35mmfu: N/A[39m
[rank0]:[titan] 2026-05-13 03:36:25,482 - root - INFO - [31mstep: 160  [32mloss:  6.50267  [38;2;180;60;0mgrad_norm:  0.0774  [38;2;54;234;195mmemory: 25.28GiB(80.62%)  [34mtps: 3,566  [36mtflops: 27.01  [35mmfu: N/A[39m
[rank0]:[titan] 2026-05-13 03:41:01,193 - root - INFO - [31mstep: 170  [32mloss:  6.35830  [38;2;180;60;0mgrad_norm:  0.0584  [38;2;54;234;195mmemory: 25.28GiB(80.62%)  [34mtps: 3,565  [36mtflops: 27.01  [35mmfu: N/A[39m
[rank0]:[titan] 2026-05-13 03:45:37,050 - root - INFO - [31mstep: 180  [32mloss:  6.19464  [38;2;180;60;0mgrad_norm:  0.0614  [38;2;54;234;195mmemory: 25.28GiB(80.62%)  [34mtps: 3,564  [36mtflops: 26.99  [35mmfu: N/A[39m
[rank0]:[titan] 2026-05-13 03:50:12,797 - root - INFO - [31mstep: 190  [32mloss:  6.09647  [38;2;180;60;0mgrad_norm:  0.1567  [38;2;54;234;195mmemory: 25.28GiB(80.62%)  [34mtps: 3,565  [36mtflops: 27.01  [35mmfu: N/A[39m
[rank0]:[titan] 2026-05-13 03:51:08,356 - httpx - INFO - HTTP Request: GET https://huggingface.co/datasets/allenai/c4/resolve/1588ec454efa1a09f29cd18ddd04fe05fc8653a2/en/c4-train.00000-of-01024.json.gz "HTTP/1.1 302 Found"
[rank0]:[titan] 2026-05-13 03:51:08,554 - httpx - INFO - HTTP Request: GET https://cas-bridge.xethub.hf.co/xet-bridge-us/621ffdd236468d709f182a80/6656aac078668b0d5feb1cfb7b04def05bff73e7e375d0a66e252827336ac1a8?X-Amz-Algorithm=AWS4-HMAC-SHA256&X-Amz-Content-Sha256=UNSIGNED-PAYLOAD&X-Amz-Credential=cas%2F20260513%2Fus-east-1%2Fs3%2Faws4_request&X-Amz-Date=20260513T035108Z&X-Amz-Expires=3600&X-Amz-Signature=b72404ee354cb84a48e9b2d28e6a810407e46d5891ff9f9e7f46321e1f1c267a&X-Amz-SignedHeaders=host&X-Xet-Cas-Uid=public&response-content-disposition=inline%3B+filename*%3DUTF-8%27%27c4-train.00000-of-01024.json.gz%3B+filename%3D%22c4-train.00000-of-01024.json.gz%22%3B&response-content-type=application%2Fgzip&x-amz-checksum-mode=ENABLED&x-id=GetObject&Expires=1778647868&Policy=eyJTdGF0ZW1lbnQiOlt7IkNvbmRpdGlvbiI6eyJEYXRlTGVzc1RoYW4iOnsiQVdTOkVwb2NoVGltZSI6MTc3ODY0Nzg2OH19LCJSZXNvdXJjZSI6Imh0dHBzOi8vY2FzLWJyaWRnZS54ZXRodWIuaGYuY28veGV0LWJyaWRnZS11cy82MjFmZmRkMjM2NDY4ZDcwOWYxODJhODAvNjY1NmFhYzA3ODY2OGIwZDVmZWIxY2ZiN2IwNGRlZjA1YmZmNzNlN2UzNzVkMGE2NmUyNTI4MjczMzZhYzFhOCoifV19&Signature=pVP67HEr21K4FWVxrl89kKTKTOUHhD%7Eio-avrndIsaUvqrXtyuJVMubiqi3wxMPkn1XcsawdDvGe7ZIxQI68I2wzTIyW6lh9HCcI47pBlwP8GBihZVyKZUoaW9ynpsZTRWwjzvBFHD557r%7E5OrewOhXevrPhy-fUkXbUMtoPwmoPlmZqA2qLdDGpf5TCJ6SeMvy3nScJbBfyQVj7N3XYCRFL8wCOfwfr10e5YFz0cjFFwAjTWaQqfYV5vL6JR-uWwVT6ZQ2o-CTq63wSZD-lmDbbWag5WTnqqHpm6kp5Dt5Vr08KILkyBDRE7Ly88U1tVc5w1pgIeexLm%7EJlf%7ECvuQ__&Key-Pair-Id=K2L8F4GPSG1IFC "HTTP/1.1 206 Partial Content"
[rank0]:[titan] 2026-05-13 03:54:22,379 - root - INFO - [GC] Performing periodic GC collection took 0.14 seconds
[rank0]:[titan] 2026-05-13 03:54:50,022 - root - INFO - [31mstep: 200  [32mloss:  6.00808  [38;2;180;60;0mgrad_norm:  0.0650  [38;2;54;234;195mmemory: 25.28GiB(80.62%)  [34mtps: 3,546  [36mtflops: 26.86  [35mmfu: N/A[39m
[rank0]:[titan] 2026-05-13 03:54:50,022 - root - INFO - Saving the checkpoint (or staging if async is enabled).
[rank0]:[titan] 2026-05-13 03:57:46,502 - root - INFO - [GC] GC collection invoked by checkpointer. took 0.03 seconds
[rank0]:[titan] 2026-05-13 03:57:46,506 - root - INFO - Finished saving the checkpoint (or staging if async is enabled) in 176.48 seconds.
[rank0]:[titan] 2026-05-13 04:02:21,634 - root - INFO - [31mstep: 210  [32mloss:  5.94364  [38;2;180;60;0mgrad_norm:  0.0937  [38;2;54;234;195mmemory: 25.28GiB(80.62%)  [34mtps: 2,177  [36mtflops: 16.49  [35mmfu: N/A[39m
[rank0]:[titan] 2026-05-13 04:03:44,622 - httpx - INFO - HTTP Request: GET https://huggingface.co/datasets/allenai/c4/resolve/1588ec454efa1a09f29cd18ddd04fe05fc8653a2/en/c4-train.00000-of-01024.json.gz "HTTP/1.1 302 Found"
[rank0]:[titan] 2026-05-13 04:03:44,828 - httpx - INFO - HTTP Request: GET https://cas-bridge.xethub.hf.co/xet-bridge-us/621ffdd236468d709f182a80/6656aac078668b0d5feb1cfb7b04def05bff73e7e375d0a66e252827336ac1a8?X-Amz-Algorithm=AWS4-HMAC-SHA256&X-Amz-Content-Sha256=UNSIGNED-PAYLOAD&X-Amz-Credential=cas%2F20260513%2Fus-east-1%2Fs3%2Faws4_request&X-Amz-Date=20260513T040344Z&X-Amz-Expires=3600&X-Amz-Signature=d10865ca1cd52a30e0f984c2d219f098ee0defb7d5897b316484663cb4355700&X-Amz-SignedHeaders=host&X-Xet-Cas-Uid=public&response-content-disposition=inline%3B+filename*%3DUTF-8%27%27c4-train.00000-of-01024.json.gz%3B+filename%3D%22c4-train.00000-of-01024.json.gz%22%3B&response-content-type=application%2Fgzip&x-amz-checksum-mode=ENABLED&x-id=GetObject&Expires=1778648624&Policy=eyJTdGF0ZW1lbnQiOlt7IkNvbmRpdGlvbiI6eyJEYXRlTGVzc1RoYW4iOnsiQVdTOkVwb2NoVGltZSI6MTc3ODY0ODYyNH19LCJSZXNvdXJjZSI6Imh0dHBzOi8vY2FzLWJyaWRnZS54ZXRodWIuaGYuY28veGV0LWJyaWRnZS11cy82MjFmZmRkMjM2NDY4ZDcwOWYxODJhODAvNjY1NmFhYzA3ODY2OGIwZDVmZWIxY2ZiN2IwNGRlZjA1YmZmNzNlN2UzNzVkMGE2NmUyNTI4MjczMzZhYzFhOCoifV19&Signature=SDhm6i-WYfxaM-wjU1dHw5O95tmLRev0PMfZBah-U5PqkJRmXgVmSkpB9GAZsdbKJrid1SlXGHNSfbiLmVUN4WqePmx6uiuJEMZeX7OrtebXFzxEo%7EANYCo6AZfGCQ-H%7EbcNM2WUbG5CtX8SlK4elzKodGULRfppnrnKcrMur3iOUoKU3wDf0y8s6-WeZQAu3oYGx0hUfkoXK5apu-j9SAJMo4mNfXEA3xmK5g9MFqSbPYTweB6YyN8ojqBny9tkV7GmGUyh%7EHqlsrda1SOt08n%7E9Vjy%7EOYrDO-rrqXCdo7k2vfZ0uzIZ17RhDRvsOKGKmaz5ZAT2vLkksIT5Chc8w__&Key-Pair-Id=K2L8F4GPSG1IFC "HTTP/1.1 206 Partial Content"
[rank0]:[titan] 2026-05-13 04:06:59,093 - root - INFO - [31mstep: 220  [32mloss:  5.84184  [38;2;180;60;0mgrad_norm:  0.0589  [38;2;54;234;195mmemory: 25.28GiB(80.62%)  [34mtps: 3,543  [36mtflops: 26.84  [35mmfu: N/A[39m
[rank0]:[titan] 2026-05-13 04:11:34,061 - root - INFO - [31mstep: 230  [32mloss:  5.77454  [38;2;180;60;0mgrad_norm:  0.1579  [38;2;54;234;195mmemory: 25.28GiB(80.62%)  [34mtps: 3,575  [36mtflops: 27.08  [35mmfu: N/A[39m
[rank0]:[titan] 2026-05-13 04:13:52,834 - httpx - INFO - HTTP Request: GET https://huggingface.co/datasets/allenai/c4/resolve/1588ec454efa1a09f29cd18ddd04fe05fc8653a2/en/c4-train.00000-of-01024.json.gz "HTTP/1.1 302 Found"
[rank0]:[titan] 2026-05-13 04:13:53,024 - httpx - INFO - HTTP Request: GET https://cas-bridge.xethub.hf.co/xet-bridge-us/621ffdd236468d709f182a80/6656aac078668b0d5feb1cfb7b04def05bff73e7e375d0a66e252827336ac1a8?X-Amz-Algorithm=AWS4-HMAC-SHA256&X-Amz-Content-Sha256=UNSIGNED-PAYLOAD&X-Amz-Credential=cas%2F20260513%2Fus-east-1%2Fs3%2Faws4_request&X-Amz-Date=20260513T041352Z&X-Amz-Expires=3600&X-Amz-Signature=e91ab49082529977ef28b05bb3a35366a12373867a9f716b2dbc4d608a9cb001&X-Amz-SignedHeaders=host&X-Xet-Cas-Uid=public&response-content-disposition=inline%3B+filename*%3DUTF-8%27%27c4-train.00000-of-01024.json.gz%3B+filename%3D%22c4-train.00000-of-01024.json.gz%22%3B&response-content-type=application%2Fgzip&x-amz-checksum-mode=ENABLED&x-id=GetObject&Expires=1778649232&Policy=eyJTdGF0ZW1lbnQiOlt7IkNvbmRpdGlvbiI6eyJEYXRlTGVzc1RoYW4iOnsiQVdTOkVwb2NoVGltZSI6MTc3ODY0OTIzMn19LCJSZXNvdXJjZSI6Imh0dHBzOi8vY2FzLWJyaWRnZS54ZXRodWIuaGYuY28veGV0LWJyaWRnZS11cy82MjFmZmRkMjM2NDY4ZDcwOWYxODJhODAvNjY1NmFhYzA3ODY2OGIwZDVmZWIxY2ZiN2IwNGRlZjA1YmZmNzNlN2UzNzVkMGE2NmUyNTI4MjczMzZhYzFhOCoifV19&Signature=mNTWAPJ-avISCJ2p3DVTQP3-8Ly5ENkopsQl3LHcrq2nAWIFMZ2u6K5fnghkttXKneEfmX57xsF5-w50-ioGTi%7EDg1VQf3vBViZQmPl8m0fv-jt0725eh%7EyqL97dlMo%7EebIdNnY34QDikwSvcCl-Rwpjhscs5zkc6DIO35KiXXasQRNzZ2MfMGEv7Ka1mZQ4Rndagxq7pIJMUD9vPJlsP2y8UdsuSE7VodRzdzqiVffdnaEZrZ8BQ1KU0YoQp%7Ev8lZyNZ4KPotkJ%7EFdVCKTaSLCOZqgIm%7E9O6hUezffHI9ZqmEIMSbWrH38kX4KK6VbVV-Gvd5K26I4iM3-0LWdzQQ__&Key-Pair-Id=K2L8F4GPSG1IFC "HTTP/1.1 206 Partial Content"
[rank0]:[titan] 2026-05-13 04:16:11,274 - root - INFO - [31mstep: 240  [32mloss:  5.70223  [38;2;180;60;0mgrad_norm:  0.1343  [38;2;54;234;195mmemory: 25.28GiB(80.62%)  [34mtps: 3,546  [36mtflops: 26.86  [35mmfu: N/A[39m
[rank0]:[titan] 2026-05-13 04:20:18,947 - root - INFO - [GC] Performing periodic GC collection took 0.13 seconds
[rank0]:[titan] 2026-05-13 04:20:46,550 - root - INFO - [31mstep: 250  [32mloss:  5.66723  [38;2;180;60;0mgrad_norm:  0.0630  [38;2;54;234;195mmemory: 25.28GiB(80.62%)  [34mtps: 3,571  [36mtflops: 27.05  [35mmfu: N/A[39m
[rank0]:[titan] 2026-05-13 04:25:21,946 - root - INFO - [31mstep: 260  [32mloss:  5.55175  [38;2;180;60;0mgrad_norm:  0.0815  [38;2;54;234;195mmemory: 25.28GiB(80.62%)  [34mtps: 3,570  [36mtflops: 27.04  [35mmfu: N/A[39m
[rank0]:[titan] 2026-05-13 04:29:57,185 - root - INFO - [31mstep: 270  [32mloss:  5.49794  [38;2;180;60;0mgrad_norm:  0.1069  [38;2;54;234;195mmemory: 25.28GiB(80.62%)  [34mtps: 3,572  [36mtflops: 27.06  [35mmfu: N/A[39m
[rank0]:[titan] 2026-05-13 04:33:10,226 - httpx - INFO - HTTP Request: GET https://huggingface.co/datasets/allenai/c4/resolve/1588ec454efa1a09f29cd18ddd04fe05fc8653a2/en/c4-train.00000-of-01024.json.gz "HTTP/1.1 302 Found"
[rank0]:[titan] 2026-05-13 04:33:15,546 - httpx - INFO - HTTP Request: GET https://cas-bridge.xethub.hf.co/xet-bridge-us/621ffdd236468d709f182a80/6656aac078668b0d5feb1cfb7b04def05bff73e7e375d0a66e252827336ac1a8?X-Amz-Algorithm=AWS4-HMAC-SHA256&X-Amz-Content-Sha256=UNSIGNED-PAYLOAD&X-Amz-Credential=cas%2F20260513%2Fus-east-1%2Fs3%2Faws4_request&X-Amz-Date=20260513T043310Z&X-Amz-Expires=3600&X-Amz-Signature=8aa786c0d656b60fb58d81014476b45a343bac4543f453beca587500458883d4&X-Amz-SignedHeaders=host&X-Xet-Cas-Uid=public&response-content-disposition=inline%3B+filename*%3DUTF-8%27%27c4-train.00000-of-01024.json.gz%3B+filename%3D%22c4-train.00000-of-01024.json.gz%22%3B&response-content-type=application%2Fgzip&x-amz-checksum-mode=ENABLED&x-id=GetObject&Expires=1778650390&Policy=eyJTdGF0ZW1lbnQiOlt7IkNvbmRpdGlvbiI6eyJEYXRlTGVzc1RoYW4iOnsiQVdTOkVwb2NoVGltZSI6MTc3ODY1MDM5MH19LCJSZXNvdXJjZSI6Imh0dHBzOi8vY2FzLWJyaWRnZS54ZXRodWIuaGYuY28veGV0LWJyaWRnZS11cy82MjFmZmRkMjM2NDY4ZDcwOWYxODJhODAvNjY1NmFhYzA3ODY2OGIwZDVmZWIxY2ZiN2IwNGRlZjA1YmZmNzNlN2UzNzVkMGE2NmUyNTI4MjczMzZhYzFhOCoifV19&Signature=BxGCcP32QzaJeFvx7PihfwacrEBMR2GJPA1VHDDsr0PV2%7ESkVyShdjC7TH8ByKiX5Dwvzg2okaXV280uatwZolkdZsvyl1jsuzNggghV1l7Ej1Xs8sCiK5uj8EYLdcLQExyrx0YIFrNHhg-e6a1hvw08jxelz10hvobY4o8IVsoN5sHOx9RfD7MHTsBk%7ETQvjEfGb31Mo6QS3-h-qfbIhnI9bqkCCVFtuEt7HRhNUdDcj8ZXtH6xhITq9DgZC-Ws8zr5V9zf4MJvTRqCAlQVwTzE7r%7EUp-xGKU0ojWPToAGQNVMbZCGwUS9GFtbjqIFsTBhX8ivWVAcxG2pRNmeiUQ__&Key-Pair-Id=K2L8F4GPSG1IFC "HTTP/1.1 206 Partial Content"
[rank0]:[titan] 2026-05-13 04:34:39,848 - root - INFO - [31mstep: 280  [32mloss:  5.39056  [38;2;180;60;0mgrad_norm:  0.0828  [38;2;54;234;195mmemory: 25.28GiB(80.62%)  [34mtps: 3,478  [36mtflops: 26.34  [35mmfu: N/A[39m
[rank0]:[titan] 2026-05-13 04:39:14,934 - root - INFO - [31mstep: 290  [32mloss:  5.34038  [38;2;180;60;0mgrad_norm:  0.0611  [38;2;54;234;195mmemory: 25.28GiB(80.62%)  [34mtps: 3,574  [36mtflops: 27.07  [35mmfu: N/A[39m
[rank0]:[titan] 2026-05-13 04:43:22,665 - root - INFO - [GC] Performing periodic GC collection took 0.15 seconds
[rank0]:[titan] 2026-05-13 04:43:23,117 - httpx - INFO - HTTP Request: GET https://huggingface.co/datasets/allenai/c4/resolve/1588ec454efa1a09f29cd18ddd04fe05fc8653a2/en/c4-train.00000-of-01024.json.gz "HTTP/1.1 302 Found"
[rank0]:[titan] 2026-05-13 04:43:23,379 - httpx - INFO - HTTP Request: GET https://cas-bridge.xethub.hf.co/xet-bridge-us/621ffdd236468d709f182a80/6656aac078668b0d5feb1cfb7b04def05bff73e7e375d0a66e252827336ac1a8?X-Amz-Algorithm=AWS4-HMAC-SHA256&X-Amz-Content-Sha256=UNSIGNED-PAYLOAD&X-Amz-Credential=cas%2F20260513%2Fus-east-1%2Fs3%2Faws4_request&X-Amz-Date=20260513T044323Z&X-Amz-Expires=3600&X-Amz-Signature=4cf36c4d6e3694b83f93c99da57f976f98e3e1663c82fa476a70293092a06c61&X-Amz-SignedHeaders=host&X-Xet-Cas-Uid=public&response-content-disposition=inline%3B+filename*%3DUTF-8%27%27c4-train.00000-of-01024.json.gz%3B+filename%3D%22c4-train.00000-of-01024.json.gz%22%3B&response-content-type=application%2Fgzip&x-amz-checksum-mode=ENABLED&x-id=GetObject&Expires=1778651003&Policy=eyJTdGF0ZW1lbnQiOlt7IkNvbmRpdGlvbiI6eyJEYXRlTGVzc1RoYW4iOnsiQVdTOkVwb2NoVGltZSI6MTc3ODY1MTAwM319LCJSZXNvdXJjZSI6Imh0dHBzOi8vY2FzLWJyaWRnZS54ZXRodWIuaGYuY28veGV0LWJyaWRnZS11cy82MjFmZmRkMjM2NDY4ZDcwOWYxODJhODAvNjY1NmFhYzA3ODY2OGIwZDVmZWIxY2ZiN2IwNGRlZjA1YmZmNzNlN2UzNzVkMGE2NmUyNTI4MjczMzZhYzFhOCoifV19&Signature=XmslxWwHOFprXrWSoBwtBcZs5CYZvLESp9f8k3ibODksfqisQ-Vxmp9tyDoUQQB-cUcZbw3NF9mHsgvi6h6yQU%7EQlCGDkfTZ8rOcvK8kmpoB3Q16jACEdw6DFoQdnCh6HM6ju7Jy0%7EPEeeo9MzcMLDHuUZ9apDO3ioeS7vPAAwu482fmVVkIvqObeqQIa99xteCHYFRb5aWVKwfDnLnGysFofT7ZzoQVkT-NUdQnN2XK3QcapHwgSUu1gX0QhwxSsomZK9cfb92XpWX9UN%7En-zCj-hyAcLsCPDBZnCRvue7XM3pobICgxzqgwLpwNPae9lHHqehKXOozbs6-cuJjtA__&Key-Pair-Id=K2L8F4GPSG1IFC "HTTP/1.1 206 Partial Content"
[rank0]:[titan] 2026-05-13 04:43:51,734 - root - INFO - [31mstep: 300  [32mloss:  5.21988  [38;2;180;60;0mgrad_norm:  0.0522  [38;2;54;234;195mmemory: 25.28GiB(80.62%)  [34mtps: 3,551  [36mtflops: 26.90  [35mmfu: N/A[39m
[rank0]:[titan] 2026-05-13 04:48:27,096 - root - INFO - [31mstep: 310  [32mloss:  5.20978  [38;2;180;60;0mgrad_norm:  0.0524  [38;2;54;234;195mmemory: 25.28GiB(80.62%)  [34mtps: 3,570  [36mtflops: 27.04  [35mmfu: N/A[39m
[rank0]:[titan] 2026-05-13 04:53:02,539 - root - INFO - [31mstep: 320  [32mloss:  5.20075  [38;2;180;60;0mgrad_norm:  0.0858  [38;2;54;234;195mmemory: 25.28GiB(80.62%)  [34mtps: 3,569  [36mtflops: 27.04  [35mmfu: N/A[39m
[rank0]:[titan] 2026-05-13 04:53:03,058 - httpx - INFO - HTTP Request: GET https://huggingface.co/datasets/allenai/c4/resolve/1588ec454efa1a09f29cd18ddd04fe05fc8653a2/en/c4-train.00000-of-01024.json.gz "HTTP/1.1 302 Found"
[rank0]:[titan] 2026-05-13 04:53:03,298 - httpx - INFO - HTTP Request: GET https://cas-bridge.xethub.hf.co/xet-bridge-us/621ffdd236468d709f182a80/6656aac078668b0d5feb1cfb7b04def05bff73e7e375d0a66e252827336ac1a8?X-Amz-Algorithm=AWS4-HMAC-SHA256&X-Amz-Content-Sha256=UNSIGNED-PAYLOAD&X-Amz-Credential=cas%2F20260513%2Fus-east-1%2Fs3%2Faws4_request&X-Amz-Date=20260513T045302Z&X-Amz-Expires=3600&X-Amz-Signature=158c735864022e187c7313029238a5e936635c16b03734721ca7072977565fc4&X-Amz-SignedHeaders=host&X-Xet-Cas-Uid=public&response-content-disposition=inline%3B+filename*%3DUTF-8%27%27c4-train.00000-of-01024.json.gz%3B+filename%3D%22c4-train.00000-of-01024.json.gz%22%3B&response-content-type=application%2Fgzip&x-amz-checksum-mode=ENABLED&x-id=GetObject&Expires=1778651582&Policy=eyJTdGF0ZW1lbnQiOlt7IkNvbmRpdGlvbiI6eyJEYXRlTGVzc1RoYW4iOnsiQVdTOkVwb2NoVGltZSI6MTc3ODY1MTU4Mn19LCJSZXNvdXJjZSI6Imh0dHBzOi8vY2FzLWJyaWRnZS54ZXRodWIuaGYuY28veGV0LWJyaWRnZS11cy82MjFmZmRkMjM2NDY4ZDcwOWYxODJhODAvNjY1NmFhYzA3ODY2OGIwZDVmZWIxY2ZiN2IwNGRlZjA1YmZmNzNlN2UzNzVkMGE2NmUyNTI4MjczMzZhYzFhOCoifV19&Signature=EW5E5qUfMS4s6zdAGbA2ywoXWQipdhdb-SQe74tA9ICFL252S69hvgU7r5dpdrnlKxb38qE3fSVt2bVuX6Htq1i5uYwC%7EzEAvSYHIPFt5v8rxSlM8jHcvEwTkNRP1NIM0qsLIFawSacM2UoVTdF7kRzORVGb2VjPfBq%7EeTyhiD7HHSDN07IPJJz4TfObu65KRp5iSZH34vdZ9YrkOjdFLQFcJ81TcS%7E7a0XXU-Se2-4ZMzG148gzewCkDk2Wu6ERnjbbbmxuIeXixauTKxnZ9TpbF6KjL49yLjc9ejuWueMCkjryOXikT8U7rNrm0hX5Bwzusq6w2t6oqXghh01MNg__&Key-Pair-Id=K2L8F4GPSG1IFC "HTTP/1.1 206 Partial Content"
[rank0]:[titan] 2026-05-13 04:57:40,214 - root - INFO - [31mstep: 330  [32mloss:  5.08907  [38;2;180;60;0mgrad_norm:  0.0808  [38;2;54;234;195mmemory: 25.28GiB(80.62%)  [34mtps: 3,540  [36mtflops: 26.82  [35mmfu: N/A[39m
[rank0]:[titan] 2026-05-13 05:02:15,558 - root - INFO - [31mstep: 340  [32mloss:  5.15765  [38;2;180;60;0mgrad_norm:  0.0418  [38;2;54;234;195mmemory: 25.28GiB(80.62%)  [34mtps: 3,570  [36mtflops: 27.04  [35mmfu: N/A[39m
[rank0]:[titan] 2026-05-13 05:06:23,686 - root - INFO - [GC] Performing periodic GC collection took 0.14 seconds
[rank0]:[titan] 2026-05-13 05:06:51,330 - root - INFO - [31mstep: 350  [32mloss:  5.01098  [38;2;180;60;0mgrad_norm:  0.0670  [38;2;54;234;195mmemory: 25.28GiB(80.62%)  [34mtps: 3,565  [36mtflops: 27.00  [35mmfu: N/A[39m
[rank0]:[titan] 2026-05-13 05:11:26,744 - root - INFO - [31mstep: 360  [32mloss:  4.96548  [38;2;180;60;0mgrad_norm:  0.0672  [38;2;54;234;195mmemory: 25.28GiB(80.62%)  [34mtps: 3,569  [36mtflops: 27.04  [35mmfu: N/A[39m
[rank0]:[titan] 2026-05-13 05:12:49,900 - httpx - INFO - HTTP Request: GET https://huggingface.co/datasets/allenai/c4/resolve/1588ec454efa1a09f29cd18ddd04fe05fc8653a2/en/c4-train.00000-of-01024.json.gz "HTTP/1.1 302 Found"
[rank0]:[titan] 2026-05-13 05:12:50,170 - httpx - INFO - HTTP Request: GET https://cas-bridge.xethub.hf.co/xet-bridge-us/621ffdd236468d709f182a80/6656aac078668b0d5feb1cfb7b04def05bff73e7e375d0a66e252827336ac1a8?X-Amz-Algorithm=AWS4-HMAC-SHA256&X-Amz-Content-Sha256=UNSIGNED-PAYLOAD&X-Amz-Credential=cas%2F20260513%2Fus-east-1%2Fs3%2Faws4_request&X-Amz-Date=20260513T051249Z&X-Amz-Expires=3600&X-Amz-Signature=c59bcc8057fef30fc216ee010791d226d88b7890dfeccac74fab2b430047e3a7&X-Amz-SignedHeaders=host&X-Xet-Cas-Uid=public&response-content-disposition=inline%3B+filename*%3DUTF-8%27%27c4-train.00000-of-01024.json.gz%3B+filename%3D%22c4-train.00000-of-01024.json.gz%22%3B&response-content-type=application%2Fgzip&x-amz-checksum-mode=ENABLED&x-id=GetObject&Expires=1778652769&Policy=eyJTdGF0ZW1lbnQiOlt7IkNvbmRpdGlvbiI6eyJEYXRlTGVzc1RoYW4iOnsiQVdTOkVwb2NoVGltZSI6MTc3ODY1Mjc2OX19LCJSZXNvdXJjZSI6Imh0dHBzOi8vY2FzLWJyaWRnZS54ZXRodWIuaGYuY28veGV0LWJyaWRnZS11cy82MjFmZmRkMjM2NDY4ZDcwOWYxODJhODAvNjY1NmFhYzA3ODY2OGIwZDVmZWIxY2ZiN2IwNGRlZjA1YmZmNzNlN2UzNzVkMGE2NmUyNTI4MjczMzZhYzFhOCoifV19&Signature=FMckr%7EXwyrKstmqaOhA-zMCD9XbCUKqxgm4MKOFOFreh1OeiMBPfiTIxONwa%7EmV9y3epB-MA2Hat0IleX9HxvZLfc0tmYqEYggiYxdSc6RGaTQh2hSOd8vWVJRFtGmmFniTK-09PFjcpeg9zgpOLp6rPIvBLVxmAfogAR-Y8tXIq5jg7Tphj5F1db-rERS7b43FxaaRaav%7EOSUhMHA0ec1CE25DIBPGS3eAMrYdU5wdFo0e42qT6HqMLp8kUTkbrgVwAj-XfFrW9VymIe85kg85I0Daq-gls%7EmUdv2vYGly-mCgAMT5YCt2DkzGVucQ8Yk0%7Eh4rfjQIp6KW-AHsnFg__&Key-Pair-Id=K2L8F4GPSG1IFC "HTTP/1.1 206 Partial Content"
/workspace/torchtitan_attention_residual/phase4/launch_fsdp_small.sh: line 149: 179417 Killed                  PYTORCH_ALLOC_CONF="expandable_segments:True" torchrun --nproc_per_node="${NGPU}" --rdzv_backend c10d --rdzv_endpoint=localhost:0 --local-ranks-filter 0 --role rank --tee 3 -m torchtitan.train --module "${MODULE}" --config "${CONFIG}" --training.steps "${STEPS}" --training.local_batch_size "${LOCAL_BS}" --training.global_batch_size "${GLOBAL_BS}" --training.seq_len "${SEQ_LEN}" --parallelism.pipeline_parallel_degree 1 --parallelism.data_parallel_shard_degree "${DP_SHARD}" --parallelism.data_parallel_replicate_degree 1 --parallelism.tensor_parallel_degree 1 "${EXTRA_ARGS[@]}" --dump_folder "${OUT_DIR}" --metrics.save_tb_folder tb 2>&1
     179418 Done                    | tee "${OUT_DIR}/train.log"
