Pipeline parallelism is incompatible with overlap schedule.
[Gloo] Rank 1 is connected to 3 peer ranks. Expected number of connected peer ranks is : 3
[Gloo] Rank 0 is connected to 3 peer ranks. Expected number of connected peer ranks is : 3
[Gloo] Rank [Gloo] Rank 32 is connected to  is connected to 33 peer ranks.  peer ranks. Expected number of connected peer ranks is : Expected number of connected peer ranks is : 33

[Gloo] Rank 1 is connected to 1 peer ranks. Expected number of connected peer ranks is : 1
[Gloo] Rank [Gloo] Rank 10 is connected to  is connected to 11 peer ranks.  peer ranks. Expected number of connected peer ranks is : Expected number of connected peer ranks is : 11

[Gloo] Rank 0 is connected to 1 peer ranks. Expected number of connected peer ranks is : 1
[Gloo] Rank [Gloo] Rank [Gloo] Rank 0[Gloo] Rank 00 is connected to 0 is connected to  is connected to 0 is connected to 00 peer ranks. 0 peer ranks.  peer ranks. Expected number of connected peer ranks is :  peer ranks. Expected number of connected peer ranks is : Expected number of connected peer ranks is : 0Expected number of connected peer ranks is : 00
0


[Gloo] Rank 0 is connected to 0[Gloo] Rank  peer ranks. [Gloo] Rank 0Expected number of connected peer ranks is : [Gloo] Rank 0 is connected to 00 is connected to 0
 is connected to 0 peer ranks. 0 peer ranks. Expected number of connected peer ranks is :  peer ranks. Expected number of connected peer ranks is : 0Expected number of connected peer ranks is : 0
0

[Gloo] Rank [Gloo] Rank 00[Gloo] Rank  is connected to  is connected to [Gloo] Rank 0000 is connected to  peer ranks.  peer ranks.  is connected to 0Expected number of connected peer ranks is : Expected number of connected peer ranks is : 0 peer ranks. 00 peer ranks. Expected number of connected peer ranks is : 

Expected number of connected peer ranks is : 00

[Gloo] Rank 0 is connected to 1 peer ranks. [Gloo] Rank Expected number of connected peer ranks is : 11 is connected to 
1 peer ranks. Expected number of connected peer ranks is : 1
[Gloo] Rank [Gloo] Rank 01 is connected to  is connected to 11 peer ranks.  peer ranks. Expected number of connected peer ranks is : Expected number of connected peer ranks is : 11

Multi-thread loading shards:   0% Completed | 0/1 [00:00<?, ?it/s]Multi-thread loading shards: 100% Completed | 1/1 [00:00<00:00, 16.95it/s]
BOOT_OK
2026-05-08 08:34:38,119 - CUTE_DSL - WARNING - [handle_import_error] - Unexpected error during package walk: cutlass.cute.experimental
[2026-05-08 08:34:38 PP0 TP0 EP0] Unexpected error during package walk: cutlass.cute.experimental
2026-05-08 08:34:38,125 - CUTE_DSL - WARNING - [handle_import_error] - Unexpected error during package walk: cutlass.cute.experimental
[2026-05-08 08:34:38 PP0 TP1 EP1] Unexpected error during package walk: cutlass.cute.experimental
/sgl-workspace/sglang/python/sglang/srt/distributed/parallel_state.py:1058: UserWarning: The given buffer is not writable, and PyTorch does not support non-writable tensors. This means you can write to the underlying (supposedly non-writable) buffer using the tensor. You may want to copy the buffer to protect its data or make it writable before converting it to a tensor. This type of warning will be suppressed for the rest of this program. (Triggered internally at /pytorch/torch/csrc/utils/tensor_new.cpp:1581.)
  object_tensor = torch.frombuffer(pickle.dumps(obj), dtype=torch.uint8)
[rank0]:[W508 08:34:38.253825470 ProcessGroupNCCL.cpp:4004] Warning: An unbatched P2P op (send/recv) was called on this ProcessGroup with size 2.  In lazy initialization mode, this will result in a new 2-rank NCCL communicator to be created. (function operator())
[rank2]:[W508 08:34:38.254210639 ProcessGroupNCCL.cpp:4004] Warning: An unbatched P2P op (send/recv) was called on this ProcessGroup with size 2.  In lazy initialization mode, this will result in a new 2-rank NCCL communicator to be created. (function operator())
/sgl-workspace/sglang/python/sglang/srt/distributed/parallel_state.py:1058: UserWarning: The given buffer is not writable, and PyTorch does not support non-writable tensors. This means you can write to the underlying (supposedly non-writable) buffer using the tensor. You may want to copy the buffer to protect its data or make it writable before converting it to a tensor. This type of warning will be suppressed for the rest of this program. (Triggered internally at /pytorch/torch/csrc/utils/tensor_new.cpp:1581.)
  object_tensor = torch.frombuffer(pickle.dumps(obj), dtype=torch.uint8)
[rank1]:[W508 08:34:38.254785348 ProcessGroupNCCL.cpp:4004] Warning: An unbatched P2P op (send/recv) was called on this ProcessGroup with size 2.  In lazy initialization mode, this will result in a new 2-rank NCCL communicator to be created. (function operator())
[rank3]:[W508 08:34:38.255276284 ProcessGroupNCCL.cpp:4004] Warning: An unbatched P2P op (send/recv) was called on this ProcessGroup with size 2.  In lazy initialization mode, this will result in a new 2-rank NCCL communicator to be created. (function operator())
2026-05-08 08:34:38,962 - CUTE_DSL - WARNING - [handle_import_error] - Unexpected error during package walk: cutlass.cute.experimental
[2026-05-08 08:34:38 PP1 TP1 EP1] Unexpected error during package walk: cutlass.cute.experimental
2026-05-08 08:34:38,965 - CUTE_DSL - WARNING - [handle_import_error] - Unexpected error during package walk: cutlass.cute.experimental
[2026-05-08 08:34:38 PP1 TP0 EP0] Unexpected error during package walk: cutlass.cute.experimental
/sgl-workspace/sglang/python/sglang/srt/distributed/parallel_state.py:1058: UserWarning: The given buffer is not writable, and PyTorch does not support non-writable tensors. This means you can write to the underlying (supposedly non-writable) buffer using the tensor. You may want to copy the buffer to protect its data or make it writable before converting it to a tensor. This type of warning will be suppressed for the rest of this program. (Triggered internally at /pytorch/torch/csrc/utils/tensor_new.cpp:1581.)
  object_tensor = torch.frombuffer(pickle.dumps(obj), dtype=torch.uint8)
[rank3]:[W508 08:34:39.146965854 ProcessGroupNCCL.cpp:4004] Warning: An unbatched P2P op (send/recv) was called on this ProcessGroup with size 2.  In lazy initialization mode, this will result in a new 2-rank NCCL communicator to be created. (function operator())
[rank1]:[W508 08:34:39.147503034 ProcessGroupNCCL.cpp:4004] Warning: An unbatched P2P op (send/recv) was called on this ProcessGroup with size 2.  In lazy initialization mode, this will result in a new 2-rank NCCL communicator to be created. (function operator())
/sgl-workspace/sglang/python/sglang/srt/distributed/parallel_state.py:1058: UserWarning: The given buffer is not writable, and PyTorch does not support non-writable tensors. This means you can write to the underlying (supposedly non-writable) buffer using the tensor. You may want to copy the buffer to protect its data or make it writable before converting it to a tensor. This type of warning will be suppressed for the rest of this program. (Triggered internally at /pytorch/torch/csrc/utils/tensor_new.cpp:1581.)
  object_tensor = torch.frombuffer(pickle.dumps(obj), dtype=torch.uint8)
[rank2]:[W508 08:34:39.148239699 ProcessGroupNCCL.cpp:4004] Warning: An unbatched P2P op (send/recv) was called on this ProcessGroup with size 2.  In lazy initialization mode, this will result in a new 2-rank NCCL communicator to be created. (function operator())
[rank0]:[W508 08:34:39.148632400 ProcessGroupNCCL.cpp:4004] Warning: An unbatched P2P op (send/recv) was called on this ProcessGroup with size 2.  In lazy initialization mode, this will result in a new 2-rank NCCL communicator to be created. (function operator())
gen 0: [0, 0, 0, 0, 0, 0, 0, 0]
gen 1: [0, 0, 0, 0, 0, 0, 0, 0]
gen 2: [0, 0, 0, 0, 0, 0, 0, 0]
gen 3: [0, 0, 0, 0, 0, 0, 0, 0]
gen 4: [0, 0, 0, 0, 0, 0, 0, 0]
