===============================================================
[Mon May 11 08:19:23 AM UTC 2026] CHAIN START
===============================================================
[Mon May 11 08:19:23 AM UTC 2026] Stage A: PP adapter pressure test

===============================================================
[Mon May 11 08:19:23 AM UTC 2026] 175m_attn_res_L16_n8_pp8_vp2_adapter STEPS=1000 LBS=16 GBS=16
===============================================================
[Mon May 11 08:30:43 AM UTC 2026] 175m_attn_res_L16_n8_pp8_vp2_adapter done rc=0 step=6.43 loss=5.19987

===============================================================
[Mon May 11 08:30:43 AM UTC 2026] 175m_attn_res_L32_n8_pp8_vp2_adapter STEPS=1000 LBS=16 GBS=16
===============================================================
[Mon May 11 08:47:57 AM UTC 2026] 175m_attn_res_L32_n8_pp8_vp2_adapter done rc=0 step=9.98 loss=11.76178

===============================================================
[Mon May 11 08:47:57 AM UTC 2026] 175m_attn_res_L48_n8_pp8_vp2_adapter STEPS=1000 LBS=16 GBS=16
===============================================================
/root/torchtitan_attention_residual/phase3/run_pp_pressure_test.sh: line 105: 1929137 Killed                  env $cache_arg ATTNRES_DBG=0 PYTORCH_ALLOC_CONF="expandable_segments:True" torchrun --nproc_per_node="$NGPU" --rdzv_backend c10d --rdzv_endpoint=localhost:0 --local-ranks-filter 7 --role rank --tee 3 -m torchtitan.train --module attn_res --config "llama3_${cfg}" --training.steps "$STEPS" --training.local_batch_size "$lbs" --training.global_batch_size "$gbs" --parallelism.pipeline_parallel_degree "$pp" --parallelism.pipeline_parallel_schedule "Interleaved1F1B" --parallelism.pipeline_parallel_layers_per_stage "$layers_per_stage" --parallelism.pipeline_parallel_first_stage_less_layers 0 --parallelism.pipeline_parallel_last_stage_less_layers 0 --dump_folder "$out_dir" --metrics.save_tb_folder tb > "$out_dir/train.log" 2>&1
[Mon May 11 09:05:03 AM UTC 2026] 175m_attn_res_L48_n8_pp8_vp2_adapter done rc=137 step=12.74 loss=11.76178

PRESSURE TEST DONE. Summary at /root/torchtitan_attention_residual/phase3/runs/pressure_test_20260511-0819/SUMMARY.md
# PP Pressure Test — 20260511-0819

steps=1000 ngpu=8

| config | PP | VP | LBS | GBS | mode | avg step time (s) | final loss | out dir |
|---|---|---|---|---|---|---|---|---|
| 175m_attn_res_L16_n8 | 8 | 2 | 16 | 16 | adapter | 6.43 | 5.19987 | 175m_attn_res_L16_n8_pp8_vp2_adapter |
| 175m_attn_res_L32_n8 | 8 | 2 | 16 | 16 | adapter | 9.98 | 11.76178 | 175m_attn_res_L32_n8_pp8_vp2_adapter |
| 175m_attn_res_L48_n8 | 8 | 2 | 16 | 16 | adapter | 12.74 | 11.76178 | 175m_attn_res_L48_n8_pp8_vp2_adapter |
[Mon May 11 09:05:03 AM UTC 2026] Stage A done
[Mon May 11 09:05:03 AM UTC 2026] PP sweep summary at /root/torchtitan_attention_residual/phase3/runs/pressure_test_20260511-0819/SUMMARY.md
[Mon May 11 09:05:03 AM UTC 2026] Stage B: SFT 3ep continuation
===============================================================
[Mon May 11 09:06:19 AM UTC 2026] CHAIN START
===============================================================
[Mon May 11 09:06:19 AM UTC 2026] Stage A: PP adapter pressure test

===============================================================
[Mon May 11 09:06:19 AM UTC 2026] 175m_attn_res_L16_n8_pp8_vp2_adapter STEPS=1000 LBS=16 GBS=16
===============================================================
[Mon May 11 09:17:40 AM UTC 2026] 175m_attn_res_L16_n8_pp8_vp2_adapter done rc=0 step=6.44 loss=5.20067

===============================================================
[Mon May 11 09:17:40 AM UTC 2026] 175m_attn_res_L16_n8_pp4_vp2_adapter STEPS=1000 LBS=8 GBS=8
===============================================================
[Mon May 11 09:17:56 AM UTC 2026] 175m_attn_res_L16_n8_pp4_vp2_adapter done rc=1 step=? loss=?

===============================================================
[Mon May 11 09:17:56 AM UTC 2026] 175m_attn_res_L16_n8_pp4_vp4_adapter STEPS=1000 LBS=16 GBS=16
===============================================================
[Mon May 11 09:18:13 AM UTC 2026] 175m_attn_res_L16_n8_pp4_vp4_adapter done rc=1 step=? loss=?

PRESSURE TEST DONE. Summary at /root/torchtitan_attention_residual/phase3/runs/pressure_test_20260511-0906/SUMMARY.md
# PP Pressure Test — 20260511-0906

steps=1000 ngpu=8

| config | PP | VP | LBS | GBS | mode | avg step time (s) | final loss | out dir |
|---|---|---|---|---|---|---|---|---|
| 175m_attn_res_L16_n8 | 8 | 2 | 16 | 16 | adapter | 6.44 | 5.20067 | 175m_attn_res_L16_n8_pp8_vp2_adapter |
| 175m_attn_res_L16_n8 | 4 | 2 | 8 | 8 | adapter | ? | ? | 175m_attn_res_L16_n8_pp4_vp2_adapter |
| 175m_attn_res_L16_n8 | 4 | 4 | 16 | 16 | adapter | ? | ? | 175m_attn_res_L16_n8_pp4_vp4_adapter |
[Mon May 11 09:18:13 AM UTC 2026] Stage A done
[Mon May 11 09:18:13 AM UTC 2026] PP sweep summary at /root/torchtitan_attention_residual/phase3/runs/pressure_test_20260511-0906/SUMMARY.md
[Mon May 11 09:18:13 AM UTC 2026] Stage B: SFT 3ep continuation
[Mon May 11 11:34:27 AM UTC 2026] Stage B done
[Mon May 11 11:34:27 AM UTC 2026] Stage C: GRPO via run_stage3.sh
[Mon May 11 11:35:08 AM UTC 2026] Stage C done
[Mon May 11 11:35:08 AM UTC 2026] CHAIN COMPLETE
