Wrote 11298334 collective rows to phase5/runs/v10_3d_lbs160_mb10_continue_8gpu_from_p4_step8000/tier_b_trace/collective_summary.csv
Per-(op, size_bucket, nranks) histogram:
  AllReduce            1-16MB     nranks= 2  count=2945876
  Recv                 1-16MB     nranks= 2  count=1851617
  Send                 1-16MB     nranks= 2  count=1851593
  AllGather            16-256MB   nranks= 2  count=1668381
  ReduceScatter        16-256MB   nranks= 2  count=1430563
  Recv                 0          nranks= 2  count=504977
  Send                 0          nranks= 2  count=504971
  AllReduce            <1KB       nranks= 2  count=103350
  AllGather            1-16MB     nranks= 2  count=91527
  ReduceScatter        1-16MB     nranks= 2  count=91498
  AllGather            256MB+     nranks= 2  count=84207
  AllGather            1-64KB     nranks= 2  count=84191
  ReduceScatter        1-64KB     nranks= 2  count=84191
  Recv                 <1KB       nranks= 2  count=448
  Send                 <1KB       nranks= 2  count=448
  AllGather            <1KB       nranks= 8  count=128
  Recv                 64KB-1MB   nranks= 8  count=84
  Send                 64KB-1MB   nranks= 8  count=84
  Broadcast            <1KB       nranks= 8  count=64
  Recv                 <1KB       nranks= 8  count=42
  Send                 <1KB       nranks= 8  count=42
  Broadcast            1-16MB     nranks= 8  count=16
  Recv                 1-64KB     nranks= 8  count=14
  Send                 1-64KB     nranks= 8  count=14
  AllReduce            <1KB       nranks= 8  count=8
