W0506 10:05:14.571000 2306551 site-packages/torch/distributed/run.py:851] 
W0506 10:05:14.571000 2306551 site-packages/torch/distributed/run.py:851] *****************************************
W0506 10:05:14.571000 2306551 site-packages/torch/distributed/run.py:851] Setting OMP_NUM_THREADS environment variable for each process to be 1 in default, to avoid your system being overloaded, please further tune the variable for optimal performance in your application as needed. 
W0506 10:05:14.571000 2306551 site-packages/torch/distributed/run.py:851] *****************************************
[infer] world=8 rank=0 device=cuda:0
[infer] mesh: FSDP=4 TP=2 EP=2 (PP=1, CP=1)
[rank6]:W0506 10:05:30.045000 2306626 site-packages/torch/distributed/tensor/_random.py:212] DTensor is synchronizing RNG states of every rank with the state from rank 0. This behavior is deprecated. Please call `torch.manual_seed()` on every rank that participates in SPMD DTensor Operations with the same seed. If using Pipeline Parallelism, each pipeling state would use a different seed, but all ranks belonging to one pipeline stage would use the same seed.
[rank4]:W0506 10:05:30.046000 2306624 site-packages/torch/distributed/tensor/_random.py:212] DTensor is synchronizing RNG states of every rank with the state from rank 0. This behavior is deprecated. Please call `torch.manual_seed()` on every rank that participates in SPMD DTensor Operations with the same seed. If using Pipeline Parallelism, each pipeling state would use a different seed, but all ranks belonging to one pipeline stage would use the same seed.
[rank5]:W0506 10:05:30.046000 2306625 site-packages/torch/distributed/tensor/_random.py:212] DTensor is synchronizing RNG states of every rank with the state from rank 0. This behavior is deprecated. Please call `torch.manual_seed()` on every rank that participates in SPMD DTensor Operations with the same seed. If using Pipeline Parallelism, each pipeling state would use a different seed, but all ranks belonging to one pipeline stage would use the same seed.
[rank7]:W0506 10:05:30.049000 2306627 site-packages/torch/distributed/tensor/_random.py:212] DTensor is synchronizing RNG states of every rank with the state from rank 0. This behavior is deprecated. Please call `torch.manual_seed()` on every rank that participates in SPMD DTensor Operations with the same seed. If using Pipeline Parallelism, each pipeling state would use a different seed, but all ranks belonging to one pipeline stage would use the same seed.
[rank1]:W0506 10:05:30.049000 2306621 site-packages/torch/distributed/tensor/_random.py:212] DTensor is synchronizing RNG states of every rank with the state from rank 0. This behavior is deprecated. Please call `torch.manual_seed()` on every rank that participates in SPMD DTensor Operations with the same seed. If using Pipeline Parallelism, each pipeling state would use a different seed, but all ranks belonging to one pipeline stage would use the same seed.
[rank2]:W0506 10:05:30.051000 2306622 site-packages/torch/distributed/tensor/_random.py:212] DTensor is synchronizing RNG states of every rank with the state from rank 0. This behavior is deprecated. Please call `torch.manual_seed()` on every rank that participates in SPMD DTensor Operations with the same seed. If using Pipeline Parallelism, each pipeling state would use a different seed, but all ranks belonging to one pipeline stage would use the same seed.
[rank3]:W0506 10:05:30.057000 2306623 site-packages/torch/distributed/tensor/_random.py:212] DTensor is synchronizing RNG states of every rank with the state from rank 0. This behavior is deprecated. Please call `torch.manual_seed()` on every rank that participates in SPMD DTensor Operations with the same seed. If using Pipeline Parallelism, each pipeling state would use a different seed, but all ranks belonging to one pipeline stage would use the same seed.
[infer] loading DCP from /root/torchtitan_attention_residual/phase4/runs/kimi_436m_block_attn_res_fsdp/checkpoint/step-8000 (state_dict keys: 424)
[infer] loading DCP from /root/torchtitan_attention_residual/phase4/runs/kimi_436m_block_attn_res_fsdp/checkpoint/step-8000 (state_dict keys: 424)
[infer] loading DCP from /root/torchtitan_attention_residual/phase4/runs/kimi_436m_block_attn_res_fsdp/checkpoint/step-8000 (state_dict keys: 424)
[infer] loading DCP from /root/torchtitan_attention_residual/phase4/runs/kimi_436m_block_attn_res_fsdp/checkpoint/step-8000 (state_dict keys: 424)
[infer] loading DCP from /root/torchtitan_attention_residual/phase4/runs/kimi_436m_block_attn_res_fsdp/checkpoint/step-8000 (state_dict keys: 424)
[infer] loading DCP from /root/torchtitan_attention_residual/phase4/runs/kimi_436m_block_attn_res_fsdp/checkpoint/step-8000 (state_dict keys: 424)
[infer] loading DCP from /root/torchtitan_attention_residual/phase4/runs/kimi_436m_block_attn_res_fsdp/checkpoint/step-8000 (state_dict keys: 424)
[infer] loading DCP from /root/torchtitan_attention_residual/phase4/runs/kimi_436m_block_attn_res_fsdp/checkpoint/step-8000 (state_dict keys: 424)
[infer] model params: 1,393,005,756
[infer] starting 100 forward batches (micro_bs=2, seq_len=4096)
[infer] step=  5/100 logits_max=19.88 t=8.5s
[infer] step= 10/100 logits_max=20.50 t=10.9s
[infer] step= 15/100 logits_max=19.00 t=13.3s
[infer] step= 20/100 logits_max=19.88 t=15.7s
[infer] step= 25/100 logits_max=20.62 t=18.1s
[infer] step= 30/100 logits_max=20.00 t=20.5s
[infer] step= 35/100 logits_max=20.50 t=22.9s
[infer] step= 40/100 logits_max=20.38 t=25.3s
[infer] step= 45/100 logits_max=19.50 t=27.7s
[infer] step= 50/100 logits_max=19.62 t=30.1s
[infer] step= 55/100 logits_max=18.00 t=32.5s
[infer] step= 60/100 logits_max=17.75 t=34.9s
[infer] step= 65/100 logits_max=21.12 t=37.3s
[infer] step= 70/100 logits_max=19.25 t=39.7s
[infer] step= 75/100 logits_max=20.50 t=42.1s
[infer] step= 80/100 logits_max=19.88 t=44.5s
[infer] step= 85/100 logits_max=19.00 t=46.9s
[infer] step= 90/100 logits_max=19.62 t=49.3s
[infer] step= 95/100 logits_max=19.50 t=51.7s
[infer] step=100/100 logits_max=24.00 t=54.1s
[infer] DONE 100 steps in 54.1s
/venv/main/lib/python3.14/site-packages/torch/distributed/c10d_logger.py:83: UserWarning: barrier(): using the device under current context. You can specify `device_id` in `init_process_group` to mute this warning.
  return func(*args, **kwargs)
